08:34:15.589 [main                     ] DEBUG Logger               - Configured Logger
08:34:15.595 [main                     ] DEBUG GameApplication      - Logging settings
Title: bvb
Version: 0.0
Width: 800
Height: 600
Fullscreen: false
Intro: false
Profiling: false
Single step:false
App Mode: DEVELOPER
Menu Key: ESCAPE
Stage Style: DECORATED
Scene Factory: class com.almasb.fxgl.app.scene.SceneFactory

08:34:15.896 [JavaFX Application Thread] DEBUG FXGLApplication      - Initializing FXGL
08:34:15.899 [JavaFX Application Thread] INFO  Engine               - FXGL-17.3 (30.03.2023 11.49) on WINDOWS (J:25 FX:21.0.6)
08:34:15.899 [JavaFX Application Thread] DEBUG Engine               - JRE Vendor Name: Oracle Corporation
08:34:15.900 [JavaFX Application Thread] DEBUG Engine               - Running on OS: Windows 11 version 10.0
08:34:15.900 [JavaFX Application Thread] DEBUG Engine               - Architecture: amd64
08:34:15.900 [JavaFX Application Thread] INFO  Engine               - Source code and latest versions at: https://github.com/AlmasB/FXGL
08:34:15.900 [JavaFX Application Thread] INFO  Engine               -       Ask questions and discuss at: https://github.com/AlmasB/FXGL/discussions
08:34:15.900 [JavaFX Application Thread] INFO  Engine               -              Join the FXGL chat at: https://gitter.im/AlmasB/FXGL
08:34:15.963 [JavaFX Application Thread] DEBUG PrimaryStageWindow   - Creating a JavaFX scene
08:34:15.997 [JavaFX Application Thread] DEBUG PrimaryStageWindow   - Target settings size: 800.0 x 600.0
08:34:15.997 [JavaFX Application Thread] DEBUG PrimaryStageWindow   - Scaled scene size:    800.0 x 600.0
08:34:15.997 [JavaFX Application Thread] DEBUG PrimaryStageWindow   - Scaled ratio: (1.0, 1.0)
08:34:15.998 [JavaFX Application Thread] DEBUG PrimaryStageWindow   - Set initial scene to FXGLStartupScene
08:34:16.000 [JavaFX Application Thread] DEBUG PrimaryStageWindow   - Opening main window
08:34:16.068 [JavaFX Application Thread] DEBUG PrimaryStageWindow   - Window border size: (14.4000244140625, 37.5999755859375)
08:34:16.068 [JavaFX Application Thread] DEBUG PrimaryStageWindow   - Scaled size: 800.0 x 600.0
08:34:16.068 [JavaFX Application Thread] DEBUG PrimaryStageWindow   - Scaled ratio: (1.0, 1.0)
08:34:16.068 [JavaFX Application Thread] DEBUG PrimaryStageWindow   - Scene size: 800.0 x 600.0
08:34:16.069 [JavaFX Application Thread] DEBUG PrimaryStageWindow   - Stage size: 814.4000244140625 x 637.5999755859375
08:34:16.074 [FXGL Background Thread 1 ] DEBUG Engine               - Initializing environment variables
08:34:16.116 [FXGL Background Thread 1 ] DEBUG FXGLAssetLoaderServi - User app class for loading assets: class at.htl.blaetter_vs_beiser.start
08:34:16.116 [FXGL Background Thread 1 ] DEBUG GameApplicationServi - Applying CSS: fxgl_dark.css
08:34:16.116 [FXGL Background Thread 1 ] DEBUG FXGLAssetLoaderServi - Loading from file system: jar:file:///C:/Users/grube/.m2/repository/com/github/almasb/fxgl/17.3/fxgl-17.3.jar!/fxglassets/ui/css/fxgl_dark.css
08:34:16.148 [FXGL Background Thread 1 ] DEBUG GameApplicationServi - Initializing application scenes
08:34:16.171 [FXGL Background Thread 1 ] DEBUG GameWorld            - Game world initialized
08:34:16.206 [FXGL Background Thread 1 ] DEBUG PhysicsWorld         - Physics world initialized: appHeight=600, physics.ppm=50,0
08:34:16.206 [FXGL Background Thread 1 ] DEBUG PhysicsWorld         - Using strategy: BRUTE_FORCE
08:34:16.209 [FXGL Background Thread 1 ] DEBUG GameScene            - Game scene initialized: 800x600
08:34:16.218 [FXGL Background Thread 1 ] DEBUG FXGL.DefaultMenu     - createMenuBodyGameMenu()
08:34:16.229 [FXGL Background Thread 1 ] DEBUG FXGL.DefaultMenu     - createOptionsMenu()
08:34:16.237 [FXGL Background Thread 1 ] DEBUG FXGLAssetLoaderServi - Loading from file system: jar:file:///C:/Users/grube/.m2/repository/com/github/almasb/fxgl/17.3/fxgl-17.3.jar!/fxglassets/textures/particles/smoke.png
08:34:16.290 [FXGL Background Thread 1 ] DEBUG FXGLAssetLoaderServi - Loading from file system: jar:file:///C:/Users/grube/.m2/repository/com/github/almasb/fxgl/17.3/fxgl-17.3.jar!/fxglassets/textures/particles/trace_horizontal.png
08:34:16.310 [FXGL Background Thread 1 ] DEBUG GameApplicationServi - Application scenes initialized
08:34:16.319 [FXGL Background Thread 1 ] DEBUG SystemBundleService  - Loading FXGL system data
08:34:16.320 [FXGL Background Thread 1 ] WARN  SystemBundleService  - Failed to load: java.io.FileNotFoundException: C:\Users\grube\OneDrive - HTL Saalfelden\Desktop\Pos\Pos3\IntelliJ\Bl-tter_vs_Beiser\blaetter_vs_beiser\system\fxgl.bundle (Das System kann die angegebene Datei nicht finden)
08:34:16.321 [FXGL Background Thread 1 ] DEBUG SystemBundleService  - Loading default FXGL system data
08:34:16.321 [FXGL Background Thread 1 ] DEBUG UpdaterService       - Checking for updates
08:34:16.324 [FXGL Background Thread 4 ] DEBUG FXGLApplication      - Loading fonts
08:34:16.324 [FXGL Background Thread 1 ] DEBUG FXGLApplication      - Loading default localization
08:34:16.324 [FXGL Background Thread 4 ] DEBUG FXGLAssetLoaderServi - Loading from file system: jar:file:///C:/Users/grube/.m2/repository/com/github/almasb/fxgl/17.3/fxgl-17.3.jar!/fxglassets/ui/fonts/VarelaRound-Regular.ttf
08:34:16.325 [FXGL Background Thread 1 ] DEBUG FXGLAssetLoaderServi - Loading from file system: jar:file:///C:/Users/grube/.m2/repository/com/github/almasb/fxgl/17.3/fxgl-17.3.jar!/fxglassets/languages/english.lang
08:34:16.336 [FXGL Background Thread 1 ] INFO  FXGLApplication      - FXGL initialization took: 0,261 sec
08:34:16.337 [JavaFX Application Thread] DEBUG FXGLAssetLoaderServi - Loading from file system: jar:file:///C:/Users/grube/.m2/repository/com/github/almasb/fxgl/17.3/fxgl-17.3.jar!/fxglassets/textures/fxgl_icon.png
08:34:16.354 [JavaFX Application Thread] DEBUG FXGLAssetLoaderServi - Loading from file system: jar:file:///C:/Users/grube/.m2/repository/com/github/almasb/fxgl/17.3/fxgl-17.3.jar!/fxglassets/textures/fxgl_default_cursor.png
08:34:16.359 [FXGL Background Thread 4 ] DEBUG FXGLAssetLoaderServi - Loading from file system: jar:file:///C:/Users/grube/.m2/repository/com/github/almasb/fxgl/17.3/fxgl-17.3.jar!/fxglassets/ui/fonts/Abel-Regular.ttf
08:34:16.362 [JavaFX Application Thread] DEBUG Input                - Registered new binding: Screenshot - CTRL+8
08:34:16.362 [JavaFX Application Thread] DEBUG Input                - Registered new binding: System info dump - CTRL+9
08:34:16.363 [JavaFX Application Thread] DEBUG Input                - Registered new binding: Restart - CTRL+R
08:34:16.363 [JavaFX Application Thread] DEBUG Input                - Registered new binding: Toggle Debug Camera - CTRL+7
08:34:16.365 [JavaFX Application Thread] DEBUG LoopRunner           - Starting loop
08:34:16.365 [JavaFX Application Thread] DEBUG LoopRunner           - Initializing JavaFX AnimationTimerLoop
08:34:16.365 [JavaFX Application Thread] DEBUG GameApplicationServi - Starting new game
08:34:16.367 [JavaFX Application Thread] DEBUG Input                - Clearing active input actions
08:34:16.371 [FXGL Background Thread 4 ] DEBUG FXGLAssetLoaderServi - Loading from file system: jar:file:///C:/Users/grube/.m2/repository/com/github/almasb/fxgl/17.3/fxgl-17.3.jar!/fxglassets/ui/fonts/TerminalLandMono-Regular.otf
08:34:16.376 [JavaFX Application Thread] DEBUG GameApplicationServi - Removing overlay from FXGLStartupScene and adding to FXGLLoadingScene
08:34:16.376 [JavaFX Application Thread] DEBUG PrimaryStageWindow   - FXGLStartupScene -> FXGLLoadingScene
08:34:16.376 [JavaFX Application Thread] DEBUG GameApplicationServi - Clearing previous game
08:34:16.376 [JavaFX Application Thread] DEBUG GameScene            - Clearing game scene
08:34:16.376 [JavaFX Application Thread] DEBUG GameWorld            - Clearing game world
08:34:16.376 [JavaFX Application Thread] DEBUG PhysicsWorld         - Clearing physics world
08:34:16.378 [FXGL Background Thread 1 ] DEBUG FXGLApplication      - Initializing game
08:34:16.379 [FXGL Background Thread 1 ] INFO  FXGLApplication      - Game initialization took: 0,001 sec
08:34:16.379 [JavaFX Application Thread] DEBUG Input                - Clearing active input actions
08:34:16.384 [JavaFX Application Thread] DEBUG GameApplicationServi - Removing overlay from FXGLLoadingScene and adding to GameScene
08:34:16.384 [FXGL Background Thread 4 ] DEBUG FXGLAssetLoaderServi - Loading from file system: jar:file:///C:/Users/grube/.m2/repository/com/github/almasb/fxgl/17.3/fxgl-17.3.jar!/fxglassets/ui/fonts/Courier-Prime.ttf
08:34:16.385 [JavaFX Application Thread] DEBUG PrimaryStageWindow   - FXGLLoadingScene -> GameScene
08:34:16.401 [JavaFX Application Thread] DEBUG FXGLApplication      - Registering font factories with UI factory
08:34:16.667 [FXGL Background Thread 2 ] INFO  UpdaterService       - Your current version:  17.3
08:34:16.668 [FXGL Background Thread 2 ] INFO  UpdaterService       - Latest stable version: 25
08:34:17.174 [JavaFX Application Thread] DEBUG FXGLApplication      - Exiting FXGL
08:34:17.175 [JavaFX Application Thread] DEBUG LoopRunner           - Stopping loop
08:34:17.175 [JavaFX Application Thread] DEBUG SystemBundleService  - Saving FXGL system data
08:34:17.177 [JavaFX Application Thread] DEBUG FileSystemAccess     - Writing to: C:\Users\grube\OneDrive - HTL Saalfelden\Desktop\Pos\Pos3\IntelliJ\Bl-tter_vs_Beiser\blaetter_vs_beiser\system\fxgl.bundle
08:34:17.181 [JavaFX Application Thread] DEBUG Async                - Shutting down background threads
08:34:17.181 [JavaFX Application Thread] DEBUG PrimaryStageWindow   - Closing main window
08:34:17.191 [JavaFX Application Thread] DEBUG Logger               - Closing Logger
