17:39:42.756 [main                     ] DEBUG Logger               - Configured Logger
17:39:42.767 [main                     ] DEBUG GameApplication      - Logging settings
Title: BvB
Version: 0.0
Width: 800
Height: 600
Fullscreen: true
Intro: false
Profiling: false
Single step:false
App Mode: DEVELOPER
Menu Key: ESCAPE
Stage Style: DECORATED
Scene Factory: class com.almasb.fxgl.app.scene.SceneFactory

17:39:43.335 [JavaFX Application Thread] DEBUG FXGLApplication      - Initializing FXGL
17:39:43.339 [JavaFX Application Thread] INFO  Engine               - FXGL-17.3 (30.03.2023 11.49) on WINDOWS (J:25.0.2 FX:21.0.6)
17:39:43.340 [JavaFX Application Thread] DEBUG Engine               - JRE Vendor Name: Oracle Corporation
17:39:43.340 [JavaFX Application Thread] DEBUG Engine               - Running on OS: Windows 11 version 10.0
17:39:43.340 [JavaFX Application Thread] DEBUG Engine               - Architecture: amd64
17:39:43.340 [JavaFX Application Thread] INFO  Engine               - Source code and latest versions at: https://github.com/AlmasB/FXGL
17:39:43.341 [JavaFX Application Thread] INFO  Engine               -       Ask questions and discuss at: https://github.com/AlmasB/FXGL/discussions
17:39:43.341 [JavaFX Application Thread] INFO  Engine               -              Join the FXGL chat at: https://gitter.im/AlmasB/FXGL
17:39:43.508 [JavaFX Application Thread] DEBUG PrimaryStageWindow   - Creating a JavaFX scene
17:39:43.584 [JavaFX Application Thread] DEBUG PrimaryStageWindow   - Target settings size: 800.0 x 600.0
17:39:43.584 [JavaFX Application Thread] DEBUG PrimaryStageWindow   - Scaled scene size:    800.0 x 600.0
17:39:43.584 [JavaFX Application Thread] DEBUG PrimaryStageWindow   - Scaled ratio: (1.0, 1.0)
17:39:43.586 [JavaFX Application Thread] DEBUG PrimaryStageWindow   - Set initial scene to FXGLStartupScene
17:39:43.593 [JavaFX Application Thread] DEBUG PrimaryStageWindow   - Opening main window
17:39:43.739 [JavaFX Application Thread] DEBUG PrimaryStageWindow   - Window border size: (14.4000244140625, 37.5999755859375)
17:39:43.739 [JavaFX Application Thread] DEBUG PrimaryStageWindow   - Scaled size: 800.0 x 600.0
17:39:43.739 [JavaFX Application Thread] DEBUG PrimaryStageWindow   - Scaled ratio: (1.0, 1.0)
17:39:43.740 [JavaFX Application Thread] DEBUG PrimaryStageWindow   - Scene size: 800.0 x 600.0
17:39:43.740 [JavaFX Application Thread] DEBUG PrimaryStageWindow   - Stage size: 814.4000244140625 x 637.5999755859375
17:39:43.807 [JavaFX Application Thread] DEBUG PrimaryStageWindow   - Going fullscreen
17:39:43.822 [FXGL Background Thread 1 ] DEBUG Engine               - Initializing environment variables
17:39:43.902 [FXGL Background Thread 1 ] DEBUG FXGLAssetLoaderServi - User app class for loading assets: class at.htl.blaetter_vs_beiser.Start
17:39:43.902 [FXGL Background Thread 1 ] DEBUG GameApplicationServi - Applying CSS: fxgl_dark.css
17:39:43.903 [FXGL Background Thread 1 ] DEBUG FXGLAssetLoaderServi - Loading from file system: jar:file:/C:/Users/golde/.m2/repository/com/github/almasb/fxgl/17.3/fxgl-17.3.jar!/fxglassets/ui/css/fxgl_dark.css
17:39:43.963 [FXGL Background Thread 1 ] DEBUG GameApplicationServi - Initializing application scenes
17:39:44.007 [FXGL Background Thread 1 ] DEBUG GameWorld            - Game world initialized
17:39:44.091 [FXGL Background Thread 1 ] DEBUG PhysicsWorld         - Physics world initialized: appHeight=600, physics.ppm=50,0
17:39:44.092 [FXGL Background Thread 1 ] DEBUG PhysicsWorld         - Using strategy: BRUTE_FORCE
17:39:44.096 [FXGL Background Thread 1 ] DEBUG GameScene            - Game scene initialized: 800x600
17:39:44.112 [FXGL Background Thread 1 ] DEBUG FXGL.DefaultMenu     - createMenuBodyGameMenu()
17:39:44.134 [FXGL Background Thread 1 ] DEBUG FXGL.DefaultMenu     - createOptionsMenu()
17:39:44.148 [FXGL Background Thread 1 ] DEBUG FXGLAssetLoaderServi - Loading from file system: jar:file:/C:/Users/golde/.m2/repository/com/github/almasb/fxgl/17.3/fxgl-17.3.jar!/fxglassets/textures/particles/smoke.png
17:39:44.262 [FXGL Background Thread 1 ] DEBUG FXGLAssetLoaderServi - Loading from file system: jar:file:/C:/Users/golde/.m2/repository/com/github/almasb/fxgl/17.3/fxgl-17.3.jar!/fxglassets/textures/particles/trace_horizontal.png
17:39:44.298 [FXGL Background Thread 1 ] DEBUG GameApplicationServi - Application scenes initialized
17:39:44.313 [FXGL Background Thread 1 ] DEBUG SystemBundleService  - Loading FXGL system data
17:39:44.319 [FXGL Background Thread 1 ] DEBUG FileSystemAccess     - Reading from: C:\Users\golde\POS\Blaetter_vs_Beiser_neu\system\fxgl.bundle
17:39:44.328 [FXGL Background Thread 1 ] DEBUG SystemBundleService  - Bundle FXGL: {}
17:39:44.328 [FXGL Background Thread 1 ] DEBUG UpdaterService       - Checking for updates
17:39:44.334 [FXGL Background Thread 4 ] DEBUG FXGLApplication      - Loading fonts
17:39:44.334 [FXGL Background Thread 4 ] DEBUG FXGLAssetLoaderServi - Loading from file system: jar:file:/C:/Users/golde/.m2/repository/com/github/almasb/fxgl/17.3/fxgl-17.3.jar!/fxglassets/ui/fonts/VarelaRound-Regular.ttf
17:39:44.335 [FXGL Background Thread 1 ] DEBUG FXGLApplication      - Loading default localization
17:39:44.335 [FXGL Background Thread 1 ] DEBUG FXGLAssetLoaderServi - Loading from file system: jar:file:/C:/Users/golde/.m2/repository/com/github/almasb/fxgl/17.3/fxgl-17.3.jar!/fxglassets/languages/english.lang
17:39:44.357 [FXGL Background Thread 1 ] INFO  FXGLApplication      - FXGL initialization took: 0,535 sec
17:39:44.360 [JavaFX Application Thread] DEBUG FXGLAssetLoaderServi - Loading from file system: jar:file:/C:/Users/golde/.m2/repository/com/github/almasb/fxgl/17.3/fxgl-17.3.jar!/fxglassets/textures/fxgl_icon.png
17:39:44.397 [JavaFX Application Thread] DEBUG FXGLAssetLoaderServi - Loading from file system: jar:file:/C:/Users/golde/.m2/repository/com/github/almasb/fxgl/17.3/fxgl-17.3.jar!/fxglassets/textures/fxgl_default_cursor.png
17:39:44.401 [FXGL Background Thread 4 ] DEBUG FXGLAssetLoaderServi - Loading from file system: jar:file:/C:/Users/golde/.m2/repository/com/github/almasb/fxgl/17.3/fxgl-17.3.jar!/fxglassets/ui/fonts/Abel-Regular.ttf
17:39:44.414 [JavaFX Application Thread] DEBUG Input                - Registered new binding: Screenshot - CTRL+8
17:39:44.415 [JavaFX Application Thread] DEBUG Input                - Registered new binding: System info dump - CTRL+9
17:39:44.415 [JavaFX Application Thread] DEBUG Input                - Registered new binding: Restart - CTRL+R
17:39:44.416 [JavaFX Application Thread] DEBUG Input                - Registered new binding: Toggle Debug Camera - CTRL+7
17:39:44.417 [FXGL Background Thread 4 ] DEBUG FXGLAssetLoaderServi - Loading from file system: jar:file:/C:/Users/golde/.m2/repository/com/github/almasb/fxgl/17.3/fxgl-17.3.jar!/fxglassets/ui/fonts/TerminalLandMono-Regular.otf
17:39:44.421 [JavaFX Application Thread] DEBUG LoopRunner           - Starting loop
17:39:44.421 [JavaFX Application Thread] DEBUG LoopRunner           - Initializing JavaFX AnimationTimerLoop
17:39:44.423 [JavaFX Application Thread] DEBUG GameApplicationServi - Starting new game
17:39:44.424 [JavaFX Application Thread] DEBUG Input                - Clearing active input actions
17:39:44.434 [FXGL Background Thread 4 ] DEBUG FXGLAssetLoaderServi - Loading from file system: jar:file:/C:/Users/golde/.m2/repository/com/github/almasb/fxgl/17.3/fxgl-17.3.jar!/fxglassets/ui/fonts/Courier-Prime.ttf
17:39:44.439 [JavaFX Application Thread] DEBUG GameApplicationServi - Removing overlay from FXGLStartupScene and adding to FXGLLoadingScene
17:39:44.439 [JavaFX Application Thread] DEBUG PrimaryStageWindow   - FXGLStartupScene -> FXGLLoadingScene
17:39:44.439 [JavaFX Application Thread] DEBUG GameApplicationServi - Clearing previous game
17:39:44.439 [JavaFX Application Thread] DEBUG GameScene            - Clearing game scene
17:39:44.439 [JavaFX Application Thread] DEBUG GameWorld            - Clearing game world
17:39:44.439 [JavaFX Application Thread] DEBUG PhysicsWorld         - Clearing physics world
17:39:44.441 [FXGL Background Thread 1 ] DEBUG FXGLApplication      - Initializing game
17:39:44.444 [FXGL Background Thread 1 ] DEBUG FXGLAssetLoaderServi - Loading from file system: file:/C:/Users/golde/POS/Blaetter_vs_Beiser_neu/Blaetter_vs_Beiser/blaetter_vs_beiser/target/classes/assets/textures/Background.png
17:39:44.493 [JavaFX Application Thread] DEBUG FXGLApplication      - Registering font factories with UI factory
17:39:44.557 [FXGL Background Thread 1 ] DEBUG FXGLAssetLoaderServi - Loading from file system: file:/C:/Users/golde/POS/Blaetter_vs_Beiser_neu/Blaetter_vs_Beiser/blaetter_vs_beiser/target/classes/assets/textures/Zombie3.png
17:39:44.597 [FXGL Background Thread 1 ] DEBUG FXGLAssetLoaderServi - Loading from file system: file:/C:/Users/golde/POS/Blaetter_vs_Beiser_neu/Blaetter_vs_Beiser/blaetter_vs_beiser/target/classes/assets/textures/Mousecursor.png
17:39:44.602 [FXGL Background Thread 1 ] DEBUG FXGLAssetLoaderServi - Loading from file system: file:/C:/Users/golde/POS/Blaetter_vs_Beiser_neu/Blaetter_vs_Beiser/blaetter_vs_beiser/target/classes/assets/textures/Sun.png
17:39:44.623 [FXGL Background Thread 1 ] DEBUG FXGLAssetLoaderServi - Loading from file system: file:/C:/Users/golde/POS/Blaetter_vs_Beiser_neu/Blaetter_vs_Beiser/blaetter_vs_beiser/target/classes/assets/textures/Plants/Peashooter.png
17:39:44.649 [FXGL Background Thread 1 ] DEBUG FXGLAssetLoaderServi - Loading from file system: file:/C:/Users/golde/POS/Blaetter_vs_Beiser_neu/Blaetter_vs_Beiser/blaetter_vs_beiser/target/classes/assets/textures/Plants/Sunflower.png
17:39:44.665 [FXGL Background Thread 1 ] DEBUG FXGLAssetLoaderServi - Loading from file system: file:/C:/Users/golde/POS/Blaetter_vs_Beiser_neu/Blaetter_vs_Beiser/blaetter_vs_beiser/target/classes/assets/textures/Plants/Wallnut.png
17:39:44.679 [FXGL Background Thread 1 ] DEBUG FXGLAssetLoaderServi - Loading from file system: file:/C:/Users/golde/POS/Blaetter_vs_Beiser_neu/Blaetter_vs_Beiser/blaetter_vs_beiser/target/classes/assets/textures/Plants/Potatomine.png
17:39:44.692 [FXGL Background Thread 1 ] DEBUG FXGLAssetLoaderServi - Loading from file system: file:/C:/Users/golde/POS/Blaetter_vs_Beiser_neu/Blaetter_vs_Beiser/blaetter_vs_beiser/target/classes/assets/textures/Plants/Cherrybomb.png
17:39:44.710 [FXGL Background Thread 1 ] DEBUG FXGLAssetLoaderServi - Loading from file system: file:/C:/Users/golde/POS/Blaetter_vs_Beiser_neu/Blaetter_vs_Beiser/blaetter_vs_beiser/target/classes/assets/textures/Plants/Snowpeashooter.png
17:39:44.750 [FXGL Background Thread 1 ] DEBUG FXGLAssetLoaderServi - Loading from file system: file:/C:/Users/golde/POS/Blaetter_vs_Beiser_neu/Blaetter_vs_Beiser/blaetter_vs_beiser/target/classes/assets/textures/Shovel.png
17:39:44.814 [FXGL Background Thread 1 ] INFO  FXGLApplication      - Game initialization took: 0,372 sec
17:39:44.815 [JavaFX Application Thread] DEBUG Input                - Clearing active input actions
17:39:44.828 [JavaFX Application Thread] DEBUG GameApplicationServi - Removing overlay from FXGLLoadingScene and adding to GameScene
17:39:44.829 [JavaFX Application Thread] DEBUG PrimaryStageWindow   - FXGLLoadingScene -> GameScene
17:39:45.285 [FXGL Background Thread 2 ] INFO  UpdaterService       - Your current version:  17.3
17:39:45.286 [FXGL Background Thread 2 ] INFO  UpdaterService       - Latest stable version: 25
17:39:47.332 [FXGL Background Thread 3 ] DEBUG Engine               - Logging environment variables
17:39:47.334 [FXGL Background Thread 3 ] DEBUG Engine               - achievements: []
17:39:47.334 [FXGL Background Thread 3 ] DEBUG Engine               - actualHeight: 864.0
17:39:47.334 [FXGL Background Thread 3 ] DEBUG Engine               - actualHeightProperty: ReadOnlyDoubleProperty [value: 864.0]
17:39:47.334 [FXGL Background Thread 3 ] DEBUG Engine               - actualWidth: 1536.0
17:39:47.334 [FXGL Background Thread 3 ] DEBUG Engine               - actualWidthProperty: ReadOnlyDoubleProperty [value: 1536.0]
17:39:47.334 [FXGL Background Thread 3 ] DEBUG Engine               - appIcon: fxgl_icon.png
17:39:47.334 [FXGL Background Thread 3 ] DEBUG Engine               - applicationMode: DEVELOPER
17:39:47.334 [FXGL Background Thread 3 ] DEBUG Engine               - cSSList: [fxgl_dark.css]
17:39:47.334 [FXGL Background Thread 3 ] DEBUG Engine               - collisionDetectionStrategy: BRUTE_FORCE
17:39:47.334 [FXGL Background Thread 3 ] DEBUG Engine               - configClass: Optional.empty
17:39:47.334 [FXGL Background Thread 3 ] DEBUG Engine               - credits: []
17:39:47.334 [FXGL Background Thread 3 ] DEBUG Engine               - defaultCursor: CursorInfo(imageName=fxgl_default_cursor.png, hotspotX=7.0, hotspotY=6.0)
17:39:47.335 [FXGL Background Thread 3 ] DEBUG Engine               - devBBoxColorProperty: ObjectProperty [value: 0xff0000ff]
17:39:47.335 [FXGL Background Thread 3 ] DEBUG Engine               - devEnableDebugCameraProperty: BooleanProperty [value: false]
17:39:47.335 [FXGL Background Thread 3 ] DEBUG Engine               - devSensorColorProperty: ObjectProperty [value: 0xffff00ff]
17:39:47.336 [FXGL Background Thread 3 ] DEBUG Engine               - devShowBBoxProperty: BooleanProperty [value: false]
17:39:47.336 [FXGL Background Thread 3 ] DEBUG Engine               - devShowPositionProperty: BooleanProperty [value: false]
17:39:47.336 [FXGL Background Thread 3 ] DEBUG Engine               - enabledMenuItems: []
17:39:47.336 [FXGL Background Thread 3 ] DEBUG Engine               - engineServices: [class com.almasb.fxgl.app.services.FXGLAssetLoaderService, class com.almasb.fxgl.app.FXGLApplication$GameApplicationService, class com.almasb.fxgl.app.services.FXGLDialogService, class com.almasb.fxgl.app.services.IOTaskExecutorService, class com.almasb.fxgl.io.FileSystemService, class com.almasb.fxgl.localization.LocalizationService, class com.almasb.fxgl.app.services.SystemBundleService, class com.almasb.fxgl.profile.SaveLoadService, class com.almasb.fxgl.ui.FXGLUIFactoryServiceProvider, class com.almasb.fxgl.ui.FXGLDialogFactoryServiceProvider, class com.almasb.fxgl.audio.AudioPlayer, class com.almasb.fxgl.notification.impl.NotificationServiceProvider, class com.almasb.fxgl.achievement.AchievementService, class com.almasb.fxgl.cutscene.CutsceneService, class com.almasb.fxgl.minigames.MiniGameService, class com.almasb.fxgl.net.NetService, class com.almasb.fxgl.app.services.UpdaterService, class com.almasb.fxgl.dev.DevService]
17:39:47.336 [FXGL Background Thread 3 ] DEBUG Engine               - fontGame: Abel-Regular.ttf
17:39:47.336 [FXGL Background Thread 3 ] DEBUG Engine               - fontMono: TerminalLandMono-Regular.otf
17:39:47.336 [FXGL Background Thread 3 ] DEBUG Engine               - fontSizeScaleUI: 1.0
17:39:47.336 [FXGL Background Thread 3 ] DEBUG Engine               - fontText: Courier-Prime.ttf
17:39:47.336 [FXGL Background Thread 3 ] DEBUG Engine               - fontUI: VarelaRound-Regular.ttf
17:39:47.336 [FXGL Background Thread 3 ] DEBUG Engine               - fullScreen: BooleanProperty [value: true]
17:39:47.336 [FXGL Background Thread 3 ] DEBUG Engine               - gameDifficulty: MEDIUM
17:39:47.336 [FXGL Background Thread 3 ] DEBUG Engine               - gameDifficultyProperty: ObjectProperty [value: MEDIUM]
17:39:47.336 [FXGL Background Thread 3 ] DEBUG Engine               - globalMusicVolume: 0.5
17:39:47.336 [FXGL Background Thread 3 ] DEBUG Engine               - globalMusicVolumeProperty: DoubleProperty [value: 0.5]
17:39:47.337 [FXGL Background Thread 3 ] DEBUG Engine               - globalSoundVolume: 0.5
17:39:47.337 [FXGL Background Thread 3 ] DEBUG Engine               - globalSoundVolumeProperty: DoubleProperty [value: 0.5]
17:39:47.337 [FXGL Background Thread 3 ] DEBUG Engine               - height: 600
17:39:47.337 [FXGL Background Thread 3 ] DEBUG Engine               - is3D: false
17:39:47.337 [FXGL Background Thread 3 ] DEBUG Engine               - isAndroid: false
17:39:47.337 [FXGL Background Thread 3 ] DEBUG Engine               - isBrowser: false
17:39:47.337 [FXGL Background Thread 3 ] DEBUG Engine               - isClickFeedbackEnabled: false
17:39:47.337 [FXGL Background Thread 3 ] DEBUG Engine               - isCloseConfirmation: false
17:39:47.337 [FXGL Background Thread 3 ] DEBUG Engine               - isDesktop: true
17:39:47.337 [FXGL Background Thread 3 ] DEBUG Engine               - isDeveloperMenuEnabled: false
17:39:47.337 [FXGL Background Thread 3 ] DEBUG Engine               - isEmbedded: false
17:39:47.337 [FXGL Background Thread 3 ] DEBUG Engine               - isEntityPreloadEnabled: true
17:39:47.337 [FXGL Background Thread 3 ] DEBUG Engine               - isExperimentalTiledLargeMap: false
17:39:47.337 [FXGL Background Thread 3 ] DEBUG Engine               - isFileSystemWriteAllowed: true
17:39:47.338 [FXGL Background Thread 3 ] DEBUG Engine               - isFullScreenAllowed: true
17:39:47.338 [FXGL Background Thread 3 ] DEBUG Engine               - isFullScreenFromStart: true
17:39:47.338 [FXGL Background Thread 3 ] DEBUG Engine               - isGameMenuEnabled: true
17:39:47.338 [FXGL Background Thread 3 ] DEBUG Engine               - isIOS: false
17:39:47.338 [FXGL Background Thread 3 ] DEBUG Engine               - isIntroEnabled: false
17:39:47.338 [FXGL Background Thread 3 ] DEBUG Engine               - isLinux: false
17:39:47.338 [FXGL Background Thread 3 ] DEBUG Engine               - isMac: false
17:39:47.338 [FXGL Background Thread 3 ] DEBUG Engine               - isMainMenuEnabled: false
17:39:47.338 [FXGL Background Thread 3 ] DEBUG Engine               - isManualResizeEnabled: false
17:39:47.338 [FXGL Background Thread 3 ] DEBUG Engine               - isMobile: false
17:39:47.338 [FXGL Background Thread 3 ] DEBUG Engine               - isNative: false
17:39:47.338 [FXGL Background Thread 3 ] DEBUG Engine               - isPauseMusicWhenMinimized: true
17:39:47.338 [FXGL Background Thread 3 ] DEBUG Engine               - isPreserveResizeRatio: false
17:39:47.338 [FXGL Background Thread 3 ] DEBUG Engine               - isProfilingEnabled: false
17:39:47.339 [FXGL Background Thread 3 ] DEBUG Engine               - isScaleAffectedOnResize: true
17:39:47.339 [FXGL Background Thread 3 ] DEBUG Engine               - isSingleStep: false
17:39:47.339 [FXGL Background Thread 3 ] DEBUG Engine               - isUserProfileEnabled: false
17:39:47.339 [FXGL Background Thread 3 ] DEBUG Engine               - isWindows: true
17:39:47.339 [FXGL Background Thread 3 ] DEBUG Engine               - language: ObjectProperty [value: ENGLISH]
17:39:47.339 [FXGL Background Thread 3 ] DEBUG Engine               - menuKey: ESCAPE
17:39:47.339 [FXGL Background Thread 3 ] DEBUG Engine               - mouseSensitivity: 0.2
17:39:47.339 [FXGL Background Thread 3 ] DEBUG Engine               - notificationViewClass: class com.almasb.fxgl.notification.view.XboxNotificationView
17:39:47.339 [FXGL Background Thread 3 ] DEBUG Engine               - pixelsPerMeter: 50.0
17:39:47.339 [FXGL Background Thread 3 ] DEBUG Engine               - platform: WINDOWS
17:39:47.339 [FXGL Background Thread 3 ] DEBUG Engine               - prefHeightProperty: ReadOnlyDoubleProperty [value: 600.0]
17:39:47.339 [FXGL Background Thread 3 ] DEBUG Engine               - prefWidthProperty: ReadOnlyDoubleProperty [value: 800.0]
17:39:47.339 [FXGL Background Thread 3 ] DEBUG Engine               - profileDir: profiles/
17:39:47.339 [FXGL Background Thread 3 ] DEBUG Engine               - profileName: StringProperty [value: DEFAULT]
17:39:47.339 [FXGL Background Thread 3 ] DEBUG Engine               - randomSeed: -1
17:39:47.340 [FXGL Background Thread 3 ] DEBUG Engine               - runtimeInfo: RuntimeInfo(platform=WINDOWS, version=17.3, build=30.03.2023 11.49)
17:39:47.340 [FXGL Background Thread 3 ] DEBUG Engine               - saveFileExt: sav
17:39:47.340 [FXGL Background Thread 3 ] DEBUG Engine               - scaledHeightProp$fxgl: DoubleProperty [bound, value: 864.0]
17:39:47.340 [FXGL Background Thread 3 ] DEBUG Engine               - scaledWidthProp$fxgl: DoubleProperty [bound, value: 1536.0]
17:39:47.340 [FXGL Background Thread 3 ] DEBUG Engine               - sceneFactory: com.almasb.fxgl.app.scene.SceneFactory@59a04672
17:39:47.340 [FXGL Background Thread 3 ] DEBUG Engine               - secondsIn24h: 60
17:39:47.340 [FXGL Background Thread 3 ] DEBUG Engine               - soundMenuBack: menu/back.wav
17:39:47.340 [FXGL Background Thread 3 ] DEBUG Engine               - soundMenuPress: menu/press.wav
17:39:47.341 [FXGL Background Thread 3 ] DEBUG Engine               - soundMenuSelect: menu/select.wav
17:39:47.341 [FXGL Background Thread 3 ] DEBUG Engine               - soundNotification: core/notification.wav
17:39:47.341 [FXGL Background Thread 3 ] DEBUG Engine               - stageStyle: DECORATED
17:39:47.341 [FXGL Background Thread 3 ] DEBUG Engine               - supportedLanguages: [ENGLISH, FRENCH, GERMAN, HUNGARIAN, RUSSIAN]
17:39:47.341 [FXGL Background Thread 3 ] DEBUG Engine               - ticksPerSecond: -1
17:39:47.341 [FXGL Background Thread 3 ] DEBUG Engine               - title: BvB
17:39:47.341 [FXGL Background Thread 3 ] DEBUG Engine               - urlGithub: https://github.com/AlmasB/FXGL
17:39:47.341 [FXGL Background Thread 3 ] DEBUG Engine               - urlLeaderboard: http://fxgl-top.herokuapp.com/
17:39:47.342 [FXGL Background Thread 3 ] DEBUG Engine               - urlPOM: https://raw.githubusercontent.com/AlmasB/FXGL/release/README.md
17:39:47.342 [FXGL Background Thread 3 ] DEBUG Engine               - userAppClass: class at.htl.blaetter_vs_beiser.Start
17:39:47.342 [FXGL Background Thread 3 ] DEBUG Engine               - version: 0.0
17:39:47.342 [FXGL Background Thread 3 ] DEBUG Engine               - versionCheckDays: 7
17:39:47.342 [FXGL Background Thread 3 ] DEBUG Engine               - width: 800
17:39:47.342 [FXGL Background Thread 3 ] DEBUG Engine               - Logging services
17:39:47.342 [FXGL Background Thread 3 ] DEBUG Engine               - class com.almasb.fxgl.app.services.FXGLAssetLoaderService
17:39:47.342 [FXGL Background Thread 3 ] DEBUG Engine               - class com.almasb.fxgl.app.FXGLApplication$GameApplicationService
17:39:47.342 [FXGL Background Thread 3 ] DEBUG Engine               - class com.almasb.fxgl.app.services.FXGLDialogService
17:39:47.342 [FXGL Background Thread 3 ] DEBUG Engine               - class com.almasb.fxgl.app.services.IOTaskExecutorService
17:39:47.342 [FXGL Background Thread 3 ] DEBUG Engine               - class com.almasb.fxgl.io.FileSystemService
17:39:47.342 [FXGL Background Thread 3 ] DEBUG Engine               - class com.almasb.fxgl.localization.LocalizationService
17:39:47.343 [FXGL Background Thread 3 ] DEBUG Engine               - class com.almasb.fxgl.app.services.SystemBundleService
17:39:47.343 [FXGL Background Thread 3 ] DEBUG Engine               - class com.almasb.fxgl.profile.SaveLoadService
17:39:47.343 [FXGL Background Thread 3 ] DEBUG Engine               - class com.almasb.fxgl.ui.FXGLUIFactoryServiceProvider
17:39:47.343 [FXGL Background Thread 3 ] DEBUG Engine               - class com.almasb.fxgl.ui.FXGLDialogFactoryServiceProvider
17:39:47.343 [FXGL Background Thread 3 ] DEBUG Engine               - class com.almasb.fxgl.audio.AudioPlayer
17:39:47.343 [FXGL Background Thread 3 ] DEBUG Engine               - class com.almasb.fxgl.notification.impl.NotificationServiceProvider
17:39:47.343 [FXGL Background Thread 3 ] DEBUG Engine               - class com.almasb.fxgl.achievement.AchievementService
17:39:47.343 [FXGL Background Thread 3 ] DEBUG Engine               - class com.almasb.fxgl.cutscene.CutsceneService
17:39:47.343 [FXGL Background Thread 3 ] DEBUG Engine               - class com.almasb.fxgl.minigames.MiniGameService
17:39:47.343 [FXGL Background Thread 3 ] DEBUG Engine               - class com.almasb.fxgl.net.NetService
17:39:47.343 [FXGL Background Thread 3 ] DEBUG Engine               - class com.almasb.fxgl.app.services.UpdaterService
17:39:47.343 [FXGL Background Thread 3 ] DEBUG Engine               - class com.almasb.fxgl.dev.DevService
17:39:53.895 [JavaFX Application Thread] DEBUG PrimaryStageWindow   - Push state: GolfRangeScene
17:39:53.895 [JavaFX Application Thread] DEBUG Input                - Clearing active input actions
17:39:53.903 [JavaFX Application Thread] DEBUG GameApplicationServi - Removing overlay from GameScene and adding to GolfRangeScene
17:39:53.903 [JavaFX Application Thread] DEBUG PrimaryStageWindow   - GameScene -> GolfRangeScene
17:40:55.235 [JavaFX Application Thread] DEBUG PrimaryStageWindow   - Pop state: GolfRangeScene
17:40:55.235 [JavaFX Application Thread] DEBUG Input                - Clearing active input actions
17:40:55.236 [JavaFX Application Thread] DEBUG GameApplicationServi - Removing overlay from GolfRangeScene and adding to GameScene
17:40:55.237 [JavaFX Application Thread] DEBUG PrimaryStageWindow   - GameScene <- GolfRangeScene
17:40:56.884 [JavaFX Application Thread] DEBUG PrimaryStageWindow   - Push state: GolfRangeScene
17:40:56.884 [JavaFX Application Thread] DEBUG Input                - Clearing active input actions
17:40:56.886 [JavaFX Application Thread] DEBUG GameApplicationServi - Removing overlay from GameScene and adding to GolfRangeScene
17:40:56.887 [JavaFX Application Thread] DEBUG PrimaryStageWindow   - GameScene -> GolfRangeScene
17:41:06.577 [JavaFX Application Thread] DEBUG PrimaryStageWindow   - Pop state: GolfRangeScene
17:41:06.578 [JavaFX Application Thread] DEBUG Input                - Clearing active input actions
17:41:06.578 [JavaFX Application Thread] DEBUG GameApplicationServi - Removing overlay from GolfRangeScene and adding to GameScene
17:41:06.579 [JavaFX Application Thread] DEBUG PrimaryStageWindow   - GameScene <- GolfRangeScene
17:41:07.681 [JavaFX Application Thread] DEBUG PrimaryStageWindow   - Push state: GolfRangeScene
17:41:07.681 [JavaFX Application Thread] DEBUG Input                - Clearing active input actions
17:41:07.682 [JavaFX Application Thread] DEBUG GameApplicationServi - Removing overlay from GameScene and adding to GolfRangeScene
17:41:07.682 [JavaFX Application Thread] DEBUG PrimaryStageWindow   - GameScene -> GolfRangeScene
17:41:12.229 [JavaFX Application Thread] DEBUG FXGLApplication      - Exiting FXGL
17:41:12.230 [JavaFX Application Thread] DEBUG LoopRunner           - Stopping loop
17:41:12.230 [JavaFX Application Thread] DEBUG SystemBundleService  - Saving FXGL system data
17:41:12.234 [JavaFX Application Thread] DEBUG FileSystemAccess     - Writing to: C:\Users\golde\POS\Blaetter_vs_Beiser_neu\system\fxgl.bundle
17:41:12.237 [JavaFX Application Thread] DEBUG Async                - Shutting down background threads
17:41:12.238 [JavaFX Application Thread] DEBUG PrimaryStageWindow   - Closing main window
17:41:12.306 [JavaFX Application Thread] DEBUG Logger               - Closing Logger
