11:49:22.261 [main                     ] DEBUG Logger               - Configured Logger
11:49:22.269 [main                     ] DEBUG GameApplication      - Logging settings
Title: BvB
Version: 0.0
Width: 800
Height: 600
Fullscreen: true
Intro: false
Profiling: false
Single step:false
App Mode: DEVELOPER
Menu Key: ESCAPE
Stage Style: DECORATED
Scene Factory: class com.almasb.fxgl.app.scene.SceneFactory

11:49:22.593 [JavaFX Application Thread] DEBUG FXGLApplication      - Initializing FXGL
11:49:22.595 [JavaFX Application Thread] INFO  Engine               - FXGL-17.3 (30.03.2023 11.49) on WINDOWS (J:25 FX:21.0.6)
11:49:22.595 [JavaFX Application Thread] DEBUG Engine               - JRE Vendor Name: Oracle Corporation
11:49:22.595 [JavaFX Application Thread] DEBUG Engine               - Running on OS: Windows 11 version 10.0
11:49:22.596 [JavaFX Application Thread] DEBUG Engine               - Architecture: amd64
11:49:22.596 [JavaFX Application Thread] INFO  Engine               - Source code and latest versions at: https://github.com/AlmasB/FXGL
11:49:22.596 [JavaFX Application Thread] INFO  Engine               -       Ask questions and discuss at: https://github.com/AlmasB/FXGL/discussions
11:49:22.596 [JavaFX Application Thread] INFO  Engine               -              Join the FXGL chat at: https://gitter.im/AlmasB/FXGL
11:49:22.676 [JavaFX Application Thread] DEBUG PrimaryStageWindow   - Creating a JavaFX scene
11:49:22.719 [JavaFX Application Thread] DEBUG PrimaryStageWindow   - Target settings size: 800.0 x 600.0
11:49:22.719 [JavaFX Application Thread] DEBUG PrimaryStageWindow   - Scaled scene size:    800.0 x 600.0
11:49:22.719 [JavaFX Application Thread] DEBUG PrimaryStageWindow   - Scaled ratio: (1.0, 1.0)
11:49:22.720 [JavaFX Application Thread] DEBUG PrimaryStageWindow   - Set initial scene to FXGLStartupScene
11:49:22.724 [JavaFX Application Thread] DEBUG PrimaryStageWindow   - Opening main window
11:49:22.801 [JavaFX Application Thread] DEBUG PrimaryStageWindow   - Window border size: (14.4000244140625, 37.5999755859375)
11:49:22.801 [JavaFX Application Thread] DEBUG PrimaryStageWindow   - Scaled size: 800.0 x 600.0
11:49:22.802 [JavaFX Application Thread] DEBUG PrimaryStageWindow   - Scaled ratio: (1.0, 1.0)
11:49:22.802 [JavaFX Application Thread] DEBUG PrimaryStageWindow   - Scene size: 800.0 x 600.0
11:49:22.802 [JavaFX Application Thread] DEBUG PrimaryStageWindow   - Stage size: 814.4000244140625 x 637.5999755859375
11:49:22.843 [JavaFX Application Thread] DEBUG PrimaryStageWindow   - Going fullscreen
11:49:22.850 [FXGL Background Thread 1 ] DEBUG Engine               - Initializing environment variables
11:49:22.890 [FXGL Background Thread 1 ] DEBUG FXGLAssetLoaderServi - User app class for loading assets: class at.htl.blaetter_vs_beiser.Start
11:49:22.890 [FXGL Background Thread 1 ] DEBUG GameApplicationServi - Applying CSS: fxgl_dark.css
11:49:22.891 [FXGL Background Thread 1 ] DEBUG FXGLAssetLoaderServi - Loading from file system: jar:file:/C:/Users/grube/.m2/repository/com/github/almasb/fxgl/17.3/fxgl-17.3.jar!/fxglassets/ui/css/fxgl_dark.css
11:49:22.919 [FXGL Background Thread 1 ] DEBUG GameApplicationServi - Initializing application scenes
11:49:22.951 [FXGL Background Thread 1 ] DEBUG GameWorld            - Game world initialized
11:49:22.984 [FXGL Background Thread 1 ] DEBUG PhysicsWorld         - Physics world initialized: appHeight=600, physics.ppm=50,0
11:49:22.985 [FXGL Background Thread 1 ] DEBUG PhysicsWorld         - Using strategy: BRUTE_FORCE
11:49:22.988 [FXGL Background Thread 1 ] DEBUG GameScene            - Game scene initialized: 800x600
11:49:22.996 [FXGL Background Thread 1 ] DEBUG FXGL.DefaultMenu     - createMenuBodyGameMenu()
11:49:23.009 [FXGL Background Thread 1 ] DEBUG FXGL.DefaultMenu     - createOptionsMenu()
11:49:23.017 [FXGL Background Thread 1 ] DEBUG FXGLAssetLoaderServi - Loading from file system: jar:file:/C:/Users/grube/.m2/repository/com/github/almasb/fxgl/17.3/fxgl-17.3.jar!/fxglassets/textures/particles/smoke.png
11:49:23.078 [FXGL Background Thread 1 ] DEBUG FXGLAssetLoaderServi - Loading from file system: jar:file:/C:/Users/grube/.m2/repository/com/github/almasb/fxgl/17.3/fxgl-17.3.jar!/fxglassets/textures/particles/trace_horizontal.png
11:49:23.100 [FXGL Background Thread 1 ] DEBUG GameApplicationServi - Application scenes initialized
11:49:23.109 [FXGL Background Thread 1 ] DEBUG SystemBundleService  - Loading FXGL system data
11:49:23.112 [FXGL Background Thread 1 ] DEBUG FileSystemAccess     - Reading from: C:\Users\grube\OneDrive - HTL Saalfelden\Desktop\Pos\Pos3\blaetter_vs_beiser\Blaetter_vs_Beiser\system\fxgl.bundle
11:49:23.117 [FXGL Background Thread 1 ] DEBUG SystemBundleService  - Bundle FXGL: {}
11:49:23.117 [FXGL Background Thread 1 ] DEBUG UpdaterService       - Checking for updates
11:49:23.120 [FXGL Background Thread 4 ] DEBUG FXGLApplication      - Loading fonts
11:49:23.120 [FXGL Background Thread 4 ] DEBUG FXGLAssetLoaderServi - Loading from file system: jar:file:/C:/Users/grube/.m2/repository/com/github/almasb/fxgl/17.3/fxgl-17.3.jar!/fxglassets/ui/fonts/VarelaRound-Regular.ttf
11:49:23.120 [FXGL Background Thread 1 ] DEBUG FXGLApplication      - Loading default localization
11:49:23.121 [FXGL Background Thread 1 ] DEBUG FXGLAssetLoaderServi - Loading from file system: jar:file:/C:/Users/grube/.m2/repository/com/github/almasb/fxgl/17.3/fxgl-17.3.jar!/fxglassets/languages/english.lang
11:49:23.133 [FXGL Background Thread 1 ] INFO  FXGLApplication      - FXGL initialization took: 0,282 sec
11:49:23.136 [JavaFX Application Thread] DEBUG FXGLAssetLoaderServi - Loading from file system: jar:file:/C:/Users/grube/.m2/repository/com/github/almasb/fxgl/17.3/fxgl-17.3.jar!/fxglassets/textures/fxgl_icon.png
11:49:23.156 [JavaFX Application Thread] DEBUG FXGLAssetLoaderServi - Loading from file system: jar:file:/C:/Users/grube/.m2/repository/com/github/almasb/fxgl/17.3/fxgl-17.3.jar!/fxglassets/textures/fxgl_default_cursor.png
11:49:23.160 [FXGL Background Thread 4 ] DEBUG FXGLAssetLoaderServi - Loading from file system: jar:file:/C:/Users/grube/.m2/repository/com/github/almasb/fxgl/17.3/fxgl-17.3.jar!/fxglassets/ui/fonts/Abel-Regular.ttf
11:49:23.167 [JavaFX Application Thread] DEBUG Input                - Registered new binding: Screenshot - CTRL+8
11:49:23.167 [JavaFX Application Thread] DEBUG Input                - Registered new binding: System info dump - CTRL+9
11:49:23.168 [JavaFX Application Thread] DEBUG Input                - Registered new binding: Restart - CTRL+R
11:49:23.168 [JavaFX Application Thread] DEBUG Input                - Registered new binding: Toggle Debug Camera - CTRL+7
11:49:23.171 [FXGL Background Thread 4 ] DEBUG FXGLAssetLoaderServi - Loading from file system: jar:file:/C:/Users/grube/.m2/repository/com/github/almasb/fxgl/17.3/fxgl-17.3.jar!/fxglassets/ui/fonts/TerminalLandMono-Regular.otf
11:49:23.171 [JavaFX Application Thread] DEBUG LoopRunner           - Starting loop
11:49:23.171 [JavaFX Application Thread] DEBUG LoopRunner           - Initializing JavaFX AnimationTimerLoop
11:49:23.172 [JavaFX Application Thread] DEBUG GameApplicationServi - Starting new game
11:49:23.172 [JavaFX Application Thread] DEBUG Input                - Clearing active input actions
11:49:23.182 [JavaFX Application Thread] DEBUG GameApplicationServi - Removing overlay from FXGLStartupScene and adding to FXGLLoadingScene
11:49:23.183 [JavaFX Application Thread] DEBUG PrimaryStageWindow   - FXGLStartupScene -> FXGLLoadingScene
11:49:23.183 [JavaFX Application Thread] DEBUG GameApplicationServi - Clearing previous game
11:49:23.183 [JavaFX Application Thread] DEBUG GameScene            - Clearing game scene
11:49:23.183 [JavaFX Application Thread] DEBUG GameWorld            - Clearing game world
11:49:23.183 [JavaFX Application Thread] DEBUG PhysicsWorld         - Clearing physics world
11:49:23.184 [FXGL Background Thread 4 ] DEBUG FXGLAssetLoaderServi - Loading from file system: jar:file:/C:/Users/grube/.m2/repository/com/github/almasb/fxgl/17.3/fxgl-17.3.jar!/fxglassets/ui/fonts/Courier-Prime.ttf
11:49:23.185 [FXGL Background Thread 1 ] DEBUG FXGLApplication      - Initializing game
11:49:23.188 [FXGL Background Thread 1 ] DEBUG FXGLAssetLoaderServi - Loading from file system: file:/C:/Users/grube/OneDrive%20-%20HTL%20Saalfelden/Desktop/Pos/Pos3/blaetter_vs_beiser/Blaetter_vs_Beiser/blaetter_vs_beiser/target/classes/assets/textures/Background.png
11:49:23.223 [JavaFX Application Thread] DEBUG FXGLApplication      - Registering font factories with UI factory
11:49:23.275 [FXGL Background Thread 1 ] DEBUG FXGLAssetLoaderServi - Loading JSON from: file:/C:/Users/grube/OneDrive%20-%20HTL%20Saalfelden/Desktop/Pos/Pos3/blaetter_vs_beiser/Blaetter_vs_Beiser/blaetter_vs_beiser/target/classes/assets/Level/level1.json
11:49:23.473 [FXGL Background Thread 2 ] INFO  UpdaterService       - Your current version:  17.3
11:49:23.473 [FXGL Background Thread 2 ] INFO  UpdaterService       - Latest stable version: 25
11:49:23.478 [FXGL Background Thread 1 ] DEBUG FXGLAssetLoaderServi - Loading from file system: file:/C:/Users/grube/OneDrive%20-%20HTL%20Saalfelden/Desktop/Pos/Pos3/blaetter_vs_beiser/Blaetter_vs_Beiser/blaetter_vs_beiser/target/classes/assets/textures/Mousecursor.png
11:49:23.482 [FXGL Background Thread 1 ] DEBUG FXGLAssetLoaderServi - Loading from file system: file:/C:/Users/grube/OneDrive%20-%20HTL%20Saalfelden/Desktop/Pos/Pos3/blaetter_vs_beiser/Blaetter_vs_Beiser/blaetter_vs_beiser/target/classes/assets/textures/Sun.png
11:49:23.488 [FXGL Background Thread 1 ] DEBUG FXGLAssetLoaderServi - Loading from file system: file:/C:/Users/grube/OneDrive%20-%20HTL%20Saalfelden/Desktop/Pos/Pos3/blaetter_vs_beiser/Blaetter_vs_Beiser/blaetter_vs_beiser/target/classes/assets/textures/Plants/Peashooter.png
11:49:23.497 [FXGL Background Thread 1 ] DEBUG FXGLAssetLoaderServi - Loading from file system: file:/C:/Users/grube/OneDrive%20-%20HTL%20Saalfelden/Desktop/Pos/Pos3/blaetter_vs_beiser/Blaetter_vs_Beiser/blaetter_vs_beiser/target/classes/assets/textures/Plants/Sunflower.png
11:49:23.506 [FXGL Background Thread 1 ] DEBUG FXGLAssetLoaderServi - Loading from file system: file:/C:/Users/grube/OneDrive%20-%20HTL%20Saalfelden/Desktop/Pos/Pos3/blaetter_vs_beiser/Blaetter_vs_Beiser/blaetter_vs_beiser/target/classes/assets/textures/Plants/Wallnut.png
11:49:23.513 [FXGL Background Thread 1 ] DEBUG FXGLAssetLoaderServi - Loading from file system: file:/C:/Users/grube/OneDrive%20-%20HTL%20Saalfelden/Desktop/Pos/Pos3/blaetter_vs_beiser/Blaetter_vs_Beiser/blaetter_vs_beiser/target/classes/assets/textures/Plants/Potatomine.png
11:49:23.522 [FXGL Background Thread 1 ] DEBUG FXGLAssetLoaderServi - Loading from file system: file:/C:/Users/grube/OneDrive%20-%20HTL%20Saalfelden/Desktop/Pos/Pos3/blaetter_vs_beiser/Blaetter_vs_Beiser/blaetter_vs_beiser/target/classes/assets/textures/Plants/Cherrybomb.png
11:49:23.538 [FXGL Background Thread 1 ] DEBUG FXGLAssetLoaderServi - Loading from file system: file:/C:/Users/grube/OneDrive%20-%20HTL%20Saalfelden/Desktop/Pos/Pos3/blaetter_vs_beiser/Blaetter_vs_Beiser/blaetter_vs_beiser/target/classes/assets/textures/Plants/Snowpeashooter.png
11:49:23.562 [FXGL Background Thread 1 ] WARN  FXGLAssetLoaderServi - Asset "/assets/textures/Shovel.png" was not found!
11:49:23.562 [FXGL Background Thread 1 ] WARN  FXGLAssetLoaderServi - Failed to load IMAGE
11:49:23.585 [FXGL Background Thread 1 ] INFO  FXGLApplication      - Game initialization took: 0,400 sec
11:49:23.585 [JavaFX Application Thread] DEBUG Input                - Clearing active input actions
11:49:23.593 [JavaFX Application Thread] DEBUG GameApplicationServi - Removing overlay from FXGLLoadingScene and adding to GameScene
11:49:23.593 [JavaFX Application Thread] DEBUG PrimaryStageWindow   - FXGLLoadingScene -> GameScene
11:49:25.533 [JavaFX Application Thread] DEBUG FXGLAssetLoaderServi - Loading from file system: file:/C:/Users/grube/OneDrive%20-%20HTL%20Saalfelden/Desktop/Pos/Pos3/blaetter_vs_beiser/Blaetter_vs_Beiser/blaetter_vs_beiser/target/classes/assets/textures/Zombies/Zombie3.png
11:49:25.546 [JavaFX Application Thread] DEBUG FXGLAssetLoaderServi - Loading from file system: file:/C:/Users/grube/OneDrive%20-%20HTL%20Saalfelden/Desktop/Pos/Pos3/blaetter_vs_beiser/Blaetter_vs_Beiser/blaetter_vs_beiser/target/classes/assets/textures/Zombies/Goldegger_Hut4.png
11:49:26.121 [FXGL Background Thread 3 ] DEBUG Engine               - Logging environment variables
11:49:26.121 [FXGL Background Thread 3 ] DEBUG Engine               - achievements: []
11:49:26.121 [FXGL Background Thread 3 ] DEBUG Engine               - actualHeight: 960.0
11:49:26.121 [FXGL Background Thread 3 ] DEBUG Engine               - actualHeightProperty: ReadOnlyDoubleProperty [value: 960.0]
11:49:26.121 [FXGL Background Thread 3 ] DEBUG Engine               - actualWidth: 1536.0
11:49:26.121 [FXGL Background Thread 3 ] DEBUG Engine               - actualWidthProperty: ReadOnlyDoubleProperty [value: 1536.0]
11:49:26.121 [FXGL Background Thread 3 ] DEBUG Engine               - appIcon: fxgl_icon.png
11:49:26.122 [FXGL Background Thread 3 ] DEBUG Engine               - applicationMode: DEVELOPER
11:49:26.122 [FXGL Background Thread 3 ] DEBUG Engine               - cSSList: [fxgl_dark.css]
11:49:26.122 [FXGL Background Thread 3 ] DEBUG Engine               - collisionDetectionStrategy: BRUTE_FORCE
11:49:26.122 [FXGL Background Thread 3 ] DEBUG Engine               - configClass: Optional.empty
11:49:26.122 [FXGL Background Thread 3 ] DEBUG Engine               - credits: []
11:49:26.122 [FXGL Background Thread 3 ] DEBUG Engine               - defaultCursor: CursorInfo(imageName=fxgl_default_cursor.png, hotspotX=7.0, hotspotY=6.0)
11:49:26.123 [FXGL Background Thread 3 ] DEBUG Engine               - devBBoxColorProperty: ObjectProperty [value: 0xff0000ff]
11:49:26.123 [FXGL Background Thread 3 ] DEBUG Engine               - devEnableDebugCameraProperty: BooleanProperty [value: false]
11:49:26.123 [FXGL Background Thread 3 ] DEBUG Engine               - devSensorColorProperty: ObjectProperty [value: 0xffff00ff]
11:49:26.123 [FXGL Background Thread 3 ] DEBUG Engine               - devShowBBoxProperty: BooleanProperty [value: false]
11:49:26.123 [FXGL Background Thread 3 ] DEBUG Engine               - devShowPositionProperty: BooleanProperty [value: false]
11:49:26.123 [FXGL Background Thread 3 ] DEBUG Engine               - enabledMenuItems: []
11:49:26.123 [FXGL Background Thread 3 ] DEBUG Engine               - engineServices: [class com.almasb.fxgl.app.services.FXGLAssetLoaderService, class com.almasb.fxgl.app.FXGLApplication$GameApplicationService, class com.almasb.fxgl.app.services.FXGLDialogService, class com.almasb.fxgl.app.services.IOTaskExecutorService, class com.almasb.fxgl.io.FileSystemService, class com.almasb.fxgl.localization.LocalizationService, class com.almasb.fxgl.app.services.SystemBundleService, class com.almasb.fxgl.profile.SaveLoadService, class com.almasb.fxgl.ui.FXGLUIFactoryServiceProvider, class com.almasb.fxgl.ui.FXGLDialogFactoryServiceProvider, class com.almasb.fxgl.audio.AudioPlayer, class com.almasb.fxgl.notification.impl.NotificationServiceProvider, class com.almasb.fxgl.achievement.AchievementService, class com.almasb.fxgl.cutscene.CutsceneService, class com.almasb.fxgl.minigames.MiniGameService, class com.almasb.fxgl.net.NetService, class com.almasb.fxgl.app.services.UpdaterService, class com.almasb.fxgl.dev.DevService]
11:49:26.123 [FXGL Background Thread 3 ] DEBUG Engine               - fontGame: Abel-Regular.ttf
11:49:26.123 [FXGL Background Thread 3 ] DEBUG Engine               - fontMono: TerminalLandMono-Regular.otf
11:49:26.123 [FXGL Background Thread 3 ] DEBUG Engine               - fontSizeScaleUI: 1.0
11:49:26.123 [FXGL Background Thread 3 ] DEBUG Engine               - fontText: Courier-Prime.ttf
11:49:26.123 [FXGL Background Thread 3 ] DEBUG Engine               - fontUI: VarelaRound-Regular.ttf
11:49:26.123 [FXGL Background Thread 3 ] DEBUG Engine               - fullScreen: BooleanProperty [value: true]
11:49:26.123 [FXGL Background Thread 3 ] DEBUG Engine               - gameDifficulty: MEDIUM
11:49:26.123 [FXGL Background Thread 3 ] DEBUG Engine               - gameDifficultyProperty: ObjectProperty [value: MEDIUM]
11:49:26.123 [FXGL Background Thread 3 ] DEBUG Engine               - globalMusicVolume: 0.5
11:49:26.123 [FXGL Background Thread 3 ] DEBUG Engine               - globalMusicVolumeProperty: DoubleProperty [value: 0.5]
11:49:26.123 [FXGL Background Thread 3 ] DEBUG Engine               - globalSoundVolume: 0.5
11:49:26.123 [FXGL Background Thread 3 ] DEBUG Engine               - globalSoundVolumeProperty: DoubleProperty [value: 0.5]
11:49:26.123 [FXGL Background Thread 3 ] DEBUG Engine               - height: 600
11:49:26.123 [FXGL Background Thread 3 ] DEBUG Engine               - is3D: false
11:49:26.123 [FXGL Background Thread 3 ] DEBUG Engine               - isAndroid: false
11:49:26.123 [FXGL Background Thread 3 ] DEBUG Engine               - isBrowser: false
11:49:26.123 [FXGL Background Thread 3 ] DEBUG Engine               - isClickFeedbackEnabled: false
11:49:26.123 [FXGL Background Thread 3 ] DEBUG Engine               - isCloseConfirmation: false
11:49:26.124 [FXGL Background Thread 3 ] DEBUG Engine               - isDesktop: true
11:49:26.124 [FXGL Background Thread 3 ] DEBUG Engine               - isDeveloperMenuEnabled: false
11:49:26.124 [FXGL Background Thread 3 ] DEBUG Engine               - isEmbedded: false
11:49:26.124 [FXGL Background Thread 3 ] DEBUG Engine               - isEntityPreloadEnabled: true
11:49:26.124 [FXGL Background Thread 3 ] DEBUG Engine               - isExperimentalTiledLargeMap: false
11:49:26.124 [FXGL Background Thread 3 ] DEBUG Engine               - isFileSystemWriteAllowed: true
11:49:26.124 [FXGL Background Thread 3 ] DEBUG Engine               - isFullScreenAllowed: true
11:49:26.124 [FXGL Background Thread 3 ] DEBUG Engine               - isFullScreenFromStart: true
11:49:26.124 [FXGL Background Thread 3 ] DEBUG Engine               - isGameMenuEnabled: true
11:49:26.124 [FXGL Background Thread 3 ] DEBUG Engine               - isIOS: false
11:49:26.124 [FXGL Background Thread 3 ] DEBUG Engine               - isIntroEnabled: false
11:49:26.124 [FXGL Background Thread 3 ] DEBUG Engine               - isLinux: false
11:49:26.124 [FXGL Background Thread 3 ] DEBUG Engine               - isMac: false
11:49:26.124 [FXGL Background Thread 3 ] DEBUG Engine               - isMainMenuEnabled: false
11:49:26.125 [FXGL Background Thread 3 ] DEBUG Engine               - isManualResizeEnabled: false
11:49:26.125 [FXGL Background Thread 3 ] DEBUG Engine               - isMobile: false
11:49:26.125 [FXGL Background Thread 3 ] DEBUG Engine               - isNative: false
11:49:26.125 [FXGL Background Thread 3 ] DEBUG Engine               - isPauseMusicWhenMinimized: true
11:49:26.125 [FXGL Background Thread 3 ] DEBUG Engine               - isPreserveResizeRatio: false
11:49:26.125 [FXGL Background Thread 3 ] DEBUG Engine               - isProfilingEnabled: false
11:49:26.125 [FXGL Background Thread 3 ] DEBUG Engine               - isScaleAffectedOnResize: true
11:49:26.125 [FXGL Background Thread 3 ] DEBUG Engine               - isSingleStep: false
11:49:26.125 [FXGL Background Thread 3 ] DEBUG Engine               - isUserProfileEnabled: false
11:49:26.125 [FXGL Background Thread 3 ] DEBUG Engine               - isWindows: true
11:49:26.125 [FXGL Background Thread 3 ] DEBUG Engine               - language: ObjectProperty [value: ENGLISH]
11:49:26.125 [FXGL Background Thread 3 ] DEBUG Engine               - menuKey: ESCAPE
11:49:26.125 [FXGL Background Thread 3 ] DEBUG Engine               - mouseSensitivity: 0.2
11:49:26.125 [FXGL Background Thread 3 ] DEBUG Engine               - notificationViewClass: class com.almasb.fxgl.notification.view.XboxNotificationView
11:49:26.125 [FXGL Background Thread 3 ] DEBUG Engine               - pixelsPerMeter: 50.0
11:49:26.125 [FXGL Background Thread 3 ] DEBUG Engine               - platform: WINDOWS
11:49:26.125 [FXGL Background Thread 3 ] DEBUG Engine               - prefHeightProperty: ReadOnlyDoubleProperty [value: 600.0]
11:49:26.125 [FXGL Background Thread 3 ] DEBUG Engine               - prefWidthProperty: ReadOnlyDoubleProperty [value: 800.0]
11:49:26.125 [FXGL Background Thread 3 ] DEBUG Engine               - profileDir: profiles/
11:49:26.125 [FXGL Background Thread 3 ] DEBUG Engine               - profileName: StringProperty [value: DEFAULT]
11:49:26.125 [FXGL Background Thread 3 ] DEBUG Engine               - randomSeed: -1
11:49:26.126 [FXGL Background Thread 3 ] DEBUG Engine               - runtimeInfo: RuntimeInfo(platform=WINDOWS, version=17.3, build=30.03.2023 11.49)
11:49:26.126 [FXGL Background Thread 3 ] DEBUG Engine               - saveFileExt: sav
11:49:26.126 [FXGL Background Thread 3 ] DEBUG Engine               - scaledHeightProp$fxgl: DoubleProperty [bound, value: 960.0]
11:49:26.126 [FXGL Background Thread 3 ] DEBUG Engine               - scaledWidthProp$fxgl: DoubleProperty [bound, value: 1536.0]
11:49:26.126 [FXGL Background Thread 3 ] DEBUG Engine               - sceneFactory: com.almasb.fxgl.app.scene.SceneFactory@409f330a
11:49:26.126 [FXGL Background Thread 3 ] DEBUG Engine               - secondsIn24h: 60
11:49:26.126 [FXGL Background Thread 3 ] DEBUG Engine               - soundMenuBack: menu/back.wav
11:49:26.126 [FXGL Background Thread 3 ] DEBUG Engine               - soundMenuPress: menu/press.wav
11:49:26.126 [FXGL Background Thread 3 ] DEBUG Engine               - soundMenuSelect: menu/select.wav
11:49:26.126 [FXGL Background Thread 3 ] DEBUG Engine               - soundNotification: core/notification.wav
11:49:26.126 [FXGL Background Thread 3 ] DEBUG Engine               - stageStyle: DECORATED
11:49:26.126 [FXGL Background Thread 3 ] DEBUG Engine               - supportedLanguages: [ENGLISH, FRENCH, GERMAN, HUNGARIAN, RUSSIAN]
11:49:26.126 [FXGL Background Thread 3 ] DEBUG Engine               - ticksPerSecond: -1
11:49:26.126 [FXGL Background Thread 3 ] DEBUG Engine               - title: BvB
11:49:26.126 [FXGL Background Thread 3 ] DEBUG Engine               - urlGithub: https://github.com/AlmasB/FXGL
11:49:26.126 [FXGL Background Thread 3 ] DEBUG Engine               - urlLeaderboard: http://fxgl-top.herokuapp.com/
11:49:26.126 [FXGL Background Thread 3 ] DEBUG Engine               - urlPOM: https://raw.githubusercontent.com/AlmasB/FXGL/release/README.md
11:49:26.126 [FXGL Background Thread 3 ] DEBUG Engine               - userAppClass: class at.htl.blaetter_vs_beiser.Start
11:49:26.126 [FXGL Background Thread 3 ] DEBUG Engine               - version: 0.0
11:49:26.126 [FXGL Background Thread 3 ] DEBUG Engine               - versionCheckDays: 7
11:49:26.126 [FXGL Background Thread 3 ] DEBUG Engine               - width: 800
11:49:26.126 [FXGL Background Thread 3 ] DEBUG Engine               - Logging services
11:49:26.126 [FXGL Background Thread 3 ] DEBUG Engine               - class com.almasb.fxgl.app.services.FXGLAssetLoaderService
11:49:26.126 [FXGL Background Thread 3 ] DEBUG Engine               - class com.almasb.fxgl.app.FXGLApplication$GameApplicationService
11:49:26.126 [FXGL Background Thread 3 ] DEBUG Engine               - class com.almasb.fxgl.app.services.FXGLDialogService
11:49:26.126 [FXGL Background Thread 3 ] DEBUG Engine               - class com.almasb.fxgl.app.services.IOTaskExecutorService
11:49:26.126 [FXGL Background Thread 3 ] DEBUG Engine               - class com.almasb.fxgl.io.FileSystemService
11:49:26.126 [FXGL Background Thread 3 ] DEBUG Engine               - class com.almasb.fxgl.localization.LocalizationService
11:49:26.126 [FXGL Background Thread 3 ] DEBUG Engine               - class com.almasb.fxgl.app.services.SystemBundleService
11:49:26.126 [FXGL Background Thread 3 ] DEBUG Engine               - class com.almasb.fxgl.profile.SaveLoadService
11:49:26.126 [FXGL Background Thread 3 ] DEBUG Engine               - class com.almasb.fxgl.ui.FXGLUIFactoryServiceProvider
11:49:26.126 [FXGL Background Thread 3 ] DEBUG Engine               - class com.almasb.fxgl.ui.FXGLDialogFactoryServiceProvider
11:49:26.126 [FXGL Background Thread 3 ] DEBUG Engine               - class com.almasb.fxgl.audio.AudioPlayer
11:49:26.126 [FXGL Background Thread 3 ] DEBUG Engine               - class com.almasb.fxgl.notification.impl.NotificationServiceProvider
11:49:26.126 [FXGL Background Thread 3 ] DEBUG Engine               - class com.almasb.fxgl.achievement.AchievementService
11:49:26.126 [FXGL Background Thread 3 ] DEBUG Engine               - class com.almasb.fxgl.cutscene.CutsceneService
11:49:26.126 [FXGL Background Thread 3 ] DEBUG Engine               - class com.almasb.fxgl.minigames.MiniGameService
11:49:26.126 [FXGL Background Thread 3 ] DEBUG Engine               - class com.almasb.fxgl.net.NetService
11:49:26.126 [FXGL Background Thread 3 ] DEBUG Engine               - class com.almasb.fxgl.app.services.UpdaterService
11:49:26.126 [FXGL Background Thread 3 ] DEBUG Engine               - class com.almasb.fxgl.dev.DevService
11:49:38.406 [JavaFX Application Thread] DEBUG PrimaryStageWindow   - Push state: FXGLDefaultMenu
11:49:38.407 [JavaFX Application Thread] DEBUG Input                - Clearing active input actions
11:49:38.410 [JavaFX Application Thread] DEBUG GameApplicationServi - Removing overlay from GameScene and adding to FXGLDefaultMenu
11:49:38.410 [JavaFX Application Thread] DEBUG PrimaryStageWindow   - GameScene -> FXGLDefaultMenu
11:49:39.685 [JavaFX Application Thread] DEBUG Menu                 - fireExit()
11:49:39.687 [JavaFX Application Thread] DEBUG PrimaryStageWindow   - Push state: DialogSubScene
11:49:39.687 [JavaFX Application Thread] DEBUG Input                - Clearing active input actions
11:49:39.688 [JavaFX Application Thread] DEBUG GameApplicationServi - Removing overlay from FXGLDefaultMenu and adding to DialogSubScene
11:49:39.688 [JavaFX Application Thread] DEBUG PrimaryStageWindow   - FXGLDefaultMenu -> DialogSubScene
11:49:40.315 [JavaFX Application Thread] DEBUG PrimaryStageWindow   - Pop state: DialogSubScene
11:49:40.315 [JavaFX Application Thread] DEBUG Input                - Clearing active input actions
11:49:40.316 [JavaFX Application Thread] DEBUG GameApplicationServi - Removing overlay from DialogSubScene and adding to FXGLDefaultMenu
11:49:40.316 [JavaFX Application Thread] DEBUG PrimaryStageWindow   - FXGLDefaultMenu <- DialogSubScene
11:49:40.316 [JavaFX Application Thread] DEBUG FXGLApplication      - Exiting FXGL
11:49:40.316 [JavaFX Application Thread] DEBUG LoopRunner           - Stopping loop
11:49:40.316 [JavaFX Application Thread] DEBUG SystemBundleService  - Saving FXGL system data
11:49:40.318 [JavaFX Application Thread] DEBUG FileSystemAccess     - Writing to: C:\Users\grube\OneDrive - HTL Saalfelden\Desktop\Pos\Pos3\blaetter_vs_beiser\Blaetter_vs_Beiser\system\fxgl.bundle
11:49:40.321 [JavaFX Application Thread] DEBUG Async                - Shutting down background threads
11:49:40.321 [JavaFX Application Thread] DEBUG PrimaryStageWindow   - Closing main window
11:49:40.357 [JavaFX Application Thread] DEBUG Logger               - Closing Logger
