17:21:21.555 [main                     ] DEBUG Logger               - Configured Logger
17:21:21.569 [main                     ] DEBUG GameApplication      - Logging settings
Title: BvB
Version: 0.0
Width: 800
Height: 600
Fullscreen: true
Intro: false
Profiling: false
Single step:false
App Mode: DEVELOPER
Menu Key: ESCAPE
Stage Style: DECORATED
Scene Factory: class com.almasb.fxgl.app.scene.SceneFactory

17:21:22.151 [JavaFX Application Thread] DEBUG FXGLApplication      - Initializing FXGL
17:21:22.155 [JavaFX Application Thread] INFO  Engine               - FXGL-17.3 (30.03.2023 11.49) on WINDOWS (J:25.0.2 FX:21.0.6)
17:21:22.156 [JavaFX Application Thread] DEBUG Engine               - JRE Vendor Name: Oracle Corporation
17:21:22.156 [JavaFX Application Thread] DEBUG Engine               - Running on OS: Windows 11 version 10.0
17:21:22.156 [JavaFX Application Thread] DEBUG Engine               - Architecture: amd64
17:21:22.156 [JavaFX Application Thread] INFO  Engine               - Source code and latest versions at: https://github.com/AlmasB/FXGL
17:21:22.156 [JavaFX Application Thread] INFO  Engine               -       Ask questions and discuss at: https://github.com/AlmasB/FXGL/discussions
17:21:22.157 [JavaFX Application Thread] INFO  Engine               -              Join the FXGL chat at: https://gitter.im/AlmasB/FXGL
17:21:22.320 [JavaFX Application Thread] DEBUG PrimaryStageWindow   - Creating a JavaFX scene
17:21:22.398 [JavaFX Application Thread] DEBUG PrimaryStageWindow   - Target settings size: 800.0 x 600.0
17:21:22.398 [JavaFX Application Thread] DEBUG PrimaryStageWindow   - Scaled scene size:    800.0 x 600.0
17:21:22.399 [JavaFX Application Thread] DEBUG PrimaryStageWindow   - Scaled ratio: (1.0, 1.0)
17:21:22.400 [JavaFX Application Thread] DEBUG PrimaryStageWindow   - Set initial scene to FXGLStartupScene
17:21:22.408 [JavaFX Application Thread] DEBUG PrimaryStageWindow   - Opening main window
17:21:22.555 [JavaFX Application Thread] DEBUG PrimaryStageWindow   - Window border size: (14.4000244140625, 37.5999755859375)
17:21:22.556 [JavaFX Application Thread] DEBUG PrimaryStageWindow   - Scaled size: 800.0 x 600.0
17:21:22.556 [JavaFX Application Thread] DEBUG PrimaryStageWindow   - Scaled ratio: (1.0, 1.0)
17:21:22.556 [JavaFX Application Thread] DEBUG PrimaryStageWindow   - Scene size: 800.0 x 600.0
17:21:22.557 [JavaFX Application Thread] DEBUG PrimaryStageWindow   - Stage size: 814.4000244140625 x 637.5999755859375
17:21:22.635 [JavaFX Application Thread] DEBUG PrimaryStageWindow   - Going fullscreen
17:21:22.649 [FXGL Background Thread 1 ] DEBUG Engine               - Initializing environment variables
17:21:22.730 [FXGL Background Thread 1 ] DEBUG FXGLAssetLoaderServi - User app class for loading assets: class at.htl.blaetter_vs_beiser.Start
17:21:22.731 [FXGL Background Thread 1 ] DEBUG GameApplicationServi - Applying CSS: fxgl_dark.css
17:21:22.732 [FXGL Background Thread 1 ] DEBUG FXGLAssetLoaderServi - Loading from file system: jar:file:/C:/Users/golde/.m2/repository/com/github/almasb/fxgl/17.3/fxgl-17.3.jar!/fxglassets/ui/css/fxgl_dark.css
17:21:22.789 [FXGL Background Thread 1 ] DEBUG GameApplicationServi - Initializing application scenes
17:21:22.835 [FXGL Background Thread 1 ] DEBUG GameWorld            - Game world initialized
17:21:22.915 [FXGL Background Thread 1 ] DEBUG PhysicsWorld         - Physics world initialized: appHeight=600, physics.ppm=50,0
17:21:22.916 [FXGL Background Thread 1 ] DEBUG PhysicsWorld         - Using strategy: BRUTE_FORCE
17:21:22.921 [FXGL Background Thread 1 ] DEBUG GameScene            - Game scene initialized: 800x600
17:21:22.937 [FXGL Background Thread 1 ] DEBUG FXGL.DefaultMenu     - createMenuBodyGameMenu()
17:21:22.958 [FXGL Background Thread 1 ] DEBUG FXGL.DefaultMenu     - createOptionsMenu()
17:21:22.972 [FXGL Background Thread 1 ] DEBUG FXGLAssetLoaderServi - Loading from file system: jar:file:/C:/Users/golde/.m2/repository/com/github/almasb/fxgl/17.3/fxgl-17.3.jar!/fxglassets/textures/particles/smoke.png
17:21:23.087 [FXGL Background Thread 1 ] DEBUG FXGLAssetLoaderServi - Loading from file system: jar:file:/C:/Users/golde/.m2/repository/com/github/almasb/fxgl/17.3/fxgl-17.3.jar!/fxglassets/textures/particles/trace_horizontal.png
17:21:23.128 [FXGL Background Thread 1 ] DEBUG GameApplicationServi - Application scenes initialized
17:21:23.142 [FXGL Background Thread 1 ] DEBUG SystemBundleService  - Loading FXGL system data
17:21:23.148 [FXGL Background Thread 1 ] DEBUG FileSystemAccess     - Reading from: C:\Users\golde\POS\Blaetter_vs_Beiser_neu\system\fxgl.bundle
17:21:23.157 [FXGL Background Thread 1 ] DEBUG SystemBundleService  - Bundle FXGL: {}
17:21:23.157 [FXGL Background Thread 1 ] DEBUG UpdaterService       - Checking for updates
17:21:23.162 [FXGL Background Thread 4 ] DEBUG FXGLApplication      - Loading fonts
17:21:23.163 [FXGL Background Thread 4 ] DEBUG FXGLAssetLoaderServi - Loading from file system: jar:file:/C:/Users/golde/.m2/repository/com/github/almasb/fxgl/17.3/fxgl-17.3.jar!/fxglassets/ui/fonts/VarelaRound-Regular.ttf
17:21:23.164 [FXGL Background Thread 1 ] DEBUG FXGLApplication      - Loading default localization
17:21:23.164 [FXGL Background Thread 1 ] DEBUG FXGLAssetLoaderServi - Loading from file system: jar:file:/C:/Users/golde/.m2/repository/com/github/almasb/fxgl/17.3/fxgl-17.3.jar!/fxglassets/languages/english.lang
17:21:23.181 [FXGL Background Thread 1 ] INFO  FXGLApplication      - FXGL initialization took: 0,532 sec
17:21:23.184 [JavaFX Application Thread] DEBUG FXGLAssetLoaderServi - Loading from file system: jar:file:/C:/Users/golde/.m2/repository/com/github/almasb/fxgl/17.3/fxgl-17.3.jar!/fxglassets/textures/fxgl_icon.png
17:21:23.215 [JavaFX Application Thread] DEBUG FXGLAssetLoaderServi - Loading from file system: jar:file:/C:/Users/golde/.m2/repository/com/github/almasb/fxgl/17.3/fxgl-17.3.jar!/fxglassets/textures/fxgl_default_cursor.png
17:21:23.217 [FXGL Background Thread 4 ] DEBUG FXGLAssetLoaderServi - Loading from file system: jar:file:/C:/Users/golde/.m2/repository/com/github/almasb/fxgl/17.3/fxgl-17.3.jar!/fxglassets/ui/fonts/Abel-Regular.ttf
17:21:23.230 [JavaFX Application Thread] DEBUG Input                - Registered new binding: Screenshot - CTRL+8
17:21:23.231 [JavaFX Application Thread] DEBUG Input                - Registered new binding: System info dump - CTRL+9
17:21:23.232 [JavaFX Application Thread] DEBUG Input                - Registered new binding: Restart - CTRL+R
17:21:23.233 [JavaFX Application Thread] DEBUG Input                - Registered new binding: Toggle Debug Camera - CTRL+7
17:21:23.233 [FXGL Background Thread 4 ] DEBUG FXGLAssetLoaderServi - Loading from file system: jar:file:/C:/Users/golde/.m2/repository/com/github/almasb/fxgl/17.3/fxgl-17.3.jar!/fxglassets/ui/fonts/TerminalLandMono-Regular.otf
17:21:23.237 [JavaFX Application Thread] DEBUG LoopRunner           - Starting loop
17:21:23.237 [JavaFX Application Thread] DEBUG LoopRunner           - Initializing JavaFX AnimationTimerLoop
17:21:23.239 [JavaFX Application Thread] DEBUG GameApplicationServi - Starting new game
17:21:23.240 [JavaFX Application Thread] DEBUG Input                - Clearing active input actions
17:21:23.247 [FXGL Background Thread 4 ] DEBUG FXGLAssetLoaderServi - Loading from file system: jar:file:/C:/Users/golde/.m2/repository/com/github/almasb/fxgl/17.3/fxgl-17.3.jar!/fxglassets/ui/fonts/Courier-Prime.ttf
17:21:23.255 [JavaFX Application Thread] DEBUG GameApplicationServi - Removing overlay from FXGLStartupScene and adding to FXGLLoadingScene
17:21:23.256 [JavaFX Application Thread] DEBUG PrimaryStageWindow   - FXGLStartupScene -> FXGLLoadingScene
17:21:23.256 [JavaFX Application Thread] DEBUG GameApplicationServi - Clearing previous game
17:21:23.256 [JavaFX Application Thread] DEBUG GameScene            - Clearing game scene
17:21:23.256 [JavaFX Application Thread] DEBUG GameWorld            - Clearing game world
17:21:23.256 [JavaFX Application Thread] DEBUG PhysicsWorld         - Clearing physics world
17:21:23.258 [FXGL Background Thread 1 ] DEBUG FXGLApplication      - Initializing game
17:21:23.259 [FXGL Background Thread 1 ] DEBUG FXGLAssetLoaderServi - Loading from file system: file:/C:/Users/golde/POS/Blaetter_vs_Beiser_neu/Blaetter_vs_Beiser/blaetter_vs_beiser/target/classes/assets/textures/Background.png
17:21:23.302 [JavaFX Application Thread] DEBUG FXGLApplication      - Registering font factories with UI factory
17:21:23.356 [FXGL Background Thread 1 ] DEBUG FXGLAssetLoaderServi - Loading from file system: file:/C:/Users/golde/POS/Blaetter_vs_Beiser_neu/Blaetter_vs_Beiser/blaetter_vs_beiser/target/classes/assets/textures/Zombie3.png
17:21:23.393 [FXGL Background Thread 1 ] DEBUG FXGLAssetLoaderServi - Loading from file system: file:/C:/Users/golde/POS/Blaetter_vs_Beiser_neu/Blaetter_vs_Beiser/blaetter_vs_beiser/target/classes/assets/textures/Mousecursor.png
17:21:23.398 [FXGL Background Thread 1 ] DEBUG FXGLAssetLoaderServi - Loading from file system: file:/C:/Users/golde/POS/Blaetter_vs_Beiser_neu/Blaetter_vs_Beiser/blaetter_vs_beiser/target/classes/assets/textures/Sun.png
17:21:23.416 [FXGL Background Thread 1 ] DEBUG FXGLAssetLoaderServi - Loading from file system: file:/C:/Users/golde/POS/Blaetter_vs_Beiser_neu/Blaetter_vs_Beiser/blaetter_vs_beiser/target/classes/assets/textures/Plants/Peashooter.png
17:21:23.434 [FXGL Background Thread 1 ] DEBUG FXGLAssetLoaderServi - Loading from file system: file:/C:/Users/golde/POS/Blaetter_vs_Beiser_neu/Blaetter_vs_Beiser/blaetter_vs_beiser/target/classes/assets/textures/Plants/Sunflower.png
17:21:23.453 [FXGL Background Thread 1 ] DEBUG FXGLAssetLoaderServi - Loading from file system: file:/C:/Users/golde/POS/Blaetter_vs_Beiser_neu/Blaetter_vs_Beiser/blaetter_vs_beiser/target/classes/assets/textures/Plants/Wallnut.png
17:21:23.465 [FXGL Background Thread 1 ] DEBUG FXGLAssetLoaderServi - Loading from file system: file:/C:/Users/golde/POS/Blaetter_vs_Beiser_neu/Blaetter_vs_Beiser/blaetter_vs_beiser/target/classes/assets/textures/Plants/Potatomine.png
17:21:23.478 [FXGL Background Thread 1 ] DEBUG FXGLAssetLoaderServi - Loading from file system: file:/C:/Users/golde/POS/Blaetter_vs_Beiser_neu/Blaetter_vs_Beiser/blaetter_vs_beiser/target/classes/assets/textures/Plants/Cherrybomb.png
17:21:23.496 [FXGL Background Thread 1 ] DEBUG FXGLAssetLoaderServi - Loading from file system: file:/C:/Users/golde/POS/Blaetter_vs_Beiser_neu/Blaetter_vs_Beiser/blaetter_vs_beiser/target/classes/assets/textures/Plants/Snowpeashooter.png
17:21:23.531 [FXGL Background Thread 1 ] DEBUG FXGLAssetLoaderServi - Loading from file system: file:/C:/Users/golde/POS/Blaetter_vs_Beiser_neu/Blaetter_vs_Beiser/blaetter_vs_beiser/target/classes/assets/textures/Shovel.png
17:21:23.596 [FXGL Background Thread 1 ] INFO  FXGLApplication      - Game initialization took: 0,338 sec
17:21:23.597 [JavaFX Application Thread] DEBUG Input                - Clearing active input actions
17:21:23.612 [JavaFX Application Thread] DEBUG GameApplicationServi - Removing overlay from FXGLLoadingScene and adding to GameScene
17:21:23.612 [JavaFX Application Thread] DEBUG PrimaryStageWindow   - FXGLLoadingScene -> GameScene
17:21:23.859 [FXGL Background Thread 2 ] INFO  UpdaterService       - Your current version:  17.3
17:21:23.859 [FXGL Background Thread 2 ] INFO  UpdaterService       - Latest stable version: 25
17:21:26.163 [FXGL Background Thread 3 ] DEBUG Engine               - Logging environment variables
17:21:26.164 [FXGL Background Thread 3 ] DEBUG Engine               - achievements: []
17:21:26.164 [FXGL Background Thread 3 ] DEBUG Engine               - actualHeight: 864.0
17:21:26.164 [FXGL Background Thread 3 ] DEBUG Engine               - actualHeightProperty: ReadOnlyDoubleProperty [value: 864.0]
17:21:26.164 [FXGL Background Thread 3 ] DEBUG Engine               - actualWidth: 1536.0
17:21:26.164 [FXGL Background Thread 3 ] DEBUG Engine               - actualWidthProperty: ReadOnlyDoubleProperty [value: 1536.0]
17:21:26.164 [FXGL Background Thread 3 ] DEBUG Engine               - appIcon: fxgl_icon.png
17:21:26.164 [FXGL Background Thread 3 ] DEBUG Engine               - applicationMode: DEVELOPER
17:21:26.164 [FXGL Background Thread 3 ] DEBUG Engine               - cSSList: [fxgl_dark.css]
17:21:26.164 [FXGL Background Thread 3 ] DEBUG Engine               - collisionDetectionStrategy: BRUTE_FORCE
17:21:26.164 [FXGL Background Thread 3 ] DEBUG Engine               - configClass: Optional.empty
17:21:26.164 [FXGL Background Thread 3 ] DEBUG Engine               - credits: []
17:21:26.164 [FXGL Background Thread 3 ] DEBUG Engine               - defaultCursor: CursorInfo(imageName=fxgl_default_cursor.png, hotspotX=7.0, hotspotY=6.0)
17:21:26.165 [FXGL Background Thread 3 ] DEBUG Engine               - devBBoxColorProperty: ObjectProperty [value: 0xff0000ff]
17:21:26.165 [FXGL Background Thread 3 ] DEBUG Engine               - devEnableDebugCameraProperty: BooleanProperty [value: false]
17:21:26.165 [FXGL Background Thread 3 ] DEBUG Engine               - devSensorColorProperty: ObjectProperty [value: 0xffff00ff]
17:21:26.165 [FXGL Background Thread 3 ] DEBUG Engine               - devShowBBoxProperty: BooleanProperty [value: false]
17:21:26.165 [FXGL Background Thread 3 ] DEBUG Engine               - devShowPositionProperty: BooleanProperty [value: false]
17:21:26.165 [FXGL Background Thread 3 ] DEBUG Engine               - enabledMenuItems: []
17:21:26.165 [FXGL Background Thread 3 ] DEBUG Engine               - engineServices: [class com.almasb.fxgl.app.services.FXGLAssetLoaderService, class com.almasb.fxgl.app.FXGLApplication$GameApplicationService, class com.almasb.fxgl.app.services.FXGLDialogService, class com.almasb.fxgl.app.services.IOTaskExecutorService, class com.almasb.fxgl.io.FileSystemService, class com.almasb.fxgl.localization.LocalizationService, class com.almasb.fxgl.app.services.SystemBundleService, class com.almasb.fxgl.profile.SaveLoadService, class com.almasb.fxgl.ui.FXGLUIFactoryServiceProvider, class com.almasb.fxgl.ui.FXGLDialogFactoryServiceProvider, class com.almasb.fxgl.audio.AudioPlayer, class com.almasb.fxgl.notification.impl.NotificationServiceProvider, class com.almasb.fxgl.achievement.AchievementService, class com.almasb.fxgl.cutscene.CutsceneService, class com.almasb.fxgl.minigames.MiniGameService, class com.almasb.fxgl.net.NetService, class com.almasb.fxgl.app.services.UpdaterService, class com.almasb.fxgl.dev.DevService]
17:21:26.165 [FXGL Background Thread 3 ] DEBUG Engine               - fontGame: Abel-Regular.ttf
17:21:26.165 [FXGL Background Thread 3 ] DEBUG Engine               - fontMono: TerminalLandMono-Regular.otf
17:21:26.165 [FXGL Background Thread 3 ] DEBUG Engine               - fontSizeScaleUI: 1.0
17:21:26.165 [FXGL Background Thread 3 ] DEBUG Engine               - fontText: Courier-Prime.ttf
17:21:26.165 [FXGL Background Thread 3 ] DEBUG Engine               - fontUI: VarelaRound-Regular.ttf
17:21:26.165 [FXGL Background Thread 3 ] DEBUG Engine               - fullScreen: BooleanProperty [value: true]
17:21:26.165 [FXGL Background Thread 3 ] DEBUG Engine               - gameDifficulty: MEDIUM
17:21:26.166 [FXGL Background Thread 3 ] DEBUG Engine               - gameDifficultyProperty: ObjectProperty [value: MEDIUM]
17:21:26.166 [FXGL Background Thread 3 ] DEBUG Engine               - globalMusicVolume: 0.5
17:21:26.166 [FXGL Background Thread 3 ] DEBUG Engine               - globalMusicVolumeProperty: DoubleProperty [value: 0.5]
17:21:26.166 [FXGL Background Thread 3 ] DEBUG Engine               - globalSoundVolume: 0.5
17:21:26.166 [FXGL Background Thread 3 ] DEBUG Engine               - globalSoundVolumeProperty: DoubleProperty [value: 0.5]
17:21:26.166 [FXGL Background Thread 3 ] DEBUG Engine               - height: 600
17:21:26.166 [FXGL Background Thread 3 ] DEBUG Engine               - is3D: false
17:21:26.166 [FXGL Background Thread 3 ] DEBUG Engine               - isAndroid: false
17:21:26.166 [FXGL Background Thread 3 ] DEBUG Engine               - isBrowser: false
17:21:26.166 [FXGL Background Thread 3 ] DEBUG Engine               - isClickFeedbackEnabled: false
17:21:26.166 [FXGL Background Thread 3 ] DEBUG Engine               - isCloseConfirmation: false
17:21:26.166 [FXGL Background Thread 3 ] DEBUG Engine               - isDesktop: true
17:21:26.166 [FXGL Background Thread 3 ] DEBUG Engine               - isDeveloperMenuEnabled: false
17:21:26.166 [FXGL Background Thread 3 ] DEBUG Engine               - isEmbedded: false
17:21:26.167 [FXGL Background Thread 3 ] DEBUG Engine               - isEntityPreloadEnabled: true
17:21:26.167 [FXGL Background Thread 3 ] DEBUG Engine               - isExperimentalTiledLargeMap: false
17:21:26.167 [FXGL Background Thread 3 ] DEBUG Engine               - isFileSystemWriteAllowed: true
17:21:26.167 [FXGL Background Thread 3 ] DEBUG Engine               - isFullScreenAllowed: true
17:21:26.167 [FXGL Background Thread 3 ] DEBUG Engine               - isFullScreenFromStart: true
17:21:26.167 [FXGL Background Thread 3 ] DEBUG Engine               - isGameMenuEnabled: true
17:21:26.167 [FXGL Background Thread 3 ] DEBUG Engine               - isIOS: false
17:21:26.167 [FXGL Background Thread 3 ] DEBUG Engine               - isIntroEnabled: false
17:21:26.167 [FXGL Background Thread 3 ] DEBUG Engine               - isLinux: false
17:21:26.167 [FXGL Background Thread 3 ] DEBUG Engine               - isMac: false
17:21:26.167 [FXGL Background Thread 3 ] DEBUG Engine               - isMainMenuEnabled: false
17:21:26.167 [FXGL Background Thread 3 ] DEBUG Engine               - isManualResizeEnabled: false
17:21:26.168 [FXGL Background Thread 3 ] DEBUG Engine               - isMobile: false
17:21:26.168 [FXGL Background Thread 3 ] DEBUG Engine               - isNative: false
17:21:26.168 [FXGL Background Thread 3 ] DEBUG Engine               - isPauseMusicWhenMinimized: true
17:21:26.168 [FXGL Background Thread 3 ] DEBUG Engine               - isPreserveResizeRatio: false
17:21:26.168 [FXGL Background Thread 3 ] DEBUG Engine               - isProfilingEnabled: false
17:21:26.168 [FXGL Background Thread 3 ] DEBUG Engine               - isScaleAffectedOnResize: true
17:21:26.168 [FXGL Background Thread 3 ] DEBUG Engine               - isSingleStep: false
17:21:26.168 [FXGL Background Thread 3 ] DEBUG Engine               - isUserProfileEnabled: false
17:21:26.168 [FXGL Background Thread 3 ] DEBUG Engine               - isWindows: true
17:21:26.168 [FXGL Background Thread 3 ] DEBUG Engine               - language: ObjectProperty [value: ENGLISH]
17:21:26.168 [FXGL Background Thread 3 ] DEBUG Engine               - menuKey: ESCAPE
17:21:26.168 [FXGL Background Thread 3 ] DEBUG Engine               - mouseSensitivity: 0.2
17:21:26.168 [FXGL Background Thread 3 ] DEBUG Engine               - notificationViewClass: class com.almasb.fxgl.notification.view.XboxNotificationView
17:21:26.168 [FXGL Background Thread 3 ] DEBUG Engine               - pixelsPerMeter: 50.0
17:21:26.168 [FXGL Background Thread 3 ] DEBUG Engine               - platform: WINDOWS
17:21:26.168 [FXGL Background Thread 3 ] DEBUG Engine               - prefHeightProperty: ReadOnlyDoubleProperty [value: 600.0]
17:21:26.168 [FXGL Background Thread 3 ] DEBUG Engine               - prefWidthProperty: ReadOnlyDoubleProperty [value: 800.0]
17:21:26.168 [FXGL Background Thread 3 ] DEBUG Engine               - profileDir: profiles/
17:21:26.169 [FXGL Background Thread 3 ] DEBUG Engine               - profileName: StringProperty [value: DEFAULT]
17:21:26.169 [FXGL Background Thread 3 ] DEBUG Engine               - randomSeed: -1
17:21:26.169 [FXGL Background Thread 3 ] DEBUG Engine               - runtimeInfo: RuntimeInfo(platform=WINDOWS, version=17.3, build=30.03.2023 11.49)
17:21:26.169 [FXGL Background Thread 3 ] DEBUG Engine               - saveFileExt: sav
17:21:26.169 [FXGL Background Thread 3 ] DEBUG Engine               - scaledHeightProp$fxgl: DoubleProperty [bound, value: 864.0]
17:21:26.169 [FXGL Background Thread 3 ] DEBUG Engine               - scaledWidthProp$fxgl: DoubleProperty [bound, value: 1536.0]
17:21:26.169 [FXGL Background Thread 3 ] DEBUG Engine               - sceneFactory: com.almasb.fxgl.app.scene.SceneFactory@59a04672
17:21:26.169 [FXGL Background Thread 3 ] DEBUG Engine               - secondsIn24h: 60
17:21:26.169 [FXGL Background Thread 3 ] DEBUG Engine               - soundMenuBack: menu/back.wav
17:21:26.169 [FXGL Background Thread 3 ] DEBUG Engine               - soundMenuPress: menu/press.wav
17:21:26.170 [FXGL Background Thread 3 ] DEBUG Engine               - soundMenuSelect: menu/select.wav
17:21:26.170 [FXGL Background Thread 3 ] DEBUG Engine               - soundNotification: core/notification.wav
17:21:26.170 [FXGL Background Thread 3 ] DEBUG Engine               - stageStyle: DECORATED
17:21:26.170 [FXGL Background Thread 3 ] DEBUG Engine               - supportedLanguages: [ENGLISH, FRENCH, GERMAN, HUNGARIAN, RUSSIAN]
17:21:26.170 [FXGL Background Thread 3 ] DEBUG Engine               - ticksPerSecond: -1
17:21:26.170 [FXGL Background Thread 3 ] DEBUG Engine               - title: BvB
17:21:26.170 [FXGL Background Thread 3 ] DEBUG Engine               - urlGithub: https://github.com/AlmasB/FXGL
17:21:26.170 [FXGL Background Thread 3 ] DEBUG Engine               - urlLeaderboard: http://fxgl-top.herokuapp.com/
17:21:26.170 [FXGL Background Thread 3 ] DEBUG Engine               - urlPOM: https://raw.githubusercontent.com/AlmasB/FXGL/release/README.md
17:21:26.170 [FXGL Background Thread 3 ] DEBUG Engine               - userAppClass: class at.htl.blaetter_vs_beiser.Start
17:21:26.170 [FXGL Background Thread 3 ] DEBUG Engine               - version: 0.0
17:21:26.170 [FXGL Background Thread 3 ] DEBUG Engine               - versionCheckDays: 7
17:21:26.170 [FXGL Background Thread 3 ] DEBUG Engine               - width: 800
17:21:26.171 [FXGL Background Thread 3 ] DEBUG Engine               - Logging services
17:21:26.171 [FXGL Background Thread 3 ] DEBUG Engine               - class com.almasb.fxgl.app.services.FXGLAssetLoaderService
17:21:26.171 [FXGL Background Thread 3 ] DEBUG Engine               - class com.almasb.fxgl.app.FXGLApplication$GameApplicationService
17:21:26.171 [FXGL Background Thread 3 ] DEBUG Engine               - class com.almasb.fxgl.app.services.FXGLDialogService
17:21:26.171 [FXGL Background Thread 3 ] DEBUG Engine               - class com.almasb.fxgl.app.services.IOTaskExecutorService
17:21:26.171 [FXGL Background Thread 3 ] DEBUG Engine               - class com.almasb.fxgl.io.FileSystemService
17:21:26.171 [FXGL Background Thread 3 ] DEBUG Engine               - class com.almasb.fxgl.localization.LocalizationService
17:21:26.171 [FXGL Background Thread 3 ] DEBUG Engine               - class com.almasb.fxgl.app.services.SystemBundleService
17:21:26.171 [FXGL Background Thread 3 ] DEBUG Engine               - class com.almasb.fxgl.profile.SaveLoadService
17:21:26.171 [FXGL Background Thread 3 ] DEBUG Engine               - class com.almasb.fxgl.ui.FXGLUIFactoryServiceProvider
17:21:26.171 [FXGL Background Thread 3 ] DEBUG Engine               - class com.almasb.fxgl.ui.FXGLDialogFactoryServiceProvider
17:21:26.171 [FXGL Background Thread 3 ] DEBUG Engine               - class com.almasb.fxgl.audio.AudioPlayer
17:21:26.171 [FXGL Background Thread 3 ] DEBUG Engine               - class com.almasb.fxgl.notification.impl.NotificationServiceProvider
17:21:26.171 [FXGL Background Thread 3 ] DEBUG Engine               - class com.almasb.fxgl.achievement.AchievementService
17:21:26.171 [FXGL Background Thread 3 ] DEBUG Engine               - class com.almasb.fxgl.cutscene.CutsceneService
17:21:26.171 [FXGL Background Thread 3 ] DEBUG Engine               - class com.almasb.fxgl.minigames.MiniGameService
17:21:26.171 [FXGL Background Thread 3 ] DEBUG Engine               - class com.almasb.fxgl.net.NetService
17:21:26.171 [FXGL Background Thread 3 ] DEBUG Engine               - class com.almasb.fxgl.app.services.UpdaterService
17:21:26.171 [FXGL Background Thread 3 ] DEBUG Engine               - class com.almasb.fxgl.dev.DevService
17:21:28.313 [JavaFX Application Thread] DEBUG FXGLApplication      - Exiting FXGL
17:21:28.313 [JavaFX Application Thread] DEBUG LoopRunner           - Stopping loop
17:21:28.313 [JavaFX Application Thread] DEBUG SystemBundleService  - Saving FXGL system data
17:21:28.316 [JavaFX Application Thread] DEBUG FileSystemAccess     - Writing to: C:\Users\golde\POS\Blaetter_vs_Beiser_neu\system\fxgl.bundle
17:21:28.318 [JavaFX Application Thread] DEBUG Async                - Shutting down background threads
17:21:28.319 [JavaFX Application Thread] DEBUG PrimaryStageWindow   - Closing main window
17:21:28.352 [JavaFX Application Thread] DEBUG Logger               - Closing Logger
