07:58:29.011 [main                     ] DEBUG Logger               - Configured Logger
07:58:29.018 [main                     ] DEBUG GameApplication      - Logging settings
Title: BvB
Version: 0.0
Width: 800
Height: 600
Fullscreen: true
Intro: false
Profiling: false
Single step:false
App Mode: DEVELOPER
Menu Key: ESCAPE
Stage Style: DECORATED
Scene Factory: class com.almasb.fxgl.app.scene.SceneFactory

07:58:29.374 [JavaFX Application Thread] DEBUG FXGLApplication      - Initializing FXGL
07:58:29.377 [JavaFX Application Thread] INFO  Engine               - FXGL-17.3 (30.03.2023 11.49) on WINDOWS (J:25 FX:21.0.6)
07:58:29.377 [JavaFX Application Thread] DEBUG Engine               - JRE Vendor Name: Oracle Corporation
07:58:29.377 [JavaFX Application Thread] DEBUG Engine               - Running on OS: Windows 11 version 10.0
07:58:29.377 [JavaFX Application Thread] DEBUG Engine               - Architecture: amd64
07:58:29.377 [JavaFX Application Thread] INFO  Engine               - Source code and latest versions at: https://github.com/AlmasB/FXGL
07:58:29.378 [JavaFX Application Thread] INFO  Engine               -       Ask questions and discuss at: https://github.com/AlmasB/FXGL/discussions
07:58:29.378 [JavaFX Application Thread] INFO  Engine               -              Join the FXGL chat at: https://gitter.im/AlmasB/FXGL
07:58:29.469 [JavaFX Application Thread] DEBUG PrimaryStageWindow   - Creating a JavaFX scene
07:58:29.513 [JavaFX Application Thread] DEBUG PrimaryStageWindow   - Target settings size: 800.0 x 600.0
07:58:29.513 [JavaFX Application Thread] DEBUG PrimaryStageWindow   - Scaled scene size:    800.0 x 600.0
07:58:29.514 [JavaFX Application Thread] DEBUG PrimaryStageWindow   - Scaled ratio: (1.0, 1.0)
07:58:29.514 [JavaFX Application Thread] DEBUG PrimaryStageWindow   - Set initial scene to FXGLStartupScene
07:58:29.518 [JavaFX Application Thread] DEBUG PrimaryStageWindow   - Opening main window
07:58:29.590 [JavaFX Application Thread] DEBUG PrimaryStageWindow   - Window border size: (14.4000244140625, 37.5999755859375)
07:58:29.590 [JavaFX Application Thread] DEBUG PrimaryStageWindow   - Scaled size: 800.0 x 600.0
07:58:29.590 [JavaFX Application Thread] DEBUG PrimaryStageWindow   - Scaled ratio: (1.0, 1.0)
07:58:29.590 [JavaFX Application Thread] DEBUG PrimaryStageWindow   - Scene size: 800.0 x 600.0
07:58:29.590 [JavaFX Application Thread] DEBUG PrimaryStageWindow   - Stage size: 814.4000244140625 x 637.5999755859375
07:58:29.635 [JavaFX Application Thread] DEBUG PrimaryStageWindow   - Going fullscreen
07:58:29.642 [FXGL Background Thread 1 ] DEBUG Engine               - Initializing environment variables
07:58:29.683 [FXGL Background Thread 1 ] DEBUG FXGLAssetLoaderServi - User app class for loading assets: class at.htl.blaetter_vs_beiser.Start
07:58:29.683 [FXGL Background Thread 1 ] DEBUG GameApplicationServi - Applying CSS: fxgl_dark.css
07:58:29.684 [FXGL Background Thread 1 ] DEBUG FXGLAssetLoaderServi - Loading from file system: jar:file:/C:/Users/grube/.m2/repository/com/github/almasb/fxgl/17.3/fxgl-17.3.jar!/fxglassets/ui/css/fxgl_dark.css
07:58:29.713 [FXGL Background Thread 1 ] DEBUG GameApplicationServi - Initializing application scenes
07:58:29.742 [FXGL Background Thread 1 ] DEBUG GameWorld            - Game world initialized
07:58:29.777 [FXGL Background Thread 1 ] DEBUG PhysicsWorld         - Physics world initialized: appHeight=600, physics.ppm=50,0
07:58:29.778 [FXGL Background Thread 1 ] DEBUG PhysicsWorld         - Using strategy: BRUTE_FORCE
07:58:29.780 [FXGL Background Thread 1 ] DEBUG GameScene            - Game scene initialized: 800x600
07:58:29.790 [FXGL Background Thread 1 ] DEBUG FXGL.DefaultMenu     - createMenuBodyGameMenu()
07:58:29.803 [FXGL Background Thread 1 ] DEBUG FXGL.DefaultMenu     - createOptionsMenu()
07:58:29.811 [FXGL Background Thread 1 ] DEBUG FXGLAssetLoaderServi - Loading from file system: jar:file:/C:/Users/grube/.m2/repository/com/github/almasb/fxgl/17.3/fxgl-17.3.jar!/fxglassets/textures/particles/smoke.png
07:58:29.876 [FXGL Background Thread 1 ] DEBUG FXGLAssetLoaderServi - Loading from file system: jar:file:/C:/Users/grube/.m2/repository/com/github/almasb/fxgl/17.3/fxgl-17.3.jar!/fxglassets/textures/particles/trace_horizontal.png
07:58:29.900 [FXGL Background Thread 1 ] DEBUG GameApplicationServi - Application scenes initialized
07:58:29.909 [FXGL Background Thread 1 ] DEBUG SystemBundleService  - Loading FXGL system data
07:58:29.912 [FXGL Background Thread 1 ] DEBUG FileSystemAccess     - Reading from: C:\Users\grube\OneDrive - HTL Saalfelden\Desktop\Pos\Pos3\blaetter_vs_beiser\Blaetter_vs_Beiser\system\fxgl.bundle
07:58:29.918 [FXGL Background Thread 1 ] DEBUG SystemBundleService  - Bundle FXGL: {}
07:58:29.918 [FXGL Background Thread 1 ] DEBUG UpdaterService       - Checking for updates
07:58:29.921 [FXGL Background Thread 4 ] DEBUG FXGLApplication      - Loading fonts
07:58:29.922 [FXGL Background Thread 1 ] DEBUG FXGLApplication      - Loading default localization
07:58:29.922 [FXGL Background Thread 4 ] DEBUG FXGLAssetLoaderServi - Loading from file system: jar:file:/C:/Users/grube/.m2/repository/com/github/almasb/fxgl/17.3/fxgl-17.3.jar!/fxglassets/ui/fonts/VarelaRound-Regular.ttf
07:58:29.922 [FXGL Background Thread 1 ] DEBUG FXGLAssetLoaderServi - Loading from file system: jar:file:/C:/Users/grube/.m2/repository/com/github/almasb/fxgl/17.3/fxgl-17.3.jar!/fxglassets/languages/english.lang
07:58:29.935 [FXGL Background Thread 1 ] INFO  FXGLApplication      - FXGL initialization took: 0,292 sec
07:58:29.938 [JavaFX Application Thread] DEBUG FXGLAssetLoaderServi - Loading from file system: jar:file:/C:/Users/grube/.m2/repository/com/github/almasb/fxgl/17.3/fxgl-17.3.jar!/fxglassets/textures/fxgl_icon.png
07:58:29.958 [JavaFX Application Thread] DEBUG FXGLAssetLoaderServi - Loading from file system: jar:file:/C:/Users/grube/.m2/repository/com/github/almasb/fxgl/17.3/fxgl-17.3.jar!/fxglassets/textures/fxgl_default_cursor.png
07:58:29.962 [FXGL Background Thread 4 ] DEBUG FXGLAssetLoaderServi - Loading from file system: jar:file:/C:/Users/grube/.m2/repository/com/github/almasb/fxgl/17.3/fxgl-17.3.jar!/fxglassets/ui/fonts/Abel-Regular.ttf
07:58:29.967 [JavaFX Application Thread] DEBUG Input                - Registered new binding: Screenshot - CTRL+8
07:58:29.968 [JavaFX Application Thread] DEBUG Input                - Registered new binding: System info dump - CTRL+9
07:58:29.968 [JavaFX Application Thread] DEBUG Input                - Registered new binding: Restart - CTRL+R
07:58:29.969 [JavaFX Application Thread] DEBUG Input                - Registered new binding: Toggle Debug Camera - CTRL+7
07:58:29.971 [JavaFX Application Thread] DEBUG LoopRunner           - Starting loop
07:58:29.971 [JavaFX Application Thread] DEBUG LoopRunner           - Initializing JavaFX AnimationTimerLoop
07:58:29.972 [JavaFX Application Thread] DEBUG GameApplicationServi - Starting new game
07:58:29.972 [JavaFX Application Thread] DEBUG Input                - Clearing active input actions
07:58:29.975 [FXGL Background Thread 4 ] DEBUG FXGLAssetLoaderServi - Loading from file system: jar:file:/C:/Users/grube/.m2/repository/com/github/almasb/fxgl/17.3/fxgl-17.3.jar!/fxglassets/ui/fonts/TerminalLandMono-Regular.otf
07:58:29.983 [JavaFX Application Thread] DEBUG GameApplicationServi - Removing overlay from FXGLStartupScene and adding to FXGLLoadingScene
07:58:29.983 [JavaFX Application Thread] DEBUG PrimaryStageWindow   - FXGLStartupScene -> FXGLLoadingScene
07:58:29.983 [JavaFX Application Thread] DEBUG GameApplicationServi - Clearing previous game
07:58:29.983 [JavaFX Application Thread] DEBUG GameScene            - Clearing game scene
07:58:29.983 [JavaFX Application Thread] DEBUG GameWorld            - Clearing game world
07:58:29.984 [JavaFX Application Thread] DEBUG PhysicsWorld         - Clearing physics world
07:58:29.985 [FXGL Background Thread 1 ] DEBUG FXGLApplication      - Initializing game
07:58:29.989 [FXGL Background Thread 1 ] DEBUG FXGLAssetLoaderServi - Loading from file system: file:/C:/Users/grube/OneDrive%20-%20HTL%20Saalfelden/Desktop/Pos/Pos3/blaetter_vs_beiser/Blaetter_vs_Beiser/blaetter_vs_beiser/target/classes/assets/textures/Background.png
07:58:29.989 [FXGL Background Thread 4 ] DEBUG FXGLAssetLoaderServi - Loading from file system: jar:file:/C:/Users/grube/.m2/repository/com/github/almasb/fxgl/17.3/fxgl-17.3.jar!/fxglassets/ui/fonts/Courier-Prime.ttf
07:58:30.029 [JavaFX Application Thread] DEBUG FXGLApplication      - Registering font factories with UI factory
07:58:30.068 [FXGL Background Thread 1 ] DEBUG FXGLAssetLoaderServi - Loading JSON from: file:/C:/Users/grube/OneDrive%20-%20HTL%20Saalfelden/Desktop/Pos/Pos3/blaetter_vs_beiser/Blaetter_vs_Beiser/blaetter_vs_beiser/target/classes/assets/Level/level1.json
07:58:30.243 [FXGL Background Thread 1 ] DEBUG FXGLAssetLoaderServi - Loading from file system: file:/C:/Users/grube/OneDrive%20-%20HTL%20Saalfelden/Desktop/Pos/Pos3/blaetter_vs_beiser/Blaetter_vs_Beiser/blaetter_vs_beiser/target/classes/assets/textures/Mousecursor.png
07:58:30.246 [FXGL Background Thread 1 ] DEBUG FXGLAssetLoaderServi - Loading from file system: file:/C:/Users/grube/OneDrive%20-%20HTL%20Saalfelden/Desktop/Pos/Pos3/blaetter_vs_beiser/Blaetter_vs_Beiser/blaetter_vs_beiser/target/classes/assets/textures/Sun.png
07:58:30.259 [FXGL Background Thread 1 ] DEBUG FXGLAssetLoaderServi - Loading from file system: file:/C:/Users/grube/OneDrive%20-%20HTL%20Saalfelden/Desktop/Pos/Pos3/blaetter_vs_beiser/Blaetter_vs_Beiser/blaetter_vs_beiser/target/classes/assets/textures/Plants/Peashooter.png
07:58:30.269 [FXGL Background Thread 1 ] DEBUG FXGLAssetLoaderServi - Loading from file system: file:/C:/Users/grube/OneDrive%20-%20HTL%20Saalfelden/Desktop/Pos/Pos3/blaetter_vs_beiser/Blaetter_vs_Beiser/blaetter_vs_beiser/target/classes/assets/textures/Plants/Sunflower.png
07:58:30.279 [FXGL Background Thread 1 ] DEBUG FXGLAssetLoaderServi - Loading from file system: file:/C:/Users/grube/OneDrive%20-%20HTL%20Saalfelden/Desktop/Pos/Pos3/blaetter_vs_beiser/Blaetter_vs_Beiser/blaetter_vs_beiser/target/classes/assets/textures/Plants/Wallnut.png
07:58:30.288 [FXGL Background Thread 1 ] DEBUG FXGLAssetLoaderServi - Loading from file system: file:/C:/Users/grube/OneDrive%20-%20HTL%20Saalfelden/Desktop/Pos/Pos3/blaetter_vs_beiser/Blaetter_vs_Beiser/blaetter_vs_beiser/target/classes/assets/textures/Plants/Potatomine.png
07:58:30.297 [FXGL Background Thread 1 ] DEBUG FXGLAssetLoaderServi - Loading from file system: file:/C:/Users/grube/OneDrive%20-%20HTL%20Saalfelden/Desktop/Pos/Pos3/blaetter_vs_beiser/Blaetter_vs_Beiser/blaetter_vs_beiser/target/classes/assets/textures/Plants/Cherrybomb.png
07:58:30.307 [FXGL Background Thread 1 ] DEBUG FXGLAssetLoaderServi - Loading from file system: file:/C:/Users/grube/OneDrive%20-%20HTL%20Saalfelden/Desktop/Pos/Pos3/blaetter_vs_beiser/Blaetter_vs_Beiser/blaetter_vs_beiser/target/classes/assets/textures/Plants/Snowpeashooter.png
07:58:30.331 [FXGL Background Thread 1 ] DEBUG FXGLAssetLoaderServi - Loading from file system: file:/C:/Users/grube/OneDrive%20-%20HTL%20Saalfelden/Desktop/Pos/Pos3/blaetter_vs_beiser/Blaetter_vs_Beiser/blaetter_vs_beiser/target/classes/assets/textures/Shovel.png
07:58:30.375 [FXGL Background Thread 1 ] INFO  FXGLApplication      - Game initialization took: 0,390 sec
07:58:30.376 [JavaFX Application Thread] DEBUG Input                - Clearing active input actions
07:58:30.386 [JavaFX Application Thread] DEBUG GameApplicationServi - Removing overlay from FXGLLoadingScene and adding to GameScene
07:58:30.386 [JavaFX Application Thread] DEBUG PrimaryStageWindow   - FXGLLoadingScene -> GameScene
07:58:30.555 [FXGL Background Thread 2 ] INFO  UpdaterService       - Your current version:  17.3
07:58:30.555 [FXGL Background Thread 2 ] INFO  UpdaterService       - Latest stable version: 25
07:58:32.921 [FXGL Background Thread 3 ] DEBUG Engine               - Logging environment variables
07:58:32.922 [FXGL Background Thread 3 ] DEBUG Engine               - achievements: []
07:58:32.922 [FXGL Background Thread 3 ] DEBUG Engine               - actualHeight: 960.0
07:58:32.922 [FXGL Background Thread 3 ] DEBUG Engine               - actualHeightProperty: ReadOnlyDoubleProperty [value: 960.0]
07:58:32.922 [FXGL Background Thread 3 ] DEBUG Engine               - actualWidth: 1536.0
07:58:32.922 [FXGL Background Thread 3 ] DEBUG Engine               - actualWidthProperty: ReadOnlyDoubleProperty [value: 1536.0]
07:58:32.922 [FXGL Background Thread 3 ] DEBUG Engine               - appIcon: fxgl_icon.png
07:58:32.923 [FXGL Background Thread 3 ] DEBUG Engine               - applicationMode: DEVELOPER
07:58:32.923 [FXGL Background Thread 3 ] DEBUG Engine               - cSSList: [fxgl_dark.css]
07:58:32.923 [FXGL Background Thread 3 ] DEBUG Engine               - collisionDetectionStrategy: BRUTE_FORCE
07:58:32.923 [FXGL Background Thread 3 ] DEBUG Engine               - configClass: Optional.empty
07:58:32.923 [FXGL Background Thread 3 ] DEBUG Engine               - credits: []
07:58:32.923 [FXGL Background Thread 3 ] DEBUG Engine               - defaultCursor: CursorInfo(imageName=fxgl_default_cursor.png, hotspotX=7.0, hotspotY=6.0)
07:58:32.923 [FXGL Background Thread 3 ] DEBUG Engine               - devBBoxColorProperty: ObjectProperty [value: 0xff0000ff]
07:58:32.923 [FXGL Background Thread 3 ] DEBUG Engine               - devEnableDebugCameraProperty: BooleanProperty [value: false]
07:58:32.923 [FXGL Background Thread 3 ] DEBUG Engine               - devSensorColorProperty: ObjectProperty [value: 0xffff00ff]
07:58:32.923 [FXGL Background Thread 3 ] DEBUG Engine               - devShowBBoxProperty: BooleanProperty [value: false]
07:58:32.923 [FXGL Background Thread 3 ] DEBUG Engine               - devShowPositionProperty: BooleanProperty [value: false]
07:58:32.923 [FXGL Background Thread 3 ] DEBUG Engine               - enabledMenuItems: []
07:58:32.923 [FXGL Background Thread 3 ] DEBUG Engine               - engineServices: [class com.almasb.fxgl.app.services.FXGLAssetLoaderService, class com.almasb.fxgl.app.FXGLApplication$GameApplicationService, class com.almasb.fxgl.app.services.FXGLDialogService, class com.almasb.fxgl.app.services.IOTaskExecutorService, class com.almasb.fxgl.io.FileSystemService, class com.almasb.fxgl.localization.LocalizationService, class com.almasb.fxgl.app.services.SystemBundleService, class com.almasb.fxgl.profile.SaveLoadService, class com.almasb.fxgl.ui.FXGLUIFactoryServiceProvider, class com.almasb.fxgl.ui.FXGLDialogFactoryServiceProvider, class com.almasb.fxgl.audio.AudioPlayer, class com.almasb.fxgl.notification.impl.NotificationServiceProvider, class com.almasb.fxgl.achievement.AchievementService, class com.almasb.fxgl.cutscene.CutsceneService, class com.almasb.fxgl.minigames.MiniGameService, class com.almasb.fxgl.net.NetService, class com.almasb.fxgl.app.services.UpdaterService, class com.almasb.fxgl.dev.DevService]
07:58:32.923 [FXGL Background Thread 3 ] DEBUG Engine               - fontGame: Abel-Regular.ttf
07:58:32.923 [FXGL Background Thread 3 ] DEBUG Engine               - fontMono: TerminalLandMono-Regular.otf
07:58:32.923 [FXGL Background Thread 3 ] DEBUG Engine               - fontSizeScaleUI: 1.0
07:58:32.923 [FXGL Background Thread 3 ] DEBUG Engine               - fontText: Courier-Prime.ttf
07:58:32.923 [FXGL Background Thread 3 ] DEBUG Engine               - fontUI: VarelaRound-Regular.ttf
07:58:32.923 [FXGL Background Thread 3 ] DEBUG Engine               - fullScreen: BooleanProperty [value: true]
07:58:32.923 [FXGL Background Thread 3 ] DEBUG Engine               - gameDifficulty: MEDIUM
07:58:32.923 [FXGL Background Thread 3 ] DEBUG Engine               - gameDifficultyProperty: ObjectProperty [value: MEDIUM]
07:58:32.923 [FXGL Background Thread 3 ] DEBUG Engine               - globalMusicVolume: 0.5
07:58:32.923 [FXGL Background Thread 3 ] DEBUG Engine               - globalMusicVolumeProperty: DoubleProperty [value: 0.5]
07:58:32.923 [FXGL Background Thread 3 ] DEBUG Engine               - globalSoundVolume: 0.5
07:58:32.923 [FXGL Background Thread 3 ] DEBUG Engine               - globalSoundVolumeProperty: DoubleProperty [value: 0.5]
07:58:32.923 [FXGL Background Thread 3 ] DEBUG Engine               - height: 600
07:58:32.923 [FXGL Background Thread 3 ] DEBUG Engine               - is3D: false
07:58:32.923 [FXGL Background Thread 3 ] DEBUG Engine               - isAndroid: false
07:58:32.923 [FXGL Background Thread 3 ] DEBUG Engine               - isBrowser: false
07:58:32.924 [FXGL Background Thread 3 ] DEBUG Engine               - isClickFeedbackEnabled: false
07:58:32.924 [FXGL Background Thread 3 ] DEBUG Engine               - isCloseConfirmation: false
07:58:32.924 [FXGL Background Thread 3 ] DEBUG Engine               - isDesktop: true
07:58:32.924 [FXGL Background Thread 3 ] DEBUG Engine               - isDeveloperMenuEnabled: false
07:58:32.924 [FXGL Background Thread 3 ] DEBUG Engine               - isEmbedded: false
07:58:32.924 [FXGL Background Thread 3 ] DEBUG Engine               - isEntityPreloadEnabled: true
07:58:32.924 [FXGL Background Thread 3 ] DEBUG Engine               - isExperimentalTiledLargeMap: false
07:58:32.924 [FXGL Background Thread 3 ] DEBUG Engine               - isFileSystemWriteAllowed: true
07:58:32.924 [FXGL Background Thread 3 ] DEBUG Engine               - isFullScreenAllowed: true
07:58:32.924 [FXGL Background Thread 3 ] DEBUG Engine               - isFullScreenFromStart: true
07:58:32.924 [FXGL Background Thread 3 ] DEBUG Engine               - isGameMenuEnabled: true
07:58:32.924 [FXGL Background Thread 3 ] DEBUG Engine               - isIOS: false
07:58:32.924 [FXGL Background Thread 3 ] DEBUG Engine               - isIntroEnabled: false
07:58:32.924 [FXGL Background Thread 3 ] DEBUG Engine               - isLinux: false
07:58:32.925 [FXGL Background Thread 3 ] DEBUG Engine               - isMac: false
07:58:32.925 [FXGL Background Thread 3 ] DEBUG Engine               - isMainMenuEnabled: false
07:58:32.925 [FXGL Background Thread 3 ] DEBUG Engine               - isManualResizeEnabled: false
07:58:32.925 [FXGL Background Thread 3 ] DEBUG Engine               - isMobile: false
07:58:32.925 [FXGL Background Thread 3 ] DEBUG Engine               - isNative: false
07:58:32.925 [FXGL Background Thread 3 ] DEBUG Engine               - isPauseMusicWhenMinimized: true
07:58:32.925 [FXGL Background Thread 3 ] DEBUG Engine               - isPreserveResizeRatio: false
07:58:32.925 [FXGL Background Thread 3 ] DEBUG Engine               - isProfilingEnabled: false
07:58:32.925 [FXGL Background Thread 3 ] DEBUG Engine               - isScaleAffectedOnResize: true
07:58:32.925 [FXGL Background Thread 3 ] DEBUG Engine               - isSingleStep: false
07:58:32.925 [FXGL Background Thread 3 ] DEBUG Engine               - isUserProfileEnabled: false
07:58:32.925 [FXGL Background Thread 3 ] DEBUG Engine               - isWindows: true
07:58:32.925 [FXGL Background Thread 3 ] DEBUG Engine               - language: ObjectProperty [value: ENGLISH]
07:58:32.925 [FXGL Background Thread 3 ] DEBUG Engine               - menuKey: ESCAPE
07:58:32.925 [FXGL Background Thread 3 ] DEBUG Engine               - mouseSensitivity: 0.2
07:58:32.925 [FXGL Background Thread 3 ] DEBUG Engine               - notificationViewClass: class com.almasb.fxgl.notification.view.XboxNotificationView
07:58:32.925 [FXGL Background Thread 3 ] DEBUG Engine               - pixelsPerMeter: 50.0
07:58:32.925 [FXGL Background Thread 3 ] DEBUG Engine               - platform: WINDOWS
07:58:32.925 [FXGL Background Thread 3 ] DEBUG Engine               - prefHeightProperty: ReadOnlyDoubleProperty [value: 600.0]
07:58:32.925 [FXGL Background Thread 3 ] DEBUG Engine               - prefWidthProperty: ReadOnlyDoubleProperty [value: 800.0]
07:58:32.925 [FXGL Background Thread 3 ] DEBUG Engine               - profileDir: profiles/
07:58:32.925 [FXGL Background Thread 3 ] DEBUG Engine               - profileName: StringProperty [value: DEFAULT]
07:58:32.925 [FXGL Background Thread 3 ] DEBUG Engine               - randomSeed: -1
07:58:32.925 [FXGL Background Thread 3 ] DEBUG Engine               - runtimeInfo: RuntimeInfo(platform=WINDOWS, version=17.3, build=30.03.2023 11.49)
07:58:32.925 [FXGL Background Thread 3 ] DEBUG Engine               - saveFileExt: sav
07:58:32.925 [FXGL Background Thread 3 ] DEBUG Engine               - scaledHeightProp$fxgl: DoubleProperty [bound, value: 960.0]
07:58:32.925 [FXGL Background Thread 3 ] DEBUG Engine               - scaledWidthProp$fxgl: DoubleProperty [bound, value: 1536.0]
07:58:32.925 [FXGL Background Thread 3 ] DEBUG Engine               - sceneFactory: com.almasb.fxgl.app.scene.SceneFactory@6c1f0de9
07:58:32.925 [FXGL Background Thread 3 ] DEBUG Engine               - secondsIn24h: 60
07:58:32.925 [FXGL Background Thread 3 ] DEBUG Engine               - soundMenuBack: menu/back.wav
07:58:32.925 [FXGL Background Thread 3 ] DEBUG Engine               - soundMenuPress: menu/press.wav
07:58:32.925 [FXGL Background Thread 3 ] DEBUG Engine               - soundMenuSelect: menu/select.wav
07:58:32.925 [FXGL Background Thread 3 ] DEBUG Engine               - soundNotification: core/notification.wav
07:58:32.925 [FXGL Background Thread 3 ] DEBUG Engine               - stageStyle: DECORATED
07:58:32.925 [FXGL Background Thread 3 ] DEBUG Engine               - supportedLanguages: [ENGLISH, FRENCH, GERMAN, HUNGARIAN, RUSSIAN]
07:58:32.925 [FXGL Background Thread 3 ] DEBUG Engine               - ticksPerSecond: -1
07:58:32.925 [FXGL Background Thread 3 ] DEBUG Engine               - title: BvB
07:58:32.925 [FXGL Background Thread 3 ] DEBUG Engine               - urlGithub: https://github.com/AlmasB/FXGL
07:58:32.925 [FXGL Background Thread 3 ] DEBUG Engine               - urlLeaderboard: http://fxgl-top.herokuapp.com/
07:58:32.925 [FXGL Background Thread 3 ] DEBUG Engine               - urlPOM: https://raw.githubusercontent.com/AlmasB/FXGL/release/README.md
07:58:32.925 [FXGL Background Thread 3 ] DEBUG Engine               - userAppClass: class at.htl.blaetter_vs_beiser.Start
07:58:32.925 [FXGL Background Thread 3 ] DEBUG Engine               - version: 0.0
07:58:32.925 [FXGL Background Thread 3 ] DEBUG Engine               - versionCheckDays: 7
07:58:32.925 [FXGL Background Thread 3 ] DEBUG Engine               - width: 800
07:58:32.925 [FXGL Background Thread 3 ] DEBUG Engine               - Logging services
07:58:32.925 [FXGL Background Thread 3 ] DEBUG Engine               - class com.almasb.fxgl.app.services.FXGLAssetLoaderService
07:58:32.925 [FXGL Background Thread 3 ] DEBUG Engine               - class com.almasb.fxgl.app.FXGLApplication$GameApplicationService
07:58:32.925 [FXGL Background Thread 3 ] DEBUG Engine               - class com.almasb.fxgl.app.services.FXGLDialogService
07:58:32.925 [FXGL Background Thread 3 ] DEBUG Engine               - class com.almasb.fxgl.app.services.IOTaskExecutorService
07:58:32.925 [FXGL Background Thread 3 ] DEBUG Engine               - class com.almasb.fxgl.io.FileSystemService
07:58:32.925 [FXGL Background Thread 3 ] DEBUG Engine               - class com.almasb.fxgl.localization.LocalizationService
07:58:32.925 [FXGL Background Thread 3 ] DEBUG Engine               - class com.almasb.fxgl.app.services.SystemBundleService
07:58:32.925 [FXGL Background Thread 3 ] DEBUG Engine               - class com.almasb.fxgl.profile.SaveLoadService
07:58:32.925 [FXGL Background Thread 3 ] DEBUG Engine               - class com.almasb.fxgl.ui.FXGLUIFactoryServiceProvider
07:58:32.925 [FXGL Background Thread 3 ] DEBUG Engine               - class com.almasb.fxgl.ui.FXGLDialogFactoryServiceProvider
07:58:32.925 [FXGL Background Thread 3 ] DEBUG Engine               - class com.almasb.fxgl.audio.AudioPlayer
07:58:32.925 [FXGL Background Thread 3 ] DEBUG Engine               - class com.almasb.fxgl.notification.impl.NotificationServiceProvider
07:58:32.925 [FXGL Background Thread 3 ] DEBUG Engine               - class com.almasb.fxgl.achievement.AchievementService
07:58:32.925 [FXGL Background Thread 3 ] DEBUG Engine               - class com.almasb.fxgl.cutscene.CutsceneService
07:58:32.925 [FXGL Background Thread 3 ] DEBUG Engine               - class com.almasb.fxgl.minigames.MiniGameService
07:58:32.925 [FXGL Background Thread 3 ] DEBUG Engine               - class com.almasb.fxgl.net.NetService
07:58:32.925 [FXGL Background Thread 3 ] DEBUG Engine               - class com.almasb.fxgl.app.services.UpdaterService
07:58:32.925 [FXGL Background Thread 3 ] DEBUG Engine               - class com.almasb.fxgl.dev.DevService
07:58:44.476 [JavaFX Application Thread] DEBUG FXGLAssetLoaderServi - Loading from file system: file:/C:/Users/grube/OneDrive%20-%20HTL%20Saalfelden/Desktop/Pos/Pos3/blaetter_vs_beiser/Blaetter_vs_Beiser/blaetter_vs_beiser/target/classes/assets/textures/Plants/Potatomine_spreadsheet.png
07:58:45.218 [JavaFX Application Thread] DEBUG FXGLAssetLoaderServi - Loading from file system: file:/C:/Users/grube/OneDrive%20-%20HTL%20Saalfelden/Desktop/Pos/Pos3/blaetter_vs_beiser/Blaetter_vs_Beiser/blaetter_vs_beiser/target/classes/assets/textures/Zombies/Zombie3.png
07:59:17.777 [JavaFX Application Thread] DEBUG PrimaryStageWindow   - Push state: FXGLDefaultMenu
07:59:17.779 [JavaFX Application Thread] DEBUG Input                - Clearing active input actions
07:59:17.784 [JavaFX Application Thread] DEBUG GameApplicationServi - Removing overlay from GameScene and adding to FXGLDefaultMenu
07:59:17.784 [JavaFX Application Thread] DEBUG PrimaryStageWindow   - GameScene -> FXGLDefaultMenu
07:59:18.913 [JavaFX Application Thread] DEBUG PrimaryStageWindow   - Pop state: FXGLDefaultMenu
07:59:18.914 [JavaFX Application Thread] DEBUG Input                - Clearing active input actions
07:59:18.915 [JavaFX Application Thread] DEBUG GameApplicationServi - Removing overlay from FXGLDefaultMenu and adding to GameScene
07:59:18.915 [JavaFX Application Thread] DEBUG PrimaryStageWindow   - GameScene <- FXGLDefaultMenu
07:59:20.609 [JavaFX Application Thread] DEBUG PrimaryStageWindow   - Push state: FXGLDefaultMenu
07:59:20.610 [JavaFX Application Thread] DEBUG Input                - Clearing active input actions
07:59:20.611 [JavaFX Application Thread] DEBUG GameApplicationServi - Removing overlay from GameScene and adding to FXGLDefaultMenu
07:59:20.611 [JavaFX Application Thread] DEBUG PrimaryStageWindow   - GameScene -> FXGLDefaultMenu
07:59:21.955 [JavaFX Application Thread] DEBUG Menu                 - fireExit()
07:59:21.959 [JavaFX Application Thread] DEBUG PrimaryStageWindow   - Push state: DialogSubScene
07:59:21.960 [JavaFX Application Thread] DEBUG Input                - Clearing active input actions
07:59:21.960 [JavaFX Application Thread] DEBUG GameApplicationServi - Removing overlay from FXGLDefaultMenu and adding to DialogSubScene
07:59:21.960 [JavaFX Application Thread] DEBUG PrimaryStageWindow   - FXGLDefaultMenu -> DialogSubScene
07:59:23.328 [JavaFX Application Thread] DEBUG PrimaryStageWindow   - Pop state: DialogSubScene
07:59:23.328 [JavaFX Application Thread] DEBUG Input                - Clearing active input actions
07:59:23.328 [JavaFX Application Thread] DEBUG GameApplicationServi - Removing overlay from DialogSubScene and adding to FXGLDefaultMenu
07:59:23.328 [JavaFX Application Thread] DEBUG PrimaryStageWindow   - FXGLDefaultMenu <- DialogSubScene
07:59:23.329 [JavaFX Application Thread] DEBUG FXGLApplication      - Exiting FXGL
07:59:23.329 [JavaFX Application Thread] DEBUG LoopRunner           - Stopping loop
07:59:23.329 [JavaFX Application Thread] DEBUG SystemBundleService  - Saving FXGL system data
07:59:23.333 [JavaFX Application Thread] DEBUG FileSystemAccess     - Writing to: C:\Users\grube\OneDrive - HTL Saalfelden\Desktop\Pos\Pos3\blaetter_vs_beiser\Blaetter_vs_Beiser\system\fxgl.bundle
07:59:23.335 [JavaFX Application Thread] DEBUG Async                - Shutting down background threads
07:59:23.335 [JavaFX Application Thread] DEBUG PrimaryStageWindow   - Closing main window
07:59:23.361 [JavaFX Application Thread] DEBUG Logger               - Closing Logger
