11:53:28.403 [main                     ] DEBUG Logger               - Configured Logger
11:53:28.414 [main                     ] DEBUG GameApplication      - Logging settings
Title: BvB
Version: 0.0
Width: 800
Height: 600
Fullscreen: true
Intro: false
Profiling: false
Single step:false
App Mode: DEVELOPER
Menu Key: ESCAPE
Stage Style: DECORATED
Scene Factory: class com.almasb.fxgl.app.scene.SceneFactory

11:53:28.857 [JavaFX Application Thread] DEBUG FXGLApplication      - Initializing FXGL
11:53:28.860 [JavaFX Application Thread] INFO  Engine               - FXGL-17.3 (30.03.2023 11.49) on WINDOWS (J:25 FX:21.0.6)
11:53:28.860 [JavaFX Application Thread] DEBUG Engine               - JRE Vendor Name: Oracle Corporation
11:53:28.860 [JavaFX Application Thread] DEBUG Engine               - Running on OS: Windows 11 version 10.0
11:53:28.860 [JavaFX Application Thread] DEBUG Engine               - Architecture: amd64
11:53:28.860 [JavaFX Application Thread] INFO  Engine               - Source code and latest versions at: https://github.com/AlmasB/FXGL
11:53:28.861 [JavaFX Application Thread] INFO  Engine               -       Ask questions and discuss at: https://github.com/AlmasB/FXGL/discussions
11:53:28.861 [JavaFX Application Thread] INFO  Engine               -              Join the FXGL chat at: https://gitter.im/AlmasB/FXGL
11:53:28.973 [JavaFX Application Thread] DEBUG PrimaryStageWindow   - Creating a JavaFX scene
11:53:29.030 [JavaFX Application Thread] DEBUG PrimaryStageWindow   - Target settings size: 800.0 x 600.0
11:53:29.030 [JavaFX Application Thread] DEBUG PrimaryStageWindow   - Scaled scene size:    800.0 x 600.0
11:53:29.030 [JavaFX Application Thread] DEBUG PrimaryStageWindow   - Scaled ratio: (1.0, 1.0)
11:53:29.032 [JavaFX Application Thread] DEBUG PrimaryStageWindow   - Set initial scene to FXGLStartupScene
11:53:29.037 [JavaFX Application Thread] DEBUG PrimaryStageWindow   - Opening main window
11:53:29.153 [JavaFX Application Thread] DEBUG PrimaryStageWindow   - Window border size: (14.4000244140625, 37.5999755859375)
11:53:29.154 [JavaFX Application Thread] DEBUG PrimaryStageWindow   - Scaled size: 800.0 x 600.0
11:53:29.154 [JavaFX Application Thread] DEBUG PrimaryStageWindow   - Scaled ratio: (1.0, 1.0)
11:53:29.154 [JavaFX Application Thread] DEBUG PrimaryStageWindow   - Scene size: 800.0 x 600.0
11:53:29.154 [JavaFX Application Thread] DEBUG PrimaryStageWindow   - Stage size: 814.4000244140625 x 637.5999755859375
11:53:29.205 [JavaFX Application Thread] DEBUG PrimaryStageWindow   - Going fullscreen
11:53:29.212 [FXGL Background Thread 1 ] DEBUG Engine               - Initializing environment variables
11:53:29.259 [FXGL Background Thread 1 ] DEBUG FXGLAssetLoaderServi - User app class for loading assets: class at.htl.blaetter_vs_beiser.Start
11:53:29.259 [FXGL Background Thread 1 ] DEBUG GameApplicationServi - Applying CSS: fxgl_dark.css
11:53:29.259 [FXGL Background Thread 1 ] DEBUG FXGLAssetLoaderServi - Loading from file system: jar:file:/C:/Users/grube/.m2/repository/com/github/almasb/fxgl/17.3/fxgl-17.3.jar!/fxglassets/ui/css/fxgl_dark.css
11:53:29.288 [FXGL Background Thread 1 ] DEBUG GameApplicationServi - Initializing application scenes
11:53:29.320 [FXGL Background Thread 1 ] DEBUG GameWorld            - Game world initialized
11:53:29.360 [FXGL Background Thread 1 ] DEBUG PhysicsWorld         - Physics world initialized: appHeight=600, physics.ppm=50,0
11:53:29.361 [FXGL Background Thread 1 ] DEBUG PhysicsWorld         - Using strategy: BRUTE_FORCE
11:53:29.364 [FXGL Background Thread 1 ] DEBUG GameScene            - Game scene initialized: 800x600
11:53:29.374 [FXGL Background Thread 1 ] DEBUG FXGL.DefaultMenu     - createMenuBodyGameMenu()
11:53:29.389 [FXGL Background Thread 1 ] DEBUG FXGL.DefaultMenu     - createOptionsMenu()
11:53:29.398 [FXGL Background Thread 1 ] DEBUG FXGLAssetLoaderServi - Loading from file system: jar:file:/C:/Users/grube/.m2/repository/com/github/almasb/fxgl/17.3/fxgl-17.3.jar!/fxglassets/textures/particles/smoke.png
11:53:29.463 [FXGL Background Thread 1 ] DEBUG FXGLAssetLoaderServi - Loading from file system: jar:file:/C:/Users/grube/.m2/repository/com/github/almasb/fxgl/17.3/fxgl-17.3.jar!/fxglassets/textures/particles/trace_horizontal.png
11:53:29.483 [FXGL Background Thread 1 ] DEBUG GameApplicationServi - Application scenes initialized
11:53:29.493 [FXGL Background Thread 1 ] DEBUG SystemBundleService  - Loading FXGL system data
11:53:29.497 [FXGL Background Thread 1 ] DEBUG FileSystemAccess     - Reading from: C:\Users\grube\OneDrive - HTL Saalfelden\Desktop\Pos\Pos3\blaetter_vs_beiser\Blaetter_vs_Beiser\system\fxgl.bundle
11:53:29.502 [FXGL Background Thread 1 ] DEBUG SystemBundleService  - Bundle FXGL: {}
11:53:29.502 [FXGL Background Thread 1 ] DEBUG UpdaterService       - Checking for updates
11:53:29.504 [FXGL Background Thread 4 ] DEBUG FXGLApplication      - Loading fonts
11:53:29.505 [FXGL Background Thread 1 ] DEBUG FXGLApplication      - Loading default localization
11:53:29.505 [FXGL Background Thread 4 ] DEBUG FXGLAssetLoaderServi - Loading from file system: jar:file:/C:/Users/grube/.m2/repository/com/github/almasb/fxgl/17.3/fxgl-17.3.jar!/fxglassets/ui/fonts/VarelaRound-Regular.ttf
11:53:29.506 [FXGL Background Thread 1 ] DEBUG FXGLAssetLoaderServi - Loading from file system: jar:file:/C:/Users/grube/.m2/repository/com/github/almasb/fxgl/17.3/fxgl-17.3.jar!/fxglassets/languages/english.lang
11:53:29.519 [FXGL Background Thread 1 ] INFO  FXGLApplication      - FXGL initialization took: 0,307 sec
11:53:29.521 [JavaFX Application Thread] DEBUG FXGLAssetLoaderServi - Loading from file system: jar:file:/C:/Users/grube/.m2/repository/com/github/almasb/fxgl/17.3/fxgl-17.3.jar!/fxglassets/textures/fxgl_icon.png
11:53:29.540 [JavaFX Application Thread] DEBUG FXGLAssetLoaderServi - Loading from file system: jar:file:/C:/Users/grube/.m2/repository/com/github/almasb/fxgl/17.3/fxgl-17.3.jar!/fxglassets/textures/fxgl_default_cursor.png
11:53:29.541 [FXGL Background Thread 4 ] DEBUG FXGLAssetLoaderServi - Loading from file system: jar:file:/C:/Users/grube/.m2/repository/com/github/almasb/fxgl/17.3/fxgl-17.3.jar!/fxglassets/ui/fonts/Abel-Regular.ttf
11:53:29.547 [JavaFX Application Thread] DEBUG Input                - Registered new binding: Screenshot - CTRL+8
11:53:29.548 [JavaFX Application Thread] DEBUG Input                - Registered new binding: System info dump - CTRL+9
11:53:29.548 [JavaFX Application Thread] DEBUG Input                - Registered new binding: Restart - CTRL+R
11:53:29.549 [JavaFX Application Thread] DEBUG Input                - Registered new binding: Toggle Debug Camera - CTRL+7
11:53:29.551 [JavaFX Application Thread] DEBUG LoopRunner           - Starting loop
11:53:29.551 [JavaFX Application Thread] DEBUG LoopRunner           - Initializing JavaFX AnimationTimerLoop
11:53:29.552 [JavaFX Application Thread] DEBUG GameApplicationServi - Starting new game
11:53:29.552 [JavaFX Application Thread] DEBUG Input                - Clearing active input actions
11:53:29.552 [FXGL Background Thread 4 ] DEBUG FXGLAssetLoaderServi - Loading from file system: jar:file:/C:/Users/grube/.m2/repository/com/github/almasb/fxgl/17.3/fxgl-17.3.jar!/fxglassets/ui/fonts/TerminalLandMono-Regular.otf
11:53:29.562 [JavaFX Application Thread] DEBUG GameApplicationServi - Removing overlay from FXGLStartupScene and adding to FXGLLoadingScene
11:53:29.562 [JavaFX Application Thread] DEBUG PrimaryStageWindow   - FXGLStartupScene -> FXGLLoadingScene
11:53:29.562 [JavaFX Application Thread] DEBUG GameApplicationServi - Clearing previous game
11:53:29.562 [JavaFX Application Thread] DEBUG GameScene            - Clearing game scene
11:53:29.562 [JavaFX Application Thread] DEBUG GameWorld            - Clearing game world
11:53:29.563 [JavaFX Application Thread] DEBUG PhysicsWorld         - Clearing physics world
11:53:29.564 [FXGL Background Thread 4 ] DEBUG FXGLAssetLoaderServi - Loading from file system: jar:file:/C:/Users/grube/.m2/repository/com/github/almasb/fxgl/17.3/fxgl-17.3.jar!/fxglassets/ui/fonts/Courier-Prime.ttf
11:53:29.564 [FXGL Background Thread 1 ] DEBUG FXGLApplication      - Initializing game
11:53:29.567 [FXGL Background Thread 1 ] DEBUG FXGLAssetLoaderServi - Loading from file system: file:/C:/Users/grube/OneDrive%20-%20HTL%20Saalfelden/Desktop/Pos/Pos3/blaetter_vs_beiser/Blaetter_vs_Beiser/blaetter_vs_beiser/target/classes/assets/textures/Background.png
11:53:29.607 [JavaFX Application Thread] DEBUG FXGLApplication      - Registering font factories with UI factory
11:53:29.653 [FXGL Background Thread 1 ] DEBUG FXGLAssetLoaderServi - Loading JSON from: file:/C:/Users/grube/OneDrive%20-%20HTL%20Saalfelden/Desktop/Pos/Pos3/blaetter_vs_beiser/Blaetter_vs_Beiser/blaetter_vs_beiser/target/classes/assets/Level/level1.json
11:53:29.851 [FXGL Background Thread 1 ] DEBUG FXGLAssetLoaderServi - Loading from file system: file:/C:/Users/grube/OneDrive%20-%20HTL%20Saalfelden/Desktop/Pos/Pos3/blaetter_vs_beiser/Blaetter_vs_Beiser/blaetter_vs_beiser/target/classes/assets/textures/Mousecursor.png
11:53:29.855 [FXGL Background Thread 1 ] DEBUG FXGLAssetLoaderServi - Loading from file system: file:/C:/Users/grube/OneDrive%20-%20HTL%20Saalfelden/Desktop/Pos/Pos3/blaetter_vs_beiser/Blaetter_vs_Beiser/blaetter_vs_beiser/target/classes/assets/textures/Sun.png
11:53:29.860 [FXGL Background Thread 1 ] DEBUG FXGLAssetLoaderServi - Loading from file system: file:/C:/Users/grube/OneDrive%20-%20HTL%20Saalfelden/Desktop/Pos/Pos3/blaetter_vs_beiser/Blaetter_vs_Beiser/blaetter_vs_beiser/target/classes/assets/textures/Plants/Peashooter.png
11:53:29.869 [FXGL Background Thread 1 ] DEBUG FXGLAssetLoaderServi - Loading from file system: file:/C:/Users/grube/OneDrive%20-%20HTL%20Saalfelden/Desktop/Pos/Pos3/blaetter_vs_beiser/Blaetter_vs_Beiser/blaetter_vs_beiser/target/classes/assets/textures/Plants/Sunflower.png
11:53:29.878 [FXGL Background Thread 1 ] DEBUG FXGLAssetLoaderServi - Loading from file system: file:/C:/Users/grube/OneDrive%20-%20HTL%20Saalfelden/Desktop/Pos/Pos3/blaetter_vs_beiser/Blaetter_vs_Beiser/blaetter_vs_beiser/target/classes/assets/textures/Plants/Wallnut.png
11:53:29.885 [FXGL Background Thread 1 ] DEBUG FXGLAssetLoaderServi - Loading from file system: file:/C:/Users/grube/OneDrive%20-%20HTL%20Saalfelden/Desktop/Pos/Pos3/blaetter_vs_beiser/Blaetter_vs_Beiser/blaetter_vs_beiser/target/classes/assets/textures/Plants/Potatomine.png
11:53:29.893 [FXGL Background Thread 1 ] DEBUG FXGLAssetLoaderServi - Loading from file system: file:/C:/Users/grube/OneDrive%20-%20HTL%20Saalfelden/Desktop/Pos/Pos3/blaetter_vs_beiser/Blaetter_vs_Beiser/blaetter_vs_beiser/target/classes/assets/textures/Plants/Cherrybomb.png
11:53:29.902 [FXGL Background Thread 1 ] DEBUG FXGLAssetLoaderServi - Loading from file system: file:/C:/Users/grube/OneDrive%20-%20HTL%20Saalfelden/Desktop/Pos/Pos3/blaetter_vs_beiser/Blaetter_vs_Beiser/blaetter_vs_beiser/target/classes/assets/textures/Plants/Snowpeashooter.png
11:53:29.926 [FXGL Background Thread 1 ] WARN  FXGLAssetLoaderServi - Asset "/assets/textures/Shovel.png" was not found!
11:53:29.926 [FXGL Background Thread 1 ] WARN  FXGLAssetLoaderServi - Failed to load IMAGE
11:53:29.954 [FXGL Background Thread 1 ] INFO  FXGLApplication      - Game initialization took: 0,390 sec
11:53:29.955 [JavaFX Application Thread] DEBUG Input                - Clearing active input actions
11:53:29.963 [JavaFX Application Thread] DEBUG GameApplicationServi - Removing overlay from FXGLLoadingScene and adding to GameScene
11:53:29.964 [JavaFX Application Thread] DEBUG PrimaryStageWindow   - FXGLLoadingScene -> GameScene
11:53:29.996 [FXGL Background Thread 2 ] INFO  UpdaterService       - Your current version:  17.3
11:53:30.003 [FXGL Background Thread 2 ] INFO  UpdaterService       - Latest stable version: 25
11:53:32.505 [FXGL Background Thread 3 ] DEBUG Engine               - Logging environment variables
11:53:32.505 [FXGL Background Thread 3 ] DEBUG Engine               - achievements: []
11:53:32.506 [FXGL Background Thread 3 ] DEBUG Engine               - actualHeight: 960.0
11:53:32.506 [FXGL Background Thread 3 ] DEBUG Engine               - actualHeightProperty: ReadOnlyDoubleProperty [value: 960.0]
11:53:32.506 [FXGL Background Thread 3 ] DEBUG Engine               - actualWidth: 1536.0
11:53:32.506 [FXGL Background Thread 3 ] DEBUG Engine               - actualWidthProperty: ReadOnlyDoubleProperty [value: 1536.0]
11:53:32.506 [FXGL Background Thread 3 ] DEBUG Engine               - appIcon: fxgl_icon.png
11:53:32.506 [FXGL Background Thread 3 ] DEBUG Engine               - applicationMode: DEVELOPER
11:53:32.506 [FXGL Background Thread 3 ] DEBUG Engine               - cSSList: [fxgl_dark.css]
11:53:32.506 [FXGL Background Thread 3 ] DEBUG Engine               - collisionDetectionStrategy: BRUTE_FORCE
11:53:32.506 [FXGL Background Thread 3 ] DEBUG Engine               - configClass: Optional.empty
11:53:32.506 [FXGL Background Thread 3 ] DEBUG Engine               - credits: []
11:53:32.506 [FXGL Background Thread 3 ] DEBUG Engine               - defaultCursor: CursorInfo(imageName=fxgl_default_cursor.png, hotspotX=7.0, hotspotY=6.0)
11:53:32.506 [FXGL Background Thread 3 ] DEBUG Engine               - devBBoxColorProperty: ObjectProperty [value: 0xff0000ff]
11:53:32.506 [FXGL Background Thread 3 ] DEBUG Engine               - devEnableDebugCameraProperty: BooleanProperty [value: false]
11:53:32.507 [FXGL Background Thread 3 ] DEBUG Engine               - devSensorColorProperty: ObjectProperty [value: 0xffff00ff]
11:53:32.507 [FXGL Background Thread 3 ] DEBUG Engine               - devShowBBoxProperty: BooleanProperty [value: false]
11:53:32.507 [FXGL Background Thread 3 ] DEBUG Engine               - devShowPositionProperty: BooleanProperty [value: false]
11:53:32.507 [FXGL Background Thread 3 ] DEBUG Engine               - enabledMenuItems: []
11:53:32.507 [FXGL Background Thread 3 ] DEBUG Engine               - engineServices: [class com.almasb.fxgl.app.services.FXGLAssetLoaderService, class com.almasb.fxgl.app.FXGLApplication$GameApplicationService, class com.almasb.fxgl.app.services.FXGLDialogService, class com.almasb.fxgl.app.services.IOTaskExecutorService, class com.almasb.fxgl.io.FileSystemService, class com.almasb.fxgl.localization.LocalizationService, class com.almasb.fxgl.app.services.SystemBundleService, class com.almasb.fxgl.profile.SaveLoadService, class com.almasb.fxgl.ui.FXGLUIFactoryServiceProvider, class com.almasb.fxgl.ui.FXGLDialogFactoryServiceProvider, class com.almasb.fxgl.audio.AudioPlayer, class com.almasb.fxgl.notification.impl.NotificationServiceProvider, class com.almasb.fxgl.achievement.AchievementService, class com.almasb.fxgl.cutscene.CutsceneService, class com.almasb.fxgl.minigames.MiniGameService, class com.almasb.fxgl.net.NetService, class com.almasb.fxgl.app.services.UpdaterService, class com.almasb.fxgl.dev.DevService]
11:53:32.507 [FXGL Background Thread 3 ] DEBUG Engine               - fontGame: Abel-Regular.ttf
11:53:32.507 [FXGL Background Thread 3 ] DEBUG Engine               - fontMono: TerminalLandMono-Regular.otf
11:53:32.507 [FXGL Background Thread 3 ] DEBUG Engine               - fontSizeScaleUI: 1.0
11:53:32.507 [FXGL Background Thread 3 ] DEBUG Engine               - fontText: Courier-Prime.ttf
11:53:32.507 [FXGL Background Thread 3 ] DEBUG Engine               - fontUI: VarelaRound-Regular.ttf
11:53:32.507 [FXGL Background Thread 3 ] DEBUG Engine               - fullScreen: BooleanProperty [value: true]
11:53:32.507 [FXGL Background Thread 3 ] DEBUG Engine               - gameDifficulty: MEDIUM
11:53:32.507 [FXGL Background Thread 3 ] DEBUG Engine               - gameDifficultyProperty: ObjectProperty [value: MEDIUM]
11:53:32.507 [FXGL Background Thread 3 ] DEBUG Engine               - globalMusicVolume: 0.5
11:53:32.507 [FXGL Background Thread 3 ] DEBUG Engine               - globalMusicVolumeProperty: DoubleProperty [value: 0.5]
11:53:32.507 [FXGL Background Thread 3 ] DEBUG Engine               - globalSoundVolume: 0.5
11:53:32.507 [FXGL Background Thread 3 ] DEBUG Engine               - globalSoundVolumeProperty: DoubleProperty [value: 0.5]
11:53:32.507 [FXGL Background Thread 3 ] DEBUG Engine               - height: 600
11:53:32.507 [FXGL Background Thread 3 ] DEBUG Engine               - is3D: false
11:53:32.507 [FXGL Background Thread 3 ] DEBUG Engine               - isAndroid: false
11:53:32.507 [FXGL Background Thread 3 ] DEBUG Engine               - isBrowser: false
11:53:32.507 [FXGL Background Thread 3 ] DEBUG Engine               - isClickFeedbackEnabled: false
11:53:32.507 [FXGL Background Thread 3 ] DEBUG Engine               - isCloseConfirmation: false
11:53:32.507 [FXGL Background Thread 3 ] DEBUG Engine               - isDesktop: true
11:53:32.507 [FXGL Background Thread 3 ] DEBUG Engine               - isDeveloperMenuEnabled: false
11:53:32.507 [FXGL Background Thread 3 ] DEBUG Engine               - isEmbedded: false
11:53:32.507 [FXGL Background Thread 3 ] DEBUG Engine               - isEntityPreloadEnabled: true
11:53:32.508 [FXGL Background Thread 3 ] DEBUG Engine               - isExperimentalTiledLargeMap: false
11:53:32.508 [FXGL Background Thread 3 ] DEBUG Engine               - isFileSystemWriteAllowed: true
11:53:32.508 [FXGL Background Thread 3 ] DEBUG Engine               - isFullScreenAllowed: true
11:53:32.508 [FXGL Background Thread 3 ] DEBUG Engine               - isFullScreenFromStart: true
11:53:32.508 [FXGL Background Thread 3 ] DEBUG Engine               - isGameMenuEnabled: true
11:53:32.508 [FXGL Background Thread 3 ] DEBUG Engine               - isIOS: false
11:53:32.508 [FXGL Background Thread 3 ] DEBUG Engine               - isIntroEnabled: false
11:53:32.508 [FXGL Background Thread 3 ] DEBUG Engine               - isLinux: false
11:53:32.508 [FXGL Background Thread 3 ] DEBUG Engine               - isMac: false
11:53:32.508 [FXGL Background Thread 3 ] DEBUG Engine               - isMainMenuEnabled: false
11:53:32.508 [FXGL Background Thread 3 ] DEBUG Engine               - isManualResizeEnabled: false
11:53:32.508 [FXGL Background Thread 3 ] DEBUG Engine               - isMobile: false
11:53:32.508 [FXGL Background Thread 3 ] DEBUG Engine               - isNative: false
11:53:32.508 [FXGL Background Thread 3 ] DEBUG Engine               - isPauseMusicWhenMinimized: true
11:53:32.508 [FXGL Background Thread 3 ] DEBUG Engine               - isPreserveResizeRatio: false
11:53:32.508 [FXGL Background Thread 3 ] DEBUG Engine               - isProfilingEnabled: false
11:53:32.508 [FXGL Background Thread 3 ] DEBUG Engine               - isScaleAffectedOnResize: true
11:53:32.508 [FXGL Background Thread 3 ] DEBUG Engine               - isSingleStep: false
11:53:32.508 [FXGL Background Thread 3 ] DEBUG Engine               - isUserProfileEnabled: false
11:53:32.508 [FXGL Background Thread 3 ] DEBUG Engine               - isWindows: true
11:53:32.508 [FXGL Background Thread 3 ] DEBUG Engine               - language: ObjectProperty [value: ENGLISH]
11:53:32.508 [FXGL Background Thread 3 ] DEBUG Engine               - menuKey: ESCAPE
11:53:32.508 [FXGL Background Thread 3 ] DEBUG Engine               - mouseSensitivity: 0.2
11:53:32.508 [FXGL Background Thread 3 ] DEBUG Engine               - notificationViewClass: class com.almasb.fxgl.notification.view.XboxNotificationView
11:53:32.508 [FXGL Background Thread 3 ] DEBUG Engine               - pixelsPerMeter: 50.0
11:53:32.508 [FXGL Background Thread 3 ] DEBUG Engine               - platform: WINDOWS
11:53:32.508 [FXGL Background Thread 3 ] DEBUG Engine               - prefHeightProperty: ReadOnlyDoubleProperty [value: 600.0]
11:53:32.508 [FXGL Background Thread 3 ] DEBUG Engine               - prefWidthProperty: ReadOnlyDoubleProperty [value: 800.0]
11:53:32.508 [FXGL Background Thread 3 ] DEBUG Engine               - profileDir: profiles/
11:53:32.508 [FXGL Background Thread 3 ] DEBUG Engine               - profileName: StringProperty [value: DEFAULT]
11:53:32.508 [FXGL Background Thread 3 ] DEBUG Engine               - randomSeed: -1
11:53:32.508 [FXGL Background Thread 3 ] DEBUG Engine               - runtimeInfo: RuntimeInfo(platform=WINDOWS, version=17.3, build=30.03.2023 11.49)
11:53:32.508 [FXGL Background Thread 3 ] DEBUG Engine               - saveFileExt: sav
11:53:32.508 [FXGL Background Thread 3 ] DEBUG Engine               - scaledHeightProp$fxgl: DoubleProperty [bound, value: 960.0]
11:53:32.508 [FXGL Background Thread 3 ] DEBUG Engine               - scaledWidthProp$fxgl: DoubleProperty [bound, value: 1536.0]
11:53:32.508 [FXGL Background Thread 3 ] DEBUG Engine               - sceneFactory: com.almasb.fxgl.app.scene.SceneFactory@56ca009f
11:53:32.508 [FXGL Background Thread 3 ] DEBUG Engine               - secondsIn24h: 60
11:53:32.508 [FXGL Background Thread 3 ] DEBUG Engine               - soundMenuBack: menu/back.wav
11:53:32.508 [FXGL Background Thread 3 ] DEBUG Engine               - soundMenuPress: menu/press.wav
11:53:32.508 [FXGL Background Thread 3 ] DEBUG Engine               - soundMenuSelect: menu/select.wav
11:53:32.508 [FXGL Background Thread 3 ] DEBUG Engine               - soundNotification: core/notification.wav
11:53:32.508 [FXGL Background Thread 3 ] DEBUG Engine               - stageStyle: DECORATED
11:53:32.508 [FXGL Background Thread 3 ] DEBUG Engine               - supportedLanguages: [ENGLISH, FRENCH, GERMAN, HUNGARIAN, RUSSIAN]
11:53:32.508 [FXGL Background Thread 3 ] DEBUG Engine               - ticksPerSecond: -1
11:53:32.508 [FXGL Background Thread 3 ] DEBUG Engine               - title: BvB
11:53:32.508 [FXGL Background Thread 3 ] DEBUG Engine               - urlGithub: https://github.com/AlmasB/FXGL
11:53:32.508 [FXGL Background Thread 3 ] DEBUG Engine               - urlLeaderboard: http://fxgl-top.herokuapp.com/
11:53:32.508 [FXGL Background Thread 3 ] DEBUG Engine               - urlPOM: https://raw.githubusercontent.com/AlmasB/FXGL/release/README.md
11:53:32.508 [FXGL Background Thread 3 ] DEBUG Engine               - userAppClass: class at.htl.blaetter_vs_beiser.Start
11:53:32.508 [FXGL Background Thread 3 ] DEBUG Engine               - version: 0.0
11:53:32.509 [FXGL Background Thread 3 ] DEBUG Engine               - versionCheckDays: 7
11:53:32.509 [FXGL Background Thread 3 ] DEBUG Engine               - width: 800
11:53:32.509 [FXGL Background Thread 3 ] DEBUG Engine               - Logging services
11:53:32.509 [FXGL Background Thread 3 ] DEBUG Engine               - class com.almasb.fxgl.app.services.FXGLAssetLoaderService
11:53:32.509 [FXGL Background Thread 3 ] DEBUG Engine               - class com.almasb.fxgl.app.FXGLApplication$GameApplicationService
11:53:32.509 [FXGL Background Thread 3 ] DEBUG Engine               - class com.almasb.fxgl.app.services.FXGLDialogService
11:53:32.509 [FXGL Background Thread 3 ] DEBUG Engine               - class com.almasb.fxgl.app.services.IOTaskExecutorService
11:53:32.509 [FXGL Background Thread 3 ] DEBUG Engine               - class com.almasb.fxgl.io.FileSystemService
11:53:32.509 [FXGL Background Thread 3 ] DEBUG Engine               - class com.almasb.fxgl.localization.LocalizationService
11:53:32.509 [FXGL Background Thread 3 ] DEBUG Engine               - class com.almasb.fxgl.app.services.SystemBundleService
11:53:32.509 [FXGL Background Thread 3 ] DEBUG Engine               - class com.almasb.fxgl.profile.SaveLoadService
11:53:32.509 [FXGL Background Thread 3 ] DEBUG Engine               - class com.almasb.fxgl.ui.FXGLUIFactoryServiceProvider
11:53:32.509 [FXGL Background Thread 3 ] DEBUG Engine               - class com.almasb.fxgl.ui.FXGLDialogFactoryServiceProvider
11:53:32.509 [FXGL Background Thread 3 ] DEBUG Engine               - class com.almasb.fxgl.audio.AudioPlayer
11:53:32.509 [FXGL Background Thread 3 ] DEBUG Engine               - class com.almasb.fxgl.notification.impl.NotificationServiceProvider
11:53:32.509 [FXGL Background Thread 3 ] DEBUG Engine               - class com.almasb.fxgl.achievement.AchievementService
11:53:32.509 [FXGL Background Thread 3 ] DEBUG Engine               - class com.almasb.fxgl.cutscene.CutsceneService
11:53:32.509 [FXGL Background Thread 3 ] DEBUG Engine               - class com.almasb.fxgl.minigames.MiniGameService
11:53:32.509 [FXGL Background Thread 3 ] DEBUG Engine               - class com.almasb.fxgl.net.NetService
11:53:32.509 [FXGL Background Thread 3 ] DEBUG Engine               - class com.almasb.fxgl.app.services.UpdaterService
11:53:32.509 [FXGL Background Thread 3 ] DEBUG Engine               - class com.almasb.fxgl.dev.DevService
11:53:44.738 [JavaFX Application Thread] DEBUG FXGLAssetLoaderServi - Loading from file system: file:/C:/Users/grube/OneDrive%20-%20HTL%20Saalfelden/Desktop/Pos/Pos3/blaetter_vs_beiser/Blaetter_vs_Beiser/blaetter_vs_beiser/target/classes/assets/textures/Zombies/Zombie3.png
11:54:19.821 [JavaFX Application Thread] DEBUG FXGLAssetLoaderServi - Loading from file system: file:/C:/Users/grube/OneDrive%20-%20HTL%20Saalfelden/Desktop/Pos/Pos3/blaetter_vs_beiser/Blaetter_vs_Beiser/blaetter_vs_beiser/target/classes/assets/textures/Zombies/Goldegger_Hut4.png
11:54:38.588 [JavaFX Application Thread] DEBUG PrimaryStageWindow   - Push state: FXGLDefaultMenu
11:54:38.589 [JavaFX Application Thread] DEBUG Input                - Clearing active input actions
11:54:38.593 [JavaFX Application Thread] DEBUG GameApplicationServi - Removing overlay from GameScene and adding to FXGLDefaultMenu
11:54:38.593 [JavaFX Application Thread] DEBUG PrimaryStageWindow   - GameScene -> FXGLDefaultMenu
11:54:39.557 [JavaFX Application Thread] DEBUG Menu                 - fireExit()
11:54:39.559 [JavaFX Application Thread] DEBUG PrimaryStageWindow   - Push state: DialogSubScene
11:54:39.559 [JavaFX Application Thread] DEBUG Input                - Clearing active input actions
11:54:39.559 [JavaFX Application Thread] DEBUG GameApplicationServi - Removing overlay from FXGLDefaultMenu and adding to DialogSubScene
11:54:39.559 [JavaFX Application Thread] DEBUG PrimaryStageWindow   - FXGLDefaultMenu -> DialogSubScene
11:54:40.015 [JavaFX Application Thread] DEBUG PrimaryStageWindow   - Pop state: DialogSubScene
11:54:40.015 [JavaFX Application Thread] DEBUG Input                - Clearing active input actions
11:54:40.015 [JavaFX Application Thread] DEBUG GameApplicationServi - Removing overlay from DialogSubScene and adding to FXGLDefaultMenu
11:54:40.016 [JavaFX Application Thread] DEBUG PrimaryStageWindow   - FXGLDefaultMenu <- DialogSubScene
11:54:40.016 [JavaFX Application Thread] DEBUG FXGLApplication      - Exiting FXGL
11:54:40.016 [JavaFX Application Thread] DEBUG LoopRunner           - Stopping loop
11:54:40.016 [JavaFX Application Thread] DEBUG SystemBundleService  - Saving FXGL system data
11:54:40.017 [JavaFX Application Thread] DEBUG FileSystemAccess     - Writing to: C:\Users\grube\OneDrive - HTL Saalfelden\Desktop\Pos\Pos3\blaetter_vs_beiser\Blaetter_vs_Beiser\system\fxgl.bundle
11:54:40.020 [JavaFX Application Thread] DEBUG Async                - Shutting down background threads
11:54:40.020 [JavaFX Application Thread] DEBUG PrimaryStageWindow   - Closing main window
11:54:40.047 [JavaFX Application Thread] DEBUG Logger               - Closing Logger
