08:02:44.116 [main                     ] DEBUG Logger               - Configured Logger
08:02:44.122 [main                     ] DEBUG GameApplication      - Logging settings
Title: BvB
Version: 0.0
Width: 800
Height: 600
Fullscreen: true
Intro: false
Profiling: false
Single step:false
App Mode: DEVELOPER
Menu Key: ESCAPE
Stage Style: DECORATED
Scene Factory: class com.almasb.fxgl.app.scene.SceneFactory

08:02:44.509 [JavaFX Application Thread] DEBUG FXGLApplication      - Initializing FXGL
08:02:44.511 [JavaFX Application Thread] INFO  Engine               - FXGL-17.3 (30.03.2023 11.49) on WINDOWS (J:25 FX:21.0.6)
08:02:44.511 [JavaFX Application Thread] DEBUG Engine               - JRE Vendor Name: Oracle Corporation
08:02:44.511 [JavaFX Application Thread] DEBUG Engine               - Running on OS: Windows 11 version 10.0
08:02:44.511 [JavaFX Application Thread] DEBUG Engine               - Architecture: amd64
08:02:44.511 [JavaFX Application Thread] INFO  Engine               - Source code and latest versions at: https://github.com/AlmasB/FXGL
08:02:44.511 [JavaFX Application Thread] INFO  Engine               -       Ask questions and discuss at: https://github.com/AlmasB/FXGL/discussions
08:02:44.511 [JavaFX Application Thread] INFO  Engine               -              Join the FXGL chat at: https://gitter.im/AlmasB/FXGL
08:02:44.604 [JavaFX Application Thread] DEBUG PrimaryStageWindow   - Creating a JavaFX scene
08:02:44.673 [JavaFX Application Thread] DEBUG PrimaryStageWindow   - Target settings size: 800.0 x 600.0
08:02:44.674 [JavaFX Application Thread] DEBUG PrimaryStageWindow   - Scaled scene size:    800.0 x 600.0
08:02:44.674 [JavaFX Application Thread] DEBUG PrimaryStageWindow   - Scaled ratio: (1.0, 1.0)
08:02:44.675 [JavaFX Application Thread] DEBUG PrimaryStageWindow   - Set initial scene to FXGLStartupScene
08:02:44.679 [JavaFX Application Thread] DEBUG PrimaryStageWindow   - Opening main window
08:02:44.787 [JavaFX Application Thread] DEBUG PrimaryStageWindow   - Window border size: (14.4000244140625, 37.5999755859375)
08:02:44.787 [JavaFX Application Thread] DEBUG PrimaryStageWindow   - Scaled size: 800.0 x 600.0
08:02:44.788 [JavaFX Application Thread] DEBUG PrimaryStageWindow   - Scaled ratio: (1.0, 1.0)
08:02:44.788 [JavaFX Application Thread] DEBUG PrimaryStageWindow   - Scene size: 800.0 x 600.0
08:02:44.788 [JavaFX Application Thread] DEBUG PrimaryStageWindow   - Stage size: 814.4000244140625 x 637.5999755859375
08:02:44.829 [JavaFX Application Thread] DEBUG PrimaryStageWindow   - Going fullscreen
08:02:44.837 [FXGL Background Thread 1 ] DEBUG Engine               - Initializing environment variables
08:02:44.881 [FXGL Background Thread 1 ] DEBUG FXGLAssetLoaderServi - User app class for loading assets: class at.htl.blaetter_vs_beiser.Start
08:02:44.882 [FXGL Background Thread 1 ] DEBUG GameApplicationServi - Applying CSS: fxgl_dark.css
08:02:44.882 [FXGL Background Thread 1 ] DEBUG FXGLAssetLoaderServi - Loading from file system: jar:file:/C:/Users/grube/.m2/repository/com/github/almasb/fxgl/17.3/fxgl-17.3.jar!/fxglassets/ui/css/fxgl_dark.css
08:02:44.915 [FXGL Background Thread 1 ] DEBUG GameApplicationServi - Initializing application scenes
08:02:44.953 [FXGL Background Thread 1 ] DEBUG GameWorld            - Game world initialized
08:02:44.991 [FXGL Background Thread 1 ] DEBUG PhysicsWorld         - Physics world initialized: appHeight=600, physics.ppm=50,0
08:02:44.991 [FXGL Background Thread 1 ] DEBUG PhysicsWorld         - Using strategy: BRUTE_FORCE
08:02:44.995 [FXGL Background Thread 1 ] DEBUG GameScene            - Game scene initialized: 800x600
08:02:45.004 [FXGL Background Thread 1 ] DEBUG FXGL.DefaultMenu     - createMenuBodyGameMenu()
08:02:45.018 [FXGL Background Thread 1 ] DEBUG FXGL.DefaultMenu     - createOptionsMenu()
08:02:45.029 [FXGL Background Thread 1 ] DEBUG FXGLAssetLoaderServi - Loading from file system: jar:file:/C:/Users/grube/.m2/repository/com/github/almasb/fxgl/17.3/fxgl-17.3.jar!/fxglassets/textures/particles/smoke.png
08:02:45.099 [FXGL Background Thread 1 ] DEBUG FXGLAssetLoaderServi - Loading from file system: jar:file:/C:/Users/grube/.m2/repository/com/github/almasb/fxgl/17.3/fxgl-17.3.jar!/fxglassets/textures/particles/trace_horizontal.png
08:02:45.123 [FXGL Background Thread 1 ] DEBUG GameApplicationServi - Application scenes initialized
08:02:45.134 [FXGL Background Thread 1 ] DEBUG SystemBundleService  - Loading FXGL system data
08:02:45.144 [FXGL Background Thread 1 ] DEBUG FileSystemAccess     - Reading from: C:\Users\grube\OneDrive - HTL Saalfelden\Desktop\Pos\Pos3\blaetter_vs_beiser\Blaetter_vs_Beiser\system\fxgl.bundle
08:02:45.150 [FXGL Background Thread 1 ] DEBUG SystemBundleService  - Bundle FXGL: {}
08:02:45.151 [FXGL Background Thread 1 ] DEBUG UpdaterService       - Checking for updates
08:02:45.154 [FXGL Background Thread 4 ] DEBUG FXGLApplication      - Loading fonts
08:02:45.155 [FXGL Background Thread 4 ] DEBUG FXGLAssetLoaderServi - Loading from file system: jar:file:/C:/Users/grube/.m2/repository/com/github/almasb/fxgl/17.3/fxgl-17.3.jar!/fxglassets/ui/fonts/VarelaRound-Regular.ttf
08:02:45.155 [FXGL Background Thread 1 ] DEBUG FXGLApplication      - Loading default localization
08:02:45.156 [FXGL Background Thread 1 ] DEBUG FXGLAssetLoaderServi - Loading from file system: jar:file:/C:/Users/grube/.m2/repository/com/github/almasb/fxgl/17.3/fxgl-17.3.jar!/fxglassets/languages/english.lang
08:02:45.171 [FXGL Background Thread 1 ] INFO  FXGLApplication      - FXGL initialization took: 0,335 sec
08:02:45.194 [FXGL Background Thread 4 ] DEBUG FXGLAssetLoaderServi - Loading from file system: jar:file:/C:/Users/grube/.m2/repository/com/github/almasb/fxgl/17.3/fxgl-17.3.jar!/fxglassets/ui/fonts/Abel-Regular.ttf
08:02:45.194 [JavaFX Application Thread] DEBUG FXGLAssetLoaderServi - Loading from file system: jar:file:/C:/Users/grube/.m2/repository/com/github/almasb/fxgl/17.3/fxgl-17.3.jar!/fxglassets/textures/fxgl_icon.png
08:02:45.206 [FXGL Background Thread 4 ] DEBUG FXGLAssetLoaderServi - Loading from file system: jar:file:/C:/Users/grube/.m2/repository/com/github/almasb/fxgl/17.3/fxgl-17.3.jar!/fxglassets/ui/fonts/TerminalLandMono-Regular.otf
08:02:45.213 [JavaFX Application Thread] DEBUG FXGLAssetLoaderServi - Loading from file system: jar:file:/C:/Users/grube/.m2/repository/com/github/almasb/fxgl/17.3/fxgl-17.3.jar!/fxglassets/textures/fxgl_default_cursor.png
08:02:45.219 [FXGL Background Thread 4 ] DEBUG FXGLAssetLoaderServi - Loading from file system: jar:file:/C:/Users/grube/.m2/repository/com/github/almasb/fxgl/17.3/fxgl-17.3.jar!/fxglassets/ui/fonts/Courier-Prime.ttf
08:02:45.222 [JavaFX Application Thread] DEBUG Input                - Registered new binding: Screenshot - CTRL+8
08:02:45.222 [JavaFX Application Thread] DEBUG Input                - Registered new binding: System info dump - CTRL+9
08:02:45.223 [JavaFX Application Thread] DEBUG Input                - Registered new binding: Restart - CTRL+R
08:02:45.223 [JavaFX Application Thread] DEBUG Input                - Registered new binding: Toggle Debug Camera - CTRL+7
08:02:45.226 [JavaFX Application Thread] DEBUG LoopRunner           - Starting loop
08:02:45.227 [JavaFX Application Thread] DEBUG LoopRunner           - Initializing JavaFX AnimationTimerLoop
08:02:45.228 [JavaFX Application Thread] DEBUG GameApplicationServi - Starting new game
08:02:45.228 [JavaFX Application Thread] DEBUG Input                - Clearing active input actions
08:02:45.239 [JavaFX Application Thread] DEBUG GameApplicationServi - Removing overlay from FXGLStartupScene and adding to FXGLLoadingScene
08:02:45.240 [JavaFX Application Thread] DEBUG PrimaryStageWindow   - FXGLStartupScene -> FXGLLoadingScene
08:02:45.240 [JavaFX Application Thread] DEBUG GameApplicationServi - Clearing previous game
08:02:45.240 [JavaFX Application Thread] DEBUG GameScene            - Clearing game scene
08:02:45.240 [JavaFX Application Thread] DEBUG GameWorld            - Clearing game world
08:02:45.240 [JavaFX Application Thread] DEBUG PhysicsWorld         - Clearing physics world
08:02:45.242 [FXGL Background Thread 4 ] DEBUG FXGLApplication      - Initializing game
08:02:45.245 [FXGL Background Thread 4 ] DEBUG FXGLAssetLoaderServi - Loading from file system: file:/C:/Users/grube/OneDrive%20-%20HTL%20Saalfelden/Desktop/Pos/Pos3/blaetter_vs_beiser/Blaetter_vs_Beiser/blaetter_vs_beiser/target/classes/assets/textures/Background.png
08:02:45.283 [JavaFX Application Thread] DEBUG FXGLApplication      - Registering font factories with UI factory
08:02:45.380 [FXGL Background Thread 4 ] DEBUG FXGLAssetLoaderServi - Loading JSON from: file:/C:/Users/grube/OneDrive%20-%20HTL%20Saalfelden/Desktop/Pos/Pos3/blaetter_vs_beiser/Blaetter_vs_Beiser/blaetter_vs_beiser/target/classes/assets/Level/level1.json
08:02:45.573 [FXGL Background Thread 4 ] DEBUG FXGLAssetLoaderServi - Loading from file system: file:/C:/Users/grube/OneDrive%20-%20HTL%20Saalfelden/Desktop/Pos/Pos3/blaetter_vs_beiser/Blaetter_vs_Beiser/blaetter_vs_beiser/target/classes/assets/textures/Mousecursor.png
08:02:45.579 [FXGL Background Thread 4 ] DEBUG FXGLAssetLoaderServi - Loading from file system: file:/C:/Users/grube/OneDrive%20-%20HTL%20Saalfelden/Desktop/Pos/Pos3/blaetter_vs_beiser/Blaetter_vs_Beiser/blaetter_vs_beiser/target/classes/assets/textures/Sun.png
08:02:45.584 [FXGL Background Thread 4 ] DEBUG FXGLAssetLoaderServi - Loading from file system: file:/C:/Users/grube/OneDrive%20-%20HTL%20Saalfelden/Desktop/Pos/Pos3/blaetter_vs_beiser/Blaetter_vs_Beiser/blaetter_vs_beiser/target/classes/assets/textures/Plants/Peashooter.png
08:02:45.595 [FXGL Background Thread 4 ] DEBUG FXGLAssetLoaderServi - Loading from file system: file:/C:/Users/grube/OneDrive%20-%20HTL%20Saalfelden/Desktop/Pos/Pos3/blaetter_vs_beiser/Blaetter_vs_Beiser/blaetter_vs_beiser/target/classes/assets/textures/Plants/Sunflower.png
08:02:45.605 [FXGL Background Thread 4 ] DEBUG FXGLAssetLoaderServi - Loading from file system: file:/C:/Users/grube/OneDrive%20-%20HTL%20Saalfelden/Desktop/Pos/Pos3/blaetter_vs_beiser/Blaetter_vs_Beiser/blaetter_vs_beiser/target/classes/assets/textures/Plants/Wallnut.png
08:02:45.614 [FXGL Background Thread 4 ] DEBUG FXGLAssetLoaderServi - Loading from file system: file:/C:/Users/grube/OneDrive%20-%20HTL%20Saalfelden/Desktop/Pos/Pos3/blaetter_vs_beiser/Blaetter_vs_Beiser/blaetter_vs_beiser/target/classes/assets/textures/Plants/Potatomine.png
08:02:45.625 [FXGL Background Thread 4 ] DEBUG FXGLAssetLoaderServi - Loading from file system: file:/C:/Users/grube/OneDrive%20-%20HTL%20Saalfelden/Desktop/Pos/Pos3/blaetter_vs_beiser/Blaetter_vs_Beiser/blaetter_vs_beiser/target/classes/assets/textures/Plants/Cherrybomb.png
08:02:45.636 [FXGL Background Thread 4 ] DEBUG FXGLAssetLoaderServi - Loading from file system: file:/C:/Users/grube/OneDrive%20-%20HTL%20Saalfelden/Desktop/Pos/Pos3/blaetter_vs_beiser/Blaetter_vs_Beiser/blaetter_vs_beiser/target/classes/assets/textures/Plants/Snowpeashooter.png
08:02:45.663 [FXGL Background Thread 4 ] DEBUG FXGLAssetLoaderServi - Loading from file system: file:/C:/Users/grube/OneDrive%20-%20HTL%20Saalfelden/Desktop/Pos/Pos3/blaetter_vs_beiser/Blaetter_vs_Beiser/blaetter_vs_beiser/target/classes/assets/textures/Shovel.png
08:02:45.698 [FXGL Background Thread 4 ] INFO  FXGLApplication      - Game initialization took: 0,456 sec
08:02:45.709 [JavaFX Application Thread] DEBUG Input                - Clearing active input actions
08:02:45.719 [JavaFX Application Thread] DEBUG GameApplicationServi - Removing overlay from FXGLLoadingScene and adding to GameScene
08:02:45.719 [JavaFX Application Thread] DEBUG PrimaryStageWindow   - FXGLLoadingScene -> GameScene
08:02:45.924 [FXGL Background Thread 2 ] INFO  UpdaterService       - Your current version:  17.3
08:02:45.924 [FXGL Background Thread 2 ] INFO  UpdaterService       - Latest stable version: 25
08:02:48.154 [FXGL Background Thread 3 ] DEBUG Engine               - Logging environment variables
08:02:48.155 [FXGL Background Thread 3 ] DEBUG Engine               - achievements: []
08:02:48.155 [FXGL Background Thread 3 ] DEBUG Engine               - actualHeight: 960.0
08:02:48.155 [FXGL Background Thread 3 ] DEBUG Engine               - actualHeightProperty: ReadOnlyDoubleProperty [value: 960.0]
08:02:48.155 [FXGL Background Thread 3 ] DEBUG Engine               - actualWidth: 1536.0
08:02:48.155 [FXGL Background Thread 3 ] DEBUG Engine               - actualWidthProperty: ReadOnlyDoubleProperty [value: 1536.0]
08:02:48.155 [FXGL Background Thread 3 ] DEBUG Engine               - appIcon: fxgl_icon.png
08:02:48.155 [FXGL Background Thread 3 ] DEBUG Engine               - applicationMode: DEVELOPER
08:02:48.155 [FXGL Background Thread 3 ] DEBUG Engine               - cSSList: [fxgl_dark.css]
08:02:48.155 [FXGL Background Thread 3 ] DEBUG Engine               - collisionDetectionStrategy: BRUTE_FORCE
08:02:48.155 [FXGL Background Thread 3 ] DEBUG Engine               - configClass: Optional.empty
08:02:48.156 [FXGL Background Thread 3 ] DEBUG Engine               - credits: []
08:02:48.156 [FXGL Background Thread 3 ] DEBUG Engine               - defaultCursor: CursorInfo(imageName=fxgl_default_cursor.png, hotspotX=7.0, hotspotY=6.0)
08:02:48.156 [FXGL Background Thread 3 ] DEBUG Engine               - devBBoxColorProperty: ObjectProperty [value: 0xff0000ff]
08:02:48.156 [FXGL Background Thread 3 ] DEBUG Engine               - devEnableDebugCameraProperty: BooleanProperty [value: false]
08:02:48.156 [FXGL Background Thread 3 ] DEBUG Engine               - devSensorColorProperty: ObjectProperty [value: 0xffff00ff]
08:02:48.156 [FXGL Background Thread 3 ] DEBUG Engine               - devShowBBoxProperty: BooleanProperty [value: false]
08:02:48.156 [FXGL Background Thread 3 ] DEBUG Engine               - devShowPositionProperty: BooleanProperty [value: false]
08:02:48.156 [FXGL Background Thread 3 ] DEBUG Engine               - enabledMenuItems: []
08:02:48.156 [FXGL Background Thread 3 ] DEBUG Engine               - engineServices: [class com.almasb.fxgl.app.services.FXGLAssetLoaderService, class com.almasb.fxgl.app.FXGLApplication$GameApplicationService, class com.almasb.fxgl.app.services.FXGLDialogService, class com.almasb.fxgl.app.services.IOTaskExecutorService, class com.almasb.fxgl.io.FileSystemService, class com.almasb.fxgl.localization.LocalizationService, class com.almasb.fxgl.app.services.SystemBundleService, class com.almasb.fxgl.profile.SaveLoadService, class com.almasb.fxgl.ui.FXGLUIFactoryServiceProvider, class com.almasb.fxgl.ui.FXGLDialogFactoryServiceProvider, class com.almasb.fxgl.audio.AudioPlayer, class com.almasb.fxgl.notification.impl.NotificationServiceProvider, class com.almasb.fxgl.achievement.AchievementService, class com.almasb.fxgl.cutscene.CutsceneService, class com.almasb.fxgl.minigames.MiniGameService, class com.almasb.fxgl.net.NetService, class com.almasb.fxgl.app.services.UpdaterService, class com.almasb.fxgl.dev.DevService]
08:02:48.156 [FXGL Background Thread 3 ] DEBUG Engine               - fontGame: Abel-Regular.ttf
08:02:48.156 [FXGL Background Thread 3 ] DEBUG Engine               - fontMono: TerminalLandMono-Regular.otf
08:02:48.156 [FXGL Background Thread 3 ] DEBUG Engine               - fontSizeScaleUI: 1.0
08:02:48.156 [FXGL Background Thread 3 ] DEBUG Engine               - fontText: Courier-Prime.ttf
08:02:48.156 [FXGL Background Thread 3 ] DEBUG Engine               - fontUI: VarelaRound-Regular.ttf
08:02:48.156 [FXGL Background Thread 3 ] DEBUG Engine               - fullScreen: BooleanProperty [value: true]
08:02:48.156 [FXGL Background Thread 3 ] DEBUG Engine               - gameDifficulty: MEDIUM
08:02:48.156 [FXGL Background Thread 3 ] DEBUG Engine               - gameDifficultyProperty: ObjectProperty [value: MEDIUM]
08:02:48.156 [FXGL Background Thread 3 ] DEBUG Engine               - globalMusicVolume: 0.5
08:02:48.156 [FXGL Background Thread 3 ] DEBUG Engine               - globalMusicVolumeProperty: DoubleProperty [value: 0.5]
08:02:48.156 [FXGL Background Thread 3 ] DEBUG Engine               - globalSoundVolume: 0.5
08:02:48.157 [FXGL Background Thread 3 ] DEBUG Engine               - globalSoundVolumeProperty: DoubleProperty [value: 0.5]
08:02:48.157 [FXGL Background Thread 3 ] DEBUG Engine               - height: 600
08:02:48.157 [FXGL Background Thread 3 ] DEBUG Engine               - is3D: false
08:02:48.157 [FXGL Background Thread 3 ] DEBUG Engine               - isAndroid: false
08:02:48.157 [FXGL Background Thread 3 ] DEBUG Engine               - isBrowser: false
08:02:48.157 [FXGL Background Thread 3 ] DEBUG Engine               - isClickFeedbackEnabled: false
08:02:48.157 [FXGL Background Thread 3 ] DEBUG Engine               - isCloseConfirmation: false
08:02:48.157 [FXGL Background Thread 3 ] DEBUG Engine               - isDesktop: true
08:02:48.157 [FXGL Background Thread 3 ] DEBUG Engine               - isDeveloperMenuEnabled: false
08:02:48.157 [FXGL Background Thread 3 ] DEBUG Engine               - isEmbedded: false
08:02:48.157 [FXGL Background Thread 3 ] DEBUG Engine               - isEntityPreloadEnabled: true
08:02:48.157 [FXGL Background Thread 3 ] DEBUG Engine               - isExperimentalTiledLargeMap: false
08:02:48.157 [FXGL Background Thread 3 ] DEBUG Engine               - isFileSystemWriteAllowed: true
08:02:48.157 [FXGL Background Thread 3 ] DEBUG Engine               - isFullScreenAllowed: true
08:02:48.157 [FXGL Background Thread 3 ] DEBUG Engine               - isFullScreenFromStart: true
08:02:48.157 [FXGL Background Thread 3 ] DEBUG Engine               - isGameMenuEnabled: true
08:02:48.157 [FXGL Background Thread 3 ] DEBUG Engine               - isIOS: false
08:02:48.157 [FXGL Background Thread 3 ] DEBUG Engine               - isIntroEnabled: false
08:02:48.157 [FXGL Background Thread 3 ] DEBUG Engine               - isLinux: false
08:02:48.157 [FXGL Background Thread 3 ] DEBUG Engine               - isMac: false
08:02:48.157 [FXGL Background Thread 3 ] DEBUG Engine               - isMainMenuEnabled: false
08:02:48.157 [FXGL Background Thread 3 ] DEBUG Engine               - isManualResizeEnabled: false
08:02:48.157 [FXGL Background Thread 3 ] DEBUG Engine               - isMobile: false
08:02:48.157 [FXGL Background Thread 3 ] DEBUG Engine               - isNative: false
08:02:48.157 [FXGL Background Thread 3 ] DEBUG Engine               - isPauseMusicWhenMinimized: true
08:02:48.157 [FXGL Background Thread 3 ] DEBUG Engine               - isPreserveResizeRatio: false
08:02:48.157 [FXGL Background Thread 3 ] DEBUG Engine               - isProfilingEnabled: false
08:02:48.157 [FXGL Background Thread 3 ] DEBUG Engine               - isScaleAffectedOnResize: true
08:02:48.157 [FXGL Background Thread 3 ] DEBUG Engine               - isSingleStep: false
08:02:48.157 [FXGL Background Thread 3 ] DEBUG Engine               - isUserProfileEnabled: false
08:02:48.157 [FXGL Background Thread 3 ] DEBUG Engine               - isWindows: true
08:02:48.157 [FXGL Background Thread 3 ] DEBUG Engine               - language: ObjectProperty [value: ENGLISH]
08:02:48.157 [FXGL Background Thread 3 ] DEBUG Engine               - menuKey: ESCAPE
08:02:48.157 [FXGL Background Thread 3 ] DEBUG Engine               - mouseSensitivity: 0.2
08:02:48.157 [FXGL Background Thread 3 ] DEBUG Engine               - notificationViewClass: class com.almasb.fxgl.notification.view.XboxNotificationView
08:02:48.157 [FXGL Background Thread 3 ] DEBUG Engine               - pixelsPerMeter: 50.0
08:02:48.157 [FXGL Background Thread 3 ] DEBUG Engine               - platform: WINDOWS
08:02:48.157 [FXGL Background Thread 3 ] DEBUG Engine               - prefHeightProperty: ReadOnlyDoubleProperty [value: 600.0]
08:02:48.157 [FXGL Background Thread 3 ] DEBUG Engine               - prefWidthProperty: ReadOnlyDoubleProperty [value: 800.0]
08:02:48.157 [FXGL Background Thread 3 ] DEBUG Engine               - profileDir: profiles/
08:02:48.158 [FXGL Background Thread 3 ] DEBUG Engine               - profileName: StringProperty [value: DEFAULT]
08:02:48.158 [FXGL Background Thread 3 ] DEBUG Engine               - randomSeed: -1
08:02:48.158 [FXGL Background Thread 3 ] DEBUG Engine               - runtimeInfo: RuntimeInfo(platform=WINDOWS, version=17.3, build=30.03.2023 11.49)
08:02:48.158 [FXGL Background Thread 3 ] DEBUG Engine               - saveFileExt: sav
08:02:48.158 [FXGL Background Thread 3 ] DEBUG Engine               - scaledHeightProp$fxgl: DoubleProperty [bound, value: 960.0]
08:02:48.158 [FXGL Background Thread 3 ] DEBUG Engine               - scaledWidthProp$fxgl: DoubleProperty [bound, value: 1536.0]
08:02:48.158 [FXGL Background Thread 3 ] DEBUG Engine               - sceneFactory: com.almasb.fxgl.app.scene.SceneFactory@a20e8f3
08:02:48.158 [FXGL Background Thread 3 ] DEBUG Engine               - secondsIn24h: 60
08:02:48.158 [FXGL Background Thread 3 ] DEBUG Engine               - soundMenuBack: menu/back.wav
08:02:48.158 [FXGL Background Thread 3 ] DEBUG Engine               - soundMenuPress: menu/press.wav
08:02:48.158 [FXGL Background Thread 3 ] DEBUG Engine               - soundMenuSelect: menu/select.wav
08:02:48.158 [FXGL Background Thread 3 ] DEBUG Engine               - soundNotification: core/notification.wav
08:02:48.158 [FXGL Background Thread 3 ] DEBUG Engine               - stageStyle: DECORATED
08:02:48.158 [FXGL Background Thread 3 ] DEBUG Engine               - supportedLanguages: [ENGLISH, FRENCH, GERMAN, HUNGARIAN, RUSSIAN]
08:02:48.158 [FXGL Background Thread 3 ] DEBUG Engine               - ticksPerSecond: -1
08:02:48.158 [FXGL Background Thread 3 ] DEBUG Engine               - title: BvB
08:02:48.158 [FXGL Background Thread 3 ] DEBUG Engine               - urlGithub: https://github.com/AlmasB/FXGL
08:02:48.158 [FXGL Background Thread 3 ] DEBUG Engine               - urlLeaderboard: http://fxgl-top.herokuapp.com/
08:02:48.158 [FXGL Background Thread 3 ] DEBUG Engine               - urlPOM: https://raw.githubusercontent.com/AlmasB/FXGL/release/README.md
08:02:48.158 [FXGL Background Thread 3 ] DEBUG Engine               - userAppClass: class at.htl.blaetter_vs_beiser.Start
08:02:48.158 [FXGL Background Thread 3 ] DEBUG Engine               - version: 0.0
08:02:48.158 [FXGL Background Thread 3 ] DEBUG Engine               - versionCheckDays: 7
08:02:48.158 [FXGL Background Thread 3 ] DEBUG Engine               - width: 800
08:02:48.158 [FXGL Background Thread 3 ] DEBUG Engine               - Logging services
08:02:48.158 [FXGL Background Thread 3 ] DEBUG Engine               - class com.almasb.fxgl.app.services.FXGLAssetLoaderService
08:02:48.158 [FXGL Background Thread 3 ] DEBUG Engine               - class com.almasb.fxgl.app.FXGLApplication$GameApplicationService
08:02:48.158 [FXGL Background Thread 3 ] DEBUG Engine               - class com.almasb.fxgl.app.services.FXGLDialogService
08:02:48.158 [FXGL Background Thread 3 ] DEBUG Engine               - class com.almasb.fxgl.app.services.IOTaskExecutorService
08:02:48.158 [FXGL Background Thread 3 ] DEBUG Engine               - class com.almasb.fxgl.io.FileSystemService
08:02:48.158 [FXGL Background Thread 3 ] DEBUG Engine               - class com.almasb.fxgl.localization.LocalizationService
08:02:48.158 [FXGL Background Thread 3 ] DEBUG Engine               - class com.almasb.fxgl.app.services.SystemBundleService
08:02:48.158 [FXGL Background Thread 3 ] DEBUG Engine               - class com.almasb.fxgl.profile.SaveLoadService
08:02:48.158 [FXGL Background Thread 3 ] DEBUG Engine               - class com.almasb.fxgl.ui.FXGLUIFactoryServiceProvider
08:02:48.158 [FXGL Background Thread 3 ] DEBUG Engine               - class com.almasb.fxgl.ui.FXGLDialogFactoryServiceProvider
08:02:48.158 [FXGL Background Thread 3 ] DEBUG Engine               - class com.almasb.fxgl.audio.AudioPlayer
08:02:48.158 [FXGL Background Thread 3 ] DEBUG Engine               - class com.almasb.fxgl.notification.impl.NotificationServiceProvider
08:02:48.158 [FXGL Background Thread 3 ] DEBUG Engine               - class com.almasb.fxgl.achievement.AchievementService
08:02:48.158 [FXGL Background Thread 3 ] DEBUG Engine               - class com.almasb.fxgl.cutscene.CutsceneService
08:02:48.158 [FXGL Background Thread 3 ] DEBUG Engine               - class com.almasb.fxgl.minigames.MiniGameService
08:02:48.158 [FXGL Background Thread 3 ] DEBUG Engine               - class com.almasb.fxgl.net.NetService
08:02:48.158 [FXGL Background Thread 3 ] DEBUG Engine               - class com.almasb.fxgl.app.services.UpdaterService
08:02:48.158 [FXGL Background Thread 3 ] DEBUG Engine               - class com.almasb.fxgl.dev.DevService
08:03:00.488 [JavaFX Application Thread] DEBUG FXGLAssetLoaderServi - Loading from file system: file:/C:/Users/grube/OneDrive%20-%20HTL%20Saalfelden/Desktop/Pos/Pos3/blaetter_vs_beiser/Blaetter_vs_Beiser/blaetter_vs_beiser/target/classes/assets/textures/Zombies/Zombie3.png
08:03:10.609 [JavaFX Application Thread] DEBUG PrimaryStageWindow   - Push state: FXGLDefaultMenu
08:03:10.612 [JavaFX Application Thread] DEBUG Input                - Clearing active input actions
08:03:10.616 [JavaFX Application Thread] DEBUG GameApplicationServi - Removing overlay from GameScene and adding to FXGLDefaultMenu
08:03:10.616 [JavaFX Application Thread] DEBUG PrimaryStageWindow   - GameScene -> FXGLDefaultMenu
08:03:12.508 [JavaFX Application Thread] DEBUG Menu                 - fireExit()
08:03:12.510 [JavaFX Application Thread] DEBUG PrimaryStageWindow   - Push state: DialogSubScene
08:03:12.510 [JavaFX Application Thread] DEBUG Input                - Clearing active input actions
08:03:12.510 [JavaFX Application Thread] DEBUG GameApplicationServi - Removing overlay from FXGLDefaultMenu and adding to DialogSubScene
08:03:12.510 [JavaFX Application Thread] DEBUG PrimaryStageWindow   - FXGLDefaultMenu -> DialogSubScene
08:03:13.775 [JavaFX Application Thread] DEBUG PrimaryStageWindow   - Pop state: DialogSubScene
08:03:13.776 [JavaFX Application Thread] DEBUG Input                - Clearing active input actions
08:03:13.776 [JavaFX Application Thread] DEBUG GameApplicationServi - Removing overlay from DialogSubScene and adding to FXGLDefaultMenu
08:03:13.777 [JavaFX Application Thread] DEBUG PrimaryStageWindow   - FXGLDefaultMenu <- DialogSubScene
08:03:13.777 [JavaFX Application Thread] DEBUG FXGLApplication      - Exiting FXGL
08:03:13.777 [JavaFX Application Thread] DEBUG LoopRunner           - Stopping loop
08:03:13.777 [JavaFX Application Thread] DEBUG SystemBundleService  - Saving FXGL system data
08:03:13.779 [JavaFX Application Thread] DEBUG FileSystemAccess     - Writing to: C:\Users\grube\OneDrive - HTL Saalfelden\Desktop\Pos\Pos3\blaetter_vs_beiser\Blaetter_vs_Beiser\system\fxgl.bundle
08:03:13.782 [JavaFX Application Thread] DEBUG Async                - Shutting down background threads
08:03:13.783 [JavaFX Application Thread] DEBUG PrimaryStageWindow   - Closing main window
08:03:13.811 [JavaFX Application Thread] DEBUG Logger               - Closing Logger
