11:58:00.028 [main                     ] DEBUG Logger               - Configured Logger
11:58:00.044 [main                     ] DEBUG GameApplication      - Logging settings
Title: BvB
Version: 0.0
Width: 800
Height: 600
Fullscreen: true
Intro: false
Profiling: false
Single step:false
App Mode: DEVELOPER
Menu Key: ESCAPE
Stage Style: DECORATED
Scene Factory: class com.almasb.fxgl.app.scene.SceneFactory

11:58:00.505 [JavaFX Application Thread] DEBUG FXGLApplication      - Initializing FXGL
11:58:00.509 [JavaFX Application Thread] INFO  Engine               - FXGL-17.3 (30.03.2023 11.49) on WINDOWS (J:25 FX:21.0.6)
11:58:00.509 [JavaFX Application Thread] DEBUG Engine               - JRE Vendor Name: Oracle Corporation
11:58:00.509 [JavaFX Application Thread] DEBUG Engine               - Running on OS: Windows 11 version 10.0
11:58:00.509 [JavaFX Application Thread] DEBUG Engine               - Architecture: amd64
11:58:00.509 [JavaFX Application Thread] INFO  Engine               - Source code and latest versions at: https://github.com/AlmasB/FXGL
11:58:00.509 [JavaFX Application Thread] INFO  Engine               -       Ask questions and discuss at: https://github.com/AlmasB/FXGL/discussions
11:58:00.509 [JavaFX Application Thread] INFO  Engine               -              Join the FXGL chat at: https://gitter.im/AlmasB/FXGL
11:58:00.593 [JavaFX Application Thread] DEBUG PrimaryStageWindow   - Creating a JavaFX scene
11:58:00.633 [JavaFX Application Thread] DEBUG PrimaryStageWindow   - Target settings size: 800.0 x 600.0
11:58:00.633 [JavaFX Application Thread] DEBUG PrimaryStageWindow   - Scaled scene size:    800.0 x 600.0
11:58:00.633 [JavaFX Application Thread] DEBUG PrimaryStageWindow   - Scaled ratio: (1.0, 1.0)
11:58:00.634 [JavaFX Application Thread] DEBUG PrimaryStageWindow   - Set initial scene to FXGLStartupScene
11:58:00.637 [JavaFX Application Thread] DEBUG PrimaryStageWindow   - Opening main window
11:58:00.717 [JavaFX Application Thread] DEBUG PrimaryStageWindow   - Window border size: (14.4000244140625, 37.5999755859375)
11:58:00.718 [JavaFX Application Thread] DEBUG PrimaryStageWindow   - Scaled size: 800.0 x 600.0
11:58:00.718 [JavaFX Application Thread] DEBUG PrimaryStageWindow   - Scaled ratio: (1.0, 1.0)
11:58:00.718 [JavaFX Application Thread] DEBUG PrimaryStageWindow   - Scene size: 800.0 x 600.0
11:58:00.718 [JavaFX Application Thread] DEBUG PrimaryStageWindow   - Stage size: 814.4000244140625 x 637.5999755859375
11:58:00.764 [JavaFX Application Thread] DEBUG PrimaryStageWindow   - Going fullscreen
11:58:00.770 [FXGL Background Thread 1 ] DEBUG Engine               - Initializing environment variables
11:58:00.810 [FXGL Background Thread 1 ] DEBUG FXGLAssetLoaderServi - User app class for loading assets: class at.htl.blaetter_vs_beiser.Start
11:58:00.810 [FXGL Background Thread 1 ] DEBUG GameApplicationServi - Applying CSS: fxgl_dark.css
11:58:00.811 [FXGL Background Thread 1 ] DEBUG FXGLAssetLoaderServi - Loading from file system: jar:file:/C:/Users/grube/.m2/repository/com/github/almasb/fxgl/17.3/fxgl-17.3.jar!/fxglassets/ui/css/fxgl_dark.css
11:58:00.838 [FXGL Background Thread 1 ] DEBUG GameApplicationServi - Initializing application scenes
11:58:00.868 [FXGL Background Thread 1 ] DEBUG GameWorld            - Game world initialized
11:58:00.904 [FXGL Background Thread 1 ] DEBUG PhysicsWorld         - Physics world initialized: appHeight=600, physics.ppm=50,0
11:58:00.905 [FXGL Background Thread 1 ] DEBUG PhysicsWorld         - Using strategy: BRUTE_FORCE
11:58:00.907 [FXGL Background Thread 1 ] DEBUG GameScene            - Game scene initialized: 800x600
11:58:00.918 [FXGL Background Thread 1 ] DEBUG FXGL.DefaultMenu     - createMenuBodyGameMenu()
11:58:00.932 [FXGL Background Thread 1 ] DEBUG FXGL.DefaultMenu     - createOptionsMenu()
11:58:00.941 [FXGL Background Thread 1 ] DEBUG FXGLAssetLoaderServi - Loading from file system: jar:file:/C:/Users/grube/.m2/repository/com/github/almasb/fxgl/17.3/fxgl-17.3.jar!/fxglassets/textures/particles/smoke.png
11:58:01.002 [FXGL Background Thread 1 ] DEBUG FXGLAssetLoaderServi - Loading from file system: jar:file:/C:/Users/grube/.m2/repository/com/github/almasb/fxgl/17.3/fxgl-17.3.jar!/fxglassets/textures/particles/trace_horizontal.png
11:58:01.022 [FXGL Background Thread 1 ] DEBUG GameApplicationServi - Application scenes initialized
11:58:01.031 [FXGL Background Thread 1 ] DEBUG SystemBundleService  - Loading FXGL system data
11:58:01.035 [FXGL Background Thread 1 ] DEBUG FileSystemAccess     - Reading from: C:\Users\grube\OneDrive - HTL Saalfelden\Desktop\Pos\Pos3\blaetter_vs_beiser\Blaetter_vs_Beiser\system\fxgl.bundle
11:58:01.039 [FXGL Background Thread 1 ] DEBUG SystemBundleService  - Bundle FXGL: {}
11:58:01.040 [FXGL Background Thread 1 ] DEBUG UpdaterService       - Checking for updates
11:58:01.043 [FXGL Background Thread 4 ] DEBUG FXGLApplication      - Loading fonts
11:58:01.044 [FXGL Background Thread 4 ] DEBUG FXGLAssetLoaderServi - Loading from file system: jar:file:/C:/Users/grube/.m2/repository/com/github/almasb/fxgl/17.3/fxgl-17.3.jar!/fxglassets/ui/fonts/VarelaRound-Regular.ttf
11:58:01.044 [FXGL Background Thread 1 ] DEBUG FXGLApplication      - Loading default localization
11:58:01.044 [FXGL Background Thread 1 ] DEBUG FXGLAssetLoaderServi - Loading from file system: jar:file:/C:/Users/grube/.m2/repository/com/github/almasb/fxgl/17.3/fxgl-17.3.jar!/fxglassets/languages/english.lang
11:58:01.057 [FXGL Background Thread 1 ] INFO  FXGLApplication      - FXGL initialization took: 0,287 sec
11:58:01.059 [JavaFX Application Thread] DEBUG FXGLAssetLoaderServi - Loading from file system: jar:file:/C:/Users/grube/.m2/repository/com/github/almasb/fxgl/17.3/fxgl-17.3.jar!/fxglassets/textures/fxgl_icon.png
11:58:01.077 [JavaFX Application Thread] DEBUG FXGLAssetLoaderServi - Loading from file system: jar:file:/C:/Users/grube/.m2/repository/com/github/almasb/fxgl/17.3/fxgl-17.3.jar!/fxglassets/textures/fxgl_default_cursor.png
11:58:01.077 [FXGL Background Thread 4 ] DEBUG FXGLAssetLoaderServi - Loading from file system: jar:file:/C:/Users/grube/.m2/repository/com/github/almasb/fxgl/17.3/fxgl-17.3.jar!/fxglassets/ui/fonts/Abel-Regular.ttf
11:58:01.086 [JavaFX Application Thread] DEBUG Input                - Registered new binding: Screenshot - CTRL+8
11:58:01.086 [JavaFX Application Thread] DEBUG Input                - Registered new binding: System info dump - CTRL+9
11:58:01.086 [JavaFX Application Thread] DEBUG Input                - Registered new binding: Restart - CTRL+R
11:58:01.087 [JavaFX Application Thread] DEBUG Input                - Registered new binding: Toggle Debug Camera - CTRL+7
11:58:01.088 [FXGL Background Thread 4 ] DEBUG FXGLAssetLoaderServi - Loading from file system: jar:file:/C:/Users/grube/.m2/repository/com/github/almasb/fxgl/17.3/fxgl-17.3.jar!/fxglassets/ui/fonts/TerminalLandMono-Regular.otf
11:58:01.090 [JavaFX Application Thread] DEBUG LoopRunner           - Starting loop
11:58:01.090 [JavaFX Application Thread] DEBUG LoopRunner           - Initializing JavaFX AnimationTimerLoop
11:58:01.091 [JavaFX Application Thread] DEBUG GameApplicationServi - Starting new game
11:58:01.092 [JavaFX Application Thread] DEBUG Input                - Clearing active input actions
11:58:01.101 [FXGL Background Thread 4 ] DEBUG FXGLAssetLoaderServi - Loading from file system: jar:file:/C:/Users/grube/.m2/repository/com/github/almasb/fxgl/17.3/fxgl-17.3.jar!/fxglassets/ui/fonts/Courier-Prime.ttf
11:58:01.101 [JavaFX Application Thread] DEBUG GameApplicationServi - Removing overlay from FXGLStartupScene and adding to FXGLLoadingScene
11:58:01.102 [JavaFX Application Thread] DEBUG PrimaryStageWindow   - FXGLStartupScene -> FXGLLoadingScene
11:58:01.102 [JavaFX Application Thread] DEBUG GameApplicationServi - Clearing previous game
11:58:01.102 [JavaFX Application Thread] DEBUG GameScene            - Clearing game scene
11:58:01.102 [JavaFX Application Thread] DEBUG GameWorld            - Clearing game world
11:58:01.102 [JavaFX Application Thread] DEBUG PhysicsWorld         - Clearing physics world
11:58:01.104 [FXGL Background Thread 1 ] DEBUG FXGLApplication      - Initializing game
11:58:01.107 [FXGL Background Thread 1 ] DEBUG FXGLAssetLoaderServi - Loading from file system: file:/C:/Users/grube/OneDrive%20-%20HTL%20Saalfelden/Desktop/Pos/Pos3/blaetter_vs_beiser/Blaetter_vs_Beiser/blaetter_vs_beiser/target/classes/assets/textures/Background.png
11:58:01.145 [JavaFX Application Thread] DEBUG FXGLApplication      - Registering font factories with UI factory
11:58:01.206 [FXGL Background Thread 1 ] DEBUG FXGLAssetLoaderServi - Loading JSON from: file:/C:/Users/grube/OneDrive%20-%20HTL%20Saalfelden/Desktop/Pos/Pos3/blaetter_vs_beiser/Blaetter_vs_Beiser/blaetter_vs_beiser/target/classes/assets/Level/level1.json
11:58:01.404 [FXGL Background Thread 2 ] INFO  UpdaterService       - Your current version:  17.3
11:58:01.404 [FXGL Background Thread 2 ] INFO  UpdaterService       - Latest stable version: 25
11:58:01.417 [FXGL Background Thread 1 ] DEBUG FXGLAssetLoaderServi - Loading from file system: file:/C:/Users/grube/OneDrive%20-%20HTL%20Saalfelden/Desktop/Pos/Pos3/blaetter_vs_beiser/Blaetter_vs_Beiser/blaetter_vs_beiser/target/classes/assets/textures/Mousecursor.png
11:58:01.422 [FXGL Background Thread 1 ] DEBUG FXGLAssetLoaderServi - Loading from file system: file:/C:/Users/grube/OneDrive%20-%20HTL%20Saalfelden/Desktop/Pos/Pos3/blaetter_vs_beiser/Blaetter_vs_Beiser/blaetter_vs_beiser/target/classes/assets/textures/Sun.png
11:58:01.435 [FXGL Background Thread 1 ] DEBUG FXGLAssetLoaderServi - Loading from file system: file:/C:/Users/grube/OneDrive%20-%20HTL%20Saalfelden/Desktop/Pos/Pos3/blaetter_vs_beiser/Blaetter_vs_Beiser/blaetter_vs_beiser/target/classes/assets/textures/Plants/Peashooter.png
11:58:01.446 [FXGL Background Thread 1 ] DEBUG FXGLAssetLoaderServi - Loading from file system: file:/C:/Users/grube/OneDrive%20-%20HTL%20Saalfelden/Desktop/Pos/Pos3/blaetter_vs_beiser/Blaetter_vs_Beiser/blaetter_vs_beiser/target/classes/assets/textures/Plants/Sunflower.png
11:58:01.456 [FXGL Background Thread 1 ] DEBUG FXGLAssetLoaderServi - Loading from file system: file:/C:/Users/grube/OneDrive%20-%20HTL%20Saalfelden/Desktop/Pos/Pos3/blaetter_vs_beiser/Blaetter_vs_Beiser/blaetter_vs_beiser/target/classes/assets/textures/Plants/Wallnut.png
11:58:01.464 [FXGL Background Thread 1 ] DEBUG FXGLAssetLoaderServi - Loading from file system: file:/C:/Users/grube/OneDrive%20-%20HTL%20Saalfelden/Desktop/Pos/Pos3/blaetter_vs_beiser/Blaetter_vs_Beiser/blaetter_vs_beiser/target/classes/assets/textures/Plants/Potatomine.png
11:58:01.475 [FXGL Background Thread 1 ] DEBUG FXGLAssetLoaderServi - Loading from file system: file:/C:/Users/grube/OneDrive%20-%20HTL%20Saalfelden/Desktop/Pos/Pos3/blaetter_vs_beiser/Blaetter_vs_Beiser/blaetter_vs_beiser/target/classes/assets/textures/Plants/Cherrybomb.png
11:58:01.486 [FXGL Background Thread 1 ] DEBUG FXGLAssetLoaderServi - Loading from file system: file:/C:/Users/grube/OneDrive%20-%20HTL%20Saalfelden/Desktop/Pos/Pos3/blaetter_vs_beiser/Blaetter_vs_Beiser/blaetter_vs_beiser/target/classes/assets/textures/Plants/Snowpeashooter.png
11:58:01.515 [FXGL Background Thread 1 ] WARN  FXGLAssetLoaderServi - Asset "/assets/textures/Shovel.png" was not found!
11:58:01.515 [FXGL Background Thread 1 ] WARN  FXGLAssetLoaderServi - Failed to load IMAGE
11:58:01.551 [FXGL Background Thread 1 ] INFO  FXGLApplication      - Game initialization took: 0,447 sec
11:58:01.552 [JavaFX Application Thread] DEBUG Input                - Clearing active input actions
11:58:01.561 [JavaFX Application Thread] DEBUG GameApplicationServi - Removing overlay from FXGLLoadingScene and adding to GameScene
11:58:01.562 [JavaFX Application Thread] DEBUG PrimaryStageWindow   - FXGLLoadingScene -> GameScene
11:58:04.043 [FXGL Background Thread 3 ] DEBUG Engine               - Logging environment variables
11:58:04.043 [FXGL Background Thread 3 ] DEBUG Engine               - achievements: []
11:58:04.044 [FXGL Background Thread 3 ] DEBUG Engine               - actualHeight: 960.0
11:58:04.044 [FXGL Background Thread 3 ] DEBUG Engine               - actualHeightProperty: ReadOnlyDoubleProperty [value: 960.0]
11:58:04.044 [FXGL Background Thread 3 ] DEBUG Engine               - actualWidth: 1536.0
11:58:04.044 [FXGL Background Thread 3 ] DEBUG Engine               - actualWidthProperty: ReadOnlyDoubleProperty [value: 1536.0]
11:58:04.044 [FXGL Background Thread 3 ] DEBUG Engine               - appIcon: fxgl_icon.png
11:58:04.044 [FXGL Background Thread 3 ] DEBUG Engine               - applicationMode: DEVELOPER
11:58:04.044 [FXGL Background Thread 3 ] DEBUG Engine               - cSSList: [fxgl_dark.css]
11:58:04.044 [FXGL Background Thread 3 ] DEBUG Engine               - collisionDetectionStrategy: BRUTE_FORCE
11:58:04.044 [FXGL Background Thread 3 ] DEBUG Engine               - configClass: Optional.empty
11:58:04.044 [FXGL Background Thread 3 ] DEBUG Engine               - credits: []
11:58:04.044 [FXGL Background Thread 3 ] DEBUG Engine               - defaultCursor: CursorInfo(imageName=fxgl_default_cursor.png, hotspotX=7.0, hotspotY=6.0)
11:58:04.044 [FXGL Background Thread 3 ] DEBUG Engine               - devBBoxColorProperty: ObjectProperty [value: 0xff0000ff]
11:58:04.044 [FXGL Background Thread 3 ] DEBUG Engine               - devEnableDebugCameraProperty: BooleanProperty [value: false]
11:58:04.044 [FXGL Background Thread 3 ] DEBUG Engine               - devSensorColorProperty: ObjectProperty [value: 0xffff00ff]
11:58:04.044 [FXGL Background Thread 3 ] DEBUG Engine               - devShowBBoxProperty: BooleanProperty [value: false]
11:58:04.044 [FXGL Background Thread 3 ] DEBUG Engine               - devShowPositionProperty: BooleanProperty [value: false]
11:58:04.044 [FXGL Background Thread 3 ] DEBUG Engine               - enabledMenuItems: []
11:58:04.044 [FXGL Background Thread 3 ] DEBUG Engine               - engineServices: [class com.almasb.fxgl.app.services.FXGLAssetLoaderService, class com.almasb.fxgl.app.FXGLApplication$GameApplicationService, class com.almasb.fxgl.app.services.FXGLDialogService, class com.almasb.fxgl.app.services.IOTaskExecutorService, class com.almasb.fxgl.io.FileSystemService, class com.almasb.fxgl.localization.LocalizationService, class com.almasb.fxgl.app.services.SystemBundleService, class com.almasb.fxgl.profile.SaveLoadService, class com.almasb.fxgl.ui.FXGLUIFactoryServiceProvider, class com.almasb.fxgl.ui.FXGLDialogFactoryServiceProvider, class com.almasb.fxgl.audio.AudioPlayer, class com.almasb.fxgl.notification.impl.NotificationServiceProvider, class com.almasb.fxgl.achievement.AchievementService, class com.almasb.fxgl.cutscene.CutsceneService, class com.almasb.fxgl.minigames.MiniGameService, class com.almasb.fxgl.net.NetService, class com.almasb.fxgl.app.services.UpdaterService, class com.almasb.fxgl.dev.DevService]
11:58:04.044 [FXGL Background Thread 3 ] DEBUG Engine               - fontGame: Abel-Regular.ttf
11:58:04.044 [FXGL Background Thread 3 ] DEBUG Engine               - fontMono: TerminalLandMono-Regular.otf
11:58:04.045 [FXGL Background Thread 3 ] DEBUG Engine               - fontSizeScaleUI: 1.0
11:58:04.045 [FXGL Background Thread 3 ] DEBUG Engine               - fontText: Courier-Prime.ttf
11:58:04.045 [FXGL Background Thread 3 ] DEBUG Engine               - fontUI: VarelaRound-Regular.ttf
11:58:04.045 [FXGL Background Thread 3 ] DEBUG Engine               - fullScreen: BooleanProperty [value: true]
11:58:04.045 [FXGL Background Thread 3 ] DEBUG Engine               - gameDifficulty: MEDIUM
11:58:04.045 [FXGL Background Thread 3 ] DEBUG Engine               - gameDifficultyProperty: ObjectProperty [value: MEDIUM]
11:58:04.045 [FXGL Background Thread 3 ] DEBUG Engine               - globalMusicVolume: 0.5
11:58:04.045 [FXGL Background Thread 3 ] DEBUG Engine               - globalMusicVolumeProperty: DoubleProperty [value: 0.5]
11:58:04.045 [FXGL Background Thread 3 ] DEBUG Engine               - globalSoundVolume: 0.5
11:58:04.045 [FXGL Background Thread 3 ] DEBUG Engine               - globalSoundVolumeProperty: DoubleProperty [value: 0.5]
11:58:04.045 [FXGL Background Thread 3 ] DEBUG Engine               - height: 600
11:58:04.045 [FXGL Background Thread 3 ] DEBUG Engine               - is3D: false
11:58:04.045 [FXGL Background Thread 3 ] DEBUG Engine               - isAndroid: false
11:58:04.045 [FXGL Background Thread 3 ] DEBUG Engine               - isBrowser: false
11:58:04.045 [FXGL Background Thread 3 ] DEBUG Engine               - isClickFeedbackEnabled: false
11:58:04.045 [FXGL Background Thread 3 ] DEBUG Engine               - isCloseConfirmation: false
11:58:04.045 [FXGL Background Thread 3 ] DEBUG Engine               - isDesktop: true
11:58:04.045 [FXGL Background Thread 3 ] DEBUG Engine               - isDeveloperMenuEnabled: false
11:58:04.045 [FXGL Background Thread 3 ] DEBUG Engine               - isEmbedded: false
11:58:04.045 [FXGL Background Thread 3 ] DEBUG Engine               - isEntityPreloadEnabled: true
11:58:04.045 [FXGL Background Thread 3 ] DEBUG Engine               - isExperimentalTiledLargeMap: false
11:58:04.045 [FXGL Background Thread 3 ] DEBUG Engine               - isFileSystemWriteAllowed: true
11:58:04.045 [FXGL Background Thread 3 ] DEBUG Engine               - isFullScreenAllowed: true
11:58:04.045 [FXGL Background Thread 3 ] DEBUG Engine               - isFullScreenFromStart: true
11:58:04.045 [FXGL Background Thread 3 ] DEBUG Engine               - isGameMenuEnabled: true
11:58:04.045 [FXGL Background Thread 3 ] DEBUG Engine               - isIOS: false
11:58:04.045 [FXGL Background Thread 3 ] DEBUG Engine               - isIntroEnabled: false
11:58:04.045 [FXGL Background Thread 3 ] DEBUG Engine               - isLinux: false
11:58:04.045 [FXGL Background Thread 3 ] DEBUG Engine               - isMac: false
11:58:04.046 [FXGL Background Thread 3 ] DEBUG Engine               - isMainMenuEnabled: false
11:58:04.046 [FXGL Background Thread 3 ] DEBUG Engine               - isManualResizeEnabled: false
11:58:04.046 [FXGL Background Thread 3 ] DEBUG Engine               - isMobile: false
11:58:04.046 [FXGL Background Thread 3 ] DEBUG Engine               - isNative: false
11:58:04.046 [FXGL Background Thread 3 ] DEBUG Engine               - isPauseMusicWhenMinimized: true
11:58:04.046 [FXGL Background Thread 3 ] DEBUG Engine               - isPreserveResizeRatio: false
11:58:04.046 [FXGL Background Thread 3 ] DEBUG Engine               - isProfilingEnabled: false
11:58:04.046 [FXGL Background Thread 3 ] DEBUG Engine               - isScaleAffectedOnResize: true
11:58:04.046 [FXGL Background Thread 3 ] DEBUG Engine               - isSingleStep: false
11:58:04.046 [FXGL Background Thread 3 ] DEBUG Engine               - isUserProfileEnabled: false
11:58:04.046 [FXGL Background Thread 3 ] DEBUG Engine               - isWindows: true
11:58:04.046 [FXGL Background Thread 3 ] DEBUG Engine               - language: ObjectProperty [value: ENGLISH]
11:58:04.046 [FXGL Background Thread 3 ] DEBUG Engine               - menuKey: ESCAPE
11:58:04.046 [FXGL Background Thread 3 ] DEBUG Engine               - mouseSensitivity: 0.2
11:58:04.046 [FXGL Background Thread 3 ] DEBUG Engine               - notificationViewClass: class com.almasb.fxgl.notification.view.XboxNotificationView
11:58:04.046 [FXGL Background Thread 3 ] DEBUG Engine               - pixelsPerMeter: 50.0
11:58:04.046 [FXGL Background Thread 3 ] DEBUG Engine               - platform: WINDOWS
11:58:04.046 [FXGL Background Thread 3 ] DEBUG Engine               - prefHeightProperty: ReadOnlyDoubleProperty [value: 600.0]
11:58:04.046 [FXGL Background Thread 3 ] DEBUG Engine               - prefWidthProperty: ReadOnlyDoubleProperty [value: 800.0]
11:58:04.046 [FXGL Background Thread 3 ] DEBUG Engine               - profileDir: profiles/
11:58:04.046 [FXGL Background Thread 3 ] DEBUG Engine               - profileName: StringProperty [value: DEFAULT]
11:58:04.046 [FXGL Background Thread 3 ] DEBUG Engine               - randomSeed: -1
11:58:04.046 [FXGL Background Thread 3 ] DEBUG Engine               - runtimeInfo: RuntimeInfo(platform=WINDOWS, version=17.3, build=30.03.2023 11.49)
11:58:04.046 [FXGL Background Thread 3 ] DEBUG Engine               - saveFileExt: sav
11:58:04.046 [FXGL Background Thread 3 ] DEBUG Engine               - scaledHeightProp$fxgl: DoubleProperty [bound, value: 960.0]
11:58:04.046 [FXGL Background Thread 3 ] DEBUG Engine               - scaledWidthProp$fxgl: DoubleProperty [bound, value: 1536.0]
11:58:04.046 [FXGL Background Thread 3 ] DEBUG Engine               - sceneFactory: com.almasb.fxgl.app.scene.SceneFactory@144941d8
11:58:04.046 [FXGL Background Thread 3 ] DEBUG Engine               - secondsIn24h: 60
11:58:04.046 [FXGL Background Thread 3 ] DEBUG Engine               - soundMenuBack: menu/back.wav
11:58:04.046 [FXGL Background Thread 3 ] DEBUG Engine               - soundMenuPress: menu/press.wav
11:58:04.046 [FXGL Background Thread 3 ] DEBUG Engine               - soundMenuSelect: menu/select.wav
11:58:04.046 [FXGL Background Thread 3 ] DEBUG Engine               - soundNotification: core/notification.wav
11:58:04.046 [FXGL Background Thread 3 ] DEBUG Engine               - stageStyle: DECORATED
11:58:04.046 [FXGL Background Thread 3 ] DEBUG Engine               - supportedLanguages: [ENGLISH, FRENCH, GERMAN, HUNGARIAN, RUSSIAN]
11:58:04.046 [FXGL Background Thread 3 ] DEBUG Engine               - ticksPerSecond: -1
11:58:04.046 [FXGL Background Thread 3 ] DEBUG Engine               - title: BvB
11:58:04.046 [FXGL Background Thread 3 ] DEBUG Engine               - urlGithub: https://github.com/AlmasB/FXGL
11:58:04.046 [FXGL Background Thread 3 ] DEBUG Engine               - urlLeaderboard: http://fxgl-top.herokuapp.com/
11:58:04.046 [FXGL Background Thread 3 ] DEBUG Engine               - urlPOM: https://raw.githubusercontent.com/AlmasB/FXGL/release/README.md
11:58:04.046 [FXGL Background Thread 3 ] DEBUG Engine               - userAppClass: class at.htl.blaetter_vs_beiser.Start
11:58:04.046 [FXGL Background Thread 3 ] DEBUG Engine               - version: 0.0
11:58:04.046 [FXGL Background Thread 3 ] DEBUG Engine               - versionCheckDays: 7
11:58:04.046 [FXGL Background Thread 3 ] DEBUG Engine               - width: 800
11:58:04.046 [FXGL Background Thread 3 ] DEBUG Engine               - Logging services
11:58:04.046 [FXGL Background Thread 3 ] DEBUG Engine               - class com.almasb.fxgl.app.services.FXGLAssetLoaderService
11:58:04.046 [FXGL Background Thread 3 ] DEBUG Engine               - class com.almasb.fxgl.app.FXGLApplication$GameApplicationService
11:58:04.046 [FXGL Background Thread 3 ] DEBUG Engine               - class com.almasb.fxgl.app.services.FXGLDialogService
11:58:04.046 [FXGL Background Thread 3 ] DEBUG Engine               - class com.almasb.fxgl.app.services.IOTaskExecutorService
11:58:04.047 [FXGL Background Thread 3 ] DEBUG Engine               - class com.almasb.fxgl.io.FileSystemService
11:58:04.047 [FXGL Background Thread 3 ] DEBUG Engine               - class com.almasb.fxgl.localization.LocalizationService
11:58:04.047 [FXGL Background Thread 3 ] DEBUG Engine               - class com.almasb.fxgl.app.services.SystemBundleService
11:58:04.047 [FXGL Background Thread 3 ] DEBUG Engine               - class com.almasb.fxgl.profile.SaveLoadService
11:58:04.047 [FXGL Background Thread 3 ] DEBUG Engine               - class com.almasb.fxgl.ui.FXGLUIFactoryServiceProvider
11:58:04.047 [FXGL Background Thread 3 ] DEBUG Engine               - class com.almasb.fxgl.ui.FXGLDialogFactoryServiceProvider
11:58:04.047 [FXGL Background Thread 3 ] DEBUG Engine               - class com.almasb.fxgl.audio.AudioPlayer
11:58:04.047 [FXGL Background Thread 3 ] DEBUG Engine               - class com.almasb.fxgl.notification.impl.NotificationServiceProvider
11:58:04.047 [FXGL Background Thread 3 ] DEBUG Engine               - class com.almasb.fxgl.achievement.AchievementService
11:58:04.047 [FXGL Background Thread 3 ] DEBUG Engine               - class com.almasb.fxgl.cutscene.CutsceneService
11:58:04.047 [FXGL Background Thread 3 ] DEBUG Engine               - class com.almasb.fxgl.minigames.MiniGameService
11:58:04.047 [FXGL Background Thread 3 ] DEBUG Engine               - class com.almasb.fxgl.net.NetService
11:58:04.047 [FXGL Background Thread 3 ] DEBUG Engine               - class com.almasb.fxgl.app.services.UpdaterService
11:58:04.047 [FXGL Background Thread 3 ] DEBUG Engine               - class com.almasb.fxgl.dev.DevService
11:58:16.295 [JavaFX Application Thread] DEBUG FXGLAssetLoaderServi - Loading from file system: file:/C:/Users/grube/OneDrive%20-%20HTL%20Saalfelden/Desktop/Pos/Pos3/blaetter_vs_beiser/Blaetter_vs_Beiser/blaetter_vs_beiser/target/classes/assets/textures/Zombies/Zombie3.png
11:58:51.452 [JavaFX Application Thread] DEBUG FXGLAssetLoaderServi - Loading from file system: file:/C:/Users/grube/OneDrive%20-%20HTL%20Saalfelden/Desktop/Pos/Pos3/blaetter_vs_beiser/Blaetter_vs_Beiser/blaetter_vs_beiser/target/classes/assets/textures/Zombies/Goldegger_Hut4.png
11:59:48.528 [JavaFX Application Thread] DEBUG PrimaryStageWindow   - Push state: FXGLDefaultMenu
11:59:48.530 [JavaFX Application Thread] DEBUG Input                - Clearing active input actions
11:59:48.534 [JavaFX Application Thread] DEBUG GameApplicationServi - Removing overlay from GameScene and adding to FXGLDefaultMenu
11:59:48.534 [JavaFX Application Thread] DEBUG PrimaryStageWindow   - GameScene -> FXGLDefaultMenu
11:59:49.438 [JavaFX Application Thread] DEBUG Menu                 - fireExit()
11:59:49.440 [JavaFX Application Thread] DEBUG PrimaryStageWindow   - Push state: DialogSubScene
11:59:49.440 [JavaFX Application Thread] DEBUG Input                - Clearing active input actions
11:59:49.440 [JavaFX Application Thread] DEBUG GameApplicationServi - Removing overlay from FXGLDefaultMenu and adding to DialogSubScene
11:59:49.441 [JavaFX Application Thread] DEBUG PrimaryStageWindow   - FXGLDefaultMenu -> DialogSubScene
11:59:50.249 [JavaFX Application Thread] DEBUG PrimaryStageWindow   - Pop state: DialogSubScene
11:59:50.249 [JavaFX Application Thread] DEBUG Input                - Clearing active input actions
11:59:50.250 [JavaFX Application Thread] DEBUG GameApplicationServi - Removing overlay from DialogSubScene and adding to FXGLDefaultMenu
11:59:50.250 [JavaFX Application Thread] DEBUG PrimaryStageWindow   - FXGLDefaultMenu <- DialogSubScene
11:59:50.250 [JavaFX Application Thread] DEBUG FXGLApplication      - Exiting FXGL
11:59:50.250 [JavaFX Application Thread] DEBUG LoopRunner           - Stopping loop
11:59:50.250 [JavaFX Application Thread] DEBUG SystemBundleService  - Saving FXGL system data
11:59:50.252 [JavaFX Application Thread] DEBUG FileSystemAccess     - Writing to: C:\Users\grube\OneDrive - HTL Saalfelden\Desktop\Pos\Pos3\blaetter_vs_beiser\Blaetter_vs_Beiser\system\fxgl.bundle
11:59:50.255 [JavaFX Application Thread] DEBUG Async                - Shutting down background threads
11:59:50.255 [JavaFX Application Thread] DEBUG PrimaryStageWindow   - Closing main window
11:59:50.291 [JavaFX Application Thread] DEBUG Logger               - Closing Logger
