09:18:28.164 [main                     ] DEBUG Logger               - Configured Logger
09:18:28.171 [main                     ] DEBUG GameApplication      - Logging settings
Title: BvB
Version: 0.0
Width: 800
Height: 600
Fullscreen: true
Intro: false
Profiling: false
Single step:false
App Mode: DEVELOPER
Menu Key: ESCAPE
Stage Style: DECORATED
Scene Factory: class com.almasb.fxgl.app.scene.SceneFactory

09:18:28.506 [JavaFX Application Thread] DEBUG FXGLApplication      - Initializing FXGL
09:18:28.509 [JavaFX Application Thread] INFO  Engine               - FXGL-17.3 (30.03.2023 11.49) on WINDOWS (J:25 FX:21.0.6)
09:18:28.509 [JavaFX Application Thread] DEBUG Engine               - JRE Vendor Name: Oracle Corporation
09:18:28.509 [JavaFX Application Thread] DEBUG Engine               - Running on OS: Windows 11 version 10.0
09:18:28.509 [JavaFX Application Thread] DEBUG Engine               - Architecture: amd64
09:18:28.509 [JavaFX Application Thread] INFO  Engine               - Source code and latest versions at: https://github.com/AlmasB/FXGL
09:18:28.509 [JavaFX Application Thread] INFO  Engine               -       Ask questions and discuss at: https://github.com/AlmasB/FXGL/discussions
09:18:28.509 [JavaFX Application Thread] INFO  Engine               -              Join the FXGL chat at: https://gitter.im/AlmasB/FXGL
09:18:28.600 [JavaFX Application Thread] DEBUG PrimaryStageWindow   - Creating a JavaFX scene
09:18:28.643 [JavaFX Application Thread] DEBUG PrimaryStageWindow   - Target settings size: 800.0 x 600.0
09:18:28.643 [JavaFX Application Thread] DEBUG PrimaryStageWindow   - Scaled scene size:    800.0 x 600.0
09:18:28.643 [JavaFX Application Thread] DEBUG PrimaryStageWindow   - Scaled ratio: (1.0, 1.0)
09:18:28.644 [JavaFX Application Thread] DEBUG PrimaryStageWindow   - Set initial scene to FXGLStartupScene
09:18:28.647 [JavaFX Application Thread] DEBUG PrimaryStageWindow   - Opening main window
09:18:28.722 [JavaFX Application Thread] DEBUG PrimaryStageWindow   - Window border size: (14.4000244140625, 37.5999755859375)
09:18:28.722 [JavaFX Application Thread] DEBUG PrimaryStageWindow   - Scaled size: 800.0 x 600.0
09:18:28.722 [JavaFX Application Thread] DEBUG PrimaryStageWindow   - Scaled ratio: (1.0, 1.0)
09:18:28.723 [JavaFX Application Thread] DEBUG PrimaryStageWindow   - Scene size: 800.0 x 600.0
09:18:28.723 [JavaFX Application Thread] DEBUG PrimaryStageWindow   - Stage size: 814.4000244140625 x 637.5999755859375
09:18:28.768 [JavaFX Application Thread] DEBUG PrimaryStageWindow   - Going fullscreen
09:18:28.775 [FXGL Background Thread 1 ] DEBUG Engine               - Initializing environment variables
09:18:28.816 [FXGL Background Thread 1 ] DEBUG FXGLAssetLoaderServi - User app class for loading assets: class at.htl.blaetter_vs_beiser.Start
09:18:28.816 [FXGL Background Thread 1 ] DEBUG GameApplicationServi - Applying CSS: fxgl_dark.css
09:18:28.817 [FXGL Background Thread 1 ] DEBUG FXGLAssetLoaderServi - Loading from file system: jar:file:/C:/Users/grube/.m2/repository/com/github/almasb/fxgl/17.3/fxgl-17.3.jar!/fxglassets/ui/css/fxgl_dark.css
09:18:28.844 [FXGL Background Thread 1 ] DEBUG GameApplicationServi - Initializing application scenes
09:18:28.874 [FXGL Background Thread 1 ] DEBUG GameWorld            - Game world initialized
09:18:28.910 [FXGL Background Thread 1 ] DEBUG PhysicsWorld         - Physics world initialized: appHeight=600, physics.ppm=50,0
09:18:28.910 [FXGL Background Thread 1 ] DEBUG PhysicsWorld         - Using strategy: BRUTE_FORCE
09:18:28.913 [FXGL Background Thread 1 ] DEBUG GameScene            - Game scene initialized: 800x600
09:18:28.922 [FXGL Background Thread 1 ] DEBUG FXGL.DefaultMenu     - createMenuBodyGameMenu()
09:18:28.936 [FXGL Background Thread 1 ] DEBUG FXGL.DefaultMenu     - createOptionsMenu()
09:18:28.945 [FXGL Background Thread 1 ] DEBUG FXGLAssetLoaderServi - Loading from file system: jar:file:/C:/Users/grube/.m2/repository/com/github/almasb/fxgl/17.3/fxgl-17.3.jar!/fxglassets/textures/particles/smoke.png
09:18:29.011 [FXGL Background Thread 1 ] DEBUG FXGLAssetLoaderServi - Loading from file system: jar:file:/C:/Users/grube/.m2/repository/com/github/almasb/fxgl/17.3/fxgl-17.3.jar!/fxglassets/textures/particles/trace_horizontal.png
09:18:29.034 [FXGL Background Thread 1 ] DEBUG GameApplicationServi - Application scenes initialized
09:18:29.043 [FXGL Background Thread 1 ] DEBUG SystemBundleService  - Loading FXGL system data
09:18:29.045 [FXGL Background Thread 1 ] DEBUG FileSystemAccess     - Reading from: C:\Users\grube\OneDrive - HTL Saalfelden\Desktop\Pos\Pos3\blaetter_vs_beiser\Blaetter_vs_Beiser\system\fxgl.bundle
09:18:29.050 [FXGL Background Thread 1 ] DEBUG SystemBundleService  - Bundle FXGL: {}
09:18:29.050 [FXGL Background Thread 1 ] DEBUG UpdaterService       - Checking for updates
09:18:29.052 [FXGL Background Thread 4 ] DEBUG FXGLApplication      - Loading fonts
09:18:29.053 [FXGL Background Thread 4 ] DEBUG FXGLAssetLoaderServi - Loading from file system: jar:file:/C:/Users/grube/.m2/repository/com/github/almasb/fxgl/17.3/fxgl-17.3.jar!/fxglassets/ui/fonts/VarelaRound-Regular.ttf
09:18:29.053 [FXGL Background Thread 1 ] DEBUG FXGLApplication      - Loading default localization
09:18:29.053 [FXGL Background Thread 1 ] DEBUG FXGLAssetLoaderServi - Loading from file system: jar:file:/C:/Users/grube/.m2/repository/com/github/almasb/fxgl/17.3/fxgl-17.3.jar!/fxglassets/languages/english.lang
09:18:29.066 [FXGL Background Thread 1 ] INFO  FXGLApplication      - FXGL initialization took: 0,291 sec
09:18:29.068 [JavaFX Application Thread] DEBUG FXGLAssetLoaderServi - Loading from file system: jar:file:/C:/Users/grube/.m2/repository/com/github/almasb/fxgl/17.3/fxgl-17.3.jar!/fxglassets/textures/fxgl_icon.png
09:18:29.086 [JavaFX Application Thread] DEBUG FXGLAssetLoaderServi - Loading from file system: jar:file:/C:/Users/grube/.m2/repository/com/github/almasb/fxgl/17.3/fxgl-17.3.jar!/fxglassets/textures/fxgl_default_cursor.png
09:18:29.090 [FXGL Background Thread 4 ] DEBUG FXGLAssetLoaderServi - Loading from file system: jar:file:/C:/Users/grube/.m2/repository/com/github/almasb/fxgl/17.3/fxgl-17.3.jar!/fxglassets/ui/fonts/Abel-Regular.ttf
09:18:29.095 [JavaFX Application Thread] DEBUG Input                - Registered new binding: Screenshot - CTRL+8
09:18:29.095 [JavaFX Application Thread] DEBUG Input                - Registered new binding: System info dump - CTRL+9
09:18:29.096 [JavaFX Application Thread] DEBUG Input                - Registered new binding: Restart - CTRL+R
09:18:29.096 [JavaFX Application Thread] DEBUG Input                - Registered new binding: Toggle Debug Camera - CTRL+7
09:18:29.098 [JavaFX Application Thread] DEBUG LoopRunner           - Starting loop
09:18:29.099 [JavaFX Application Thread] DEBUG LoopRunner           - Initializing JavaFX AnimationTimerLoop
09:18:29.100 [JavaFX Application Thread] DEBUG GameApplicationServi - Starting new game
09:18:29.100 [JavaFX Application Thread] DEBUG Input                - Clearing active input actions
09:18:29.102 [FXGL Background Thread 4 ] DEBUG FXGLAssetLoaderServi - Loading from file system: jar:file:/C:/Users/grube/.m2/repository/com/github/almasb/fxgl/17.3/fxgl-17.3.jar!/fxglassets/ui/fonts/TerminalLandMono-Regular.otf
09:18:29.109 [JavaFX Application Thread] DEBUG GameApplicationServi - Removing overlay from FXGLStartupScene and adding to FXGLLoadingScene
09:18:29.110 [JavaFX Application Thread] DEBUG PrimaryStageWindow   - FXGLStartupScene -> FXGLLoadingScene
09:18:29.110 [JavaFX Application Thread] DEBUG GameApplicationServi - Clearing previous game
09:18:29.110 [JavaFX Application Thread] DEBUG GameScene            - Clearing game scene
09:18:29.110 [JavaFX Application Thread] DEBUG GameWorld            - Clearing game world
09:18:29.110 [JavaFX Application Thread] DEBUG PhysicsWorld         - Clearing physics world
09:18:29.111 [FXGL Background Thread 1 ] DEBUG FXGLApplication      - Initializing game
09:18:29.114 [FXGL Background Thread 1 ] DEBUG FXGLAssetLoaderServi - Loading from file system: file:/C:/Users/grube/OneDrive%20-%20HTL%20Saalfelden/Desktop/Pos/Pos3/blaetter_vs_beiser/Blaetter_vs_Beiser/blaetter_vs_beiser/target/classes/assets/textures/Background.png
09:18:29.114 [FXGL Background Thread 4 ] DEBUG FXGLAssetLoaderServi - Loading from file system: jar:file:/C:/Users/grube/.m2/repository/com/github/almasb/fxgl/17.3/fxgl-17.3.jar!/fxglassets/ui/fonts/Courier-Prime.ttf
09:18:29.155 [JavaFX Application Thread] DEBUG FXGLApplication      - Registering font factories with UI factory
09:18:29.196 [FXGL Background Thread 1 ] DEBUG FXGLAssetLoaderServi - Loading from file system: file:/C:/Users/grube/OneDrive%20-%20HTL%20Saalfelden/Desktop/Pos/Pos3/blaetter_vs_beiser/Blaetter_vs_Beiser/blaetter_vs_beiser/target/classes/assets/textures/Zombies/Zombie3.png
09:18:29.207 [FXGL Background Thread 1 ] DEBUG FXGLAssetLoaderServi - Loading JSON from: file:/C:/Users/grube/OneDrive%20-%20HTL%20Saalfelden/Desktop/Pos/Pos3/blaetter_vs_beiser/Blaetter_vs_Beiser/blaetter_vs_beiser/target/classes/assets/Level/level1.json
09:18:29.372 [FXGL Background Thread 1 ] DEBUG FXGLAssetLoaderServi - Loading from file system: file:/C:/Users/grube/OneDrive%20-%20HTL%20Saalfelden/Desktop/Pos/Pos3/blaetter_vs_beiser/Blaetter_vs_Beiser/blaetter_vs_beiser/target/classes/assets/textures/Mousecursor.png
09:18:29.375 [FXGL Background Thread 1 ] DEBUG FXGLAssetLoaderServi - Loading from file system: file:/C:/Users/grube/OneDrive%20-%20HTL%20Saalfelden/Desktop/Pos/Pos3/blaetter_vs_beiser/Blaetter_vs_Beiser/blaetter_vs_beiser/target/classes/assets/textures/Sun.png
09:18:29.382 [FXGL Background Thread 1 ] DEBUG FXGLAssetLoaderServi - Loading from file system: file:/C:/Users/grube/OneDrive%20-%20HTL%20Saalfelden/Desktop/Pos/Pos3/blaetter_vs_beiser/Blaetter_vs_Beiser/blaetter_vs_beiser/target/classes/assets/textures/Plants/Peashooter.png
09:18:29.389 [FXGL Background Thread 1 ] DEBUG FXGLAssetLoaderServi - Loading from file system: file:/C:/Users/grube/OneDrive%20-%20HTL%20Saalfelden/Desktop/Pos/Pos3/blaetter_vs_beiser/Blaetter_vs_Beiser/blaetter_vs_beiser/target/classes/assets/textures/Plants/Sunflower.png
09:18:29.398 [FXGL Background Thread 1 ] DEBUG FXGLAssetLoaderServi - Loading from file system: file:/C:/Users/grube/OneDrive%20-%20HTL%20Saalfelden/Desktop/Pos/Pos3/blaetter_vs_beiser/Blaetter_vs_Beiser/blaetter_vs_beiser/target/classes/assets/textures/Plants/Wallnut.png
09:18:29.405 [FXGL Background Thread 1 ] DEBUG FXGLAssetLoaderServi - Loading from file system: file:/C:/Users/grube/OneDrive%20-%20HTL%20Saalfelden/Desktop/Pos/Pos3/blaetter_vs_beiser/Blaetter_vs_Beiser/blaetter_vs_beiser/target/classes/assets/textures/Plants/Potatomine.png
09:18:29.414 [FXGL Background Thread 1 ] DEBUG FXGLAssetLoaderServi - Loading from file system: file:/C:/Users/grube/OneDrive%20-%20HTL%20Saalfelden/Desktop/Pos/Pos3/blaetter_vs_beiser/Blaetter_vs_Beiser/blaetter_vs_beiser/target/classes/assets/textures/Plants/Cherrybomb.png
09:18:29.424 [FXGL Background Thread 1 ] DEBUG FXGLAssetLoaderServi - Loading from file system: file:/C:/Users/grube/OneDrive%20-%20HTL%20Saalfelden/Desktop/Pos/Pos3/blaetter_vs_beiser/Blaetter_vs_Beiser/blaetter_vs_beiser/target/classes/assets/textures/Plants/Snowpeashooter.png
09:18:29.451 [FXGL Background Thread 1 ] DEBUG FXGLAssetLoaderServi - Loading from file system: file:/C:/Users/grube/OneDrive%20-%20HTL%20Saalfelden/Desktop/Pos/Pos3/blaetter_vs_beiser/Blaetter_vs_Beiser/blaetter_vs_beiser/target/classes/assets/textures/Shovel.png
09:18:29.484 [FXGL Background Thread 1 ] INFO  FXGLApplication      - Game initialization took: 0,372 sec
09:18:29.484 [JavaFX Application Thread] DEBUG Input                - Clearing active input actions
09:18:29.494 [JavaFX Application Thread] DEBUG GameApplicationServi - Removing overlay from FXGLLoadingScene and adding to GameScene
09:18:29.495 [JavaFX Application Thread] DEBUG PrimaryStageWindow   - FXGLLoadingScene -> GameScene
09:18:29.794 [FXGL Background Thread 2 ] INFO  UpdaterService       - Your current version:  17.3
09:18:29.794 [FXGL Background Thread 2 ] INFO  UpdaterService       - Latest stable version: 25
09:18:32.054 [FXGL Background Thread 3 ] DEBUG Engine               - Logging environment variables
09:18:32.054 [FXGL Background Thread 3 ] DEBUG Engine               - achievements: []
09:18:32.054 [FXGL Background Thread 3 ] DEBUG Engine               - actualHeight: 960.0
09:18:32.054 [FXGL Background Thread 3 ] DEBUG Engine               - actualHeightProperty: ReadOnlyDoubleProperty [value: 960.0]
09:18:32.054 [FXGL Background Thread 3 ] DEBUG Engine               - actualWidth: 1536.0
09:18:32.055 [FXGL Background Thread 3 ] DEBUG Engine               - actualWidthProperty: ReadOnlyDoubleProperty [value: 1536.0]
09:18:32.055 [FXGL Background Thread 3 ] DEBUG Engine               - appIcon: fxgl_icon.png
09:18:32.055 [FXGL Background Thread 3 ] DEBUG Engine               - applicationMode: DEVELOPER
09:18:32.055 [FXGL Background Thread 3 ] DEBUG Engine               - cSSList: [fxgl_dark.css]
09:18:32.055 [FXGL Background Thread 3 ] DEBUG Engine               - collisionDetectionStrategy: BRUTE_FORCE
09:18:32.055 [FXGL Background Thread 3 ] DEBUG Engine               - configClass: Optional.empty
09:18:32.055 [FXGL Background Thread 3 ] DEBUG Engine               - credits: []
09:18:32.055 [FXGL Background Thread 3 ] DEBUG Engine               - defaultCursor: CursorInfo(imageName=fxgl_default_cursor.png, hotspotX=7.0, hotspotY=6.0)
09:18:32.056 [FXGL Background Thread 3 ] DEBUG Engine               - devBBoxColorProperty: ObjectProperty [value: 0xff0000ff]
09:18:32.056 [FXGL Background Thread 3 ] DEBUG Engine               - devEnableDebugCameraProperty: BooleanProperty [value: false]
09:18:32.056 [FXGL Background Thread 3 ] DEBUG Engine               - devSensorColorProperty: ObjectProperty [value: 0xffff00ff]
09:18:32.056 [FXGL Background Thread 3 ] DEBUG Engine               - devShowBBoxProperty: BooleanProperty [value: false]
09:18:32.056 [FXGL Background Thread 3 ] DEBUG Engine               - devShowPositionProperty: BooleanProperty [value: false]
09:18:32.056 [FXGL Background Thread 3 ] DEBUG Engine               - enabledMenuItems: []
09:18:32.056 [FXGL Background Thread 3 ] DEBUG Engine               - engineServices: [class com.almasb.fxgl.app.services.FXGLAssetLoaderService, class com.almasb.fxgl.app.FXGLApplication$GameApplicationService, class com.almasb.fxgl.app.services.FXGLDialogService, class com.almasb.fxgl.app.services.IOTaskExecutorService, class com.almasb.fxgl.io.FileSystemService, class com.almasb.fxgl.localization.LocalizationService, class com.almasb.fxgl.app.services.SystemBundleService, class com.almasb.fxgl.profile.SaveLoadService, class com.almasb.fxgl.ui.FXGLUIFactoryServiceProvider, class com.almasb.fxgl.ui.FXGLDialogFactoryServiceProvider, class com.almasb.fxgl.audio.AudioPlayer, class com.almasb.fxgl.notification.impl.NotificationServiceProvider, class com.almasb.fxgl.achievement.AchievementService, class com.almasb.fxgl.cutscene.CutsceneService, class com.almasb.fxgl.minigames.MiniGameService, class com.almasb.fxgl.net.NetService, class com.almasb.fxgl.app.services.UpdaterService, class com.almasb.fxgl.dev.DevService]
09:18:32.056 [FXGL Background Thread 3 ] DEBUG Engine               - fontGame: Abel-Regular.ttf
09:18:32.056 [FXGL Background Thread 3 ] DEBUG Engine               - fontMono: TerminalLandMono-Regular.otf
09:18:32.056 [FXGL Background Thread 3 ] DEBUG Engine               - fontSizeScaleUI: 1.0
09:18:32.056 [FXGL Background Thread 3 ] DEBUG Engine               - fontText: Courier-Prime.ttf
09:18:32.056 [FXGL Background Thread 3 ] DEBUG Engine               - fontUI: VarelaRound-Regular.ttf
09:18:32.056 [FXGL Background Thread 3 ] DEBUG Engine               - fullScreen: BooleanProperty [value: true]
09:18:32.056 [FXGL Background Thread 3 ] DEBUG Engine               - gameDifficulty: MEDIUM
09:18:32.056 [FXGL Background Thread 3 ] DEBUG Engine               - gameDifficultyProperty: ObjectProperty [value: MEDIUM]
09:18:32.056 [FXGL Background Thread 3 ] DEBUG Engine               - globalMusicVolume: 0.5
09:18:32.056 [FXGL Background Thread 3 ] DEBUG Engine               - globalMusicVolumeProperty: DoubleProperty [value: 0.5]
09:18:32.056 [FXGL Background Thread 3 ] DEBUG Engine               - globalSoundVolume: 0.5
09:18:32.056 [FXGL Background Thread 3 ] DEBUG Engine               - globalSoundVolumeProperty: DoubleProperty [value: 0.5]
09:18:32.056 [FXGL Background Thread 3 ] DEBUG Engine               - height: 600
09:18:32.056 [FXGL Background Thread 3 ] DEBUG Engine               - is3D: false
09:18:32.056 [FXGL Background Thread 3 ] DEBUG Engine               - isAndroid: false
09:18:32.056 [FXGL Background Thread 3 ] DEBUG Engine               - isBrowser: false
09:18:32.056 [FXGL Background Thread 3 ] DEBUG Engine               - isClickFeedbackEnabled: false
09:18:32.056 [FXGL Background Thread 3 ] DEBUG Engine               - isCloseConfirmation: false
09:18:32.056 [FXGL Background Thread 3 ] DEBUG Engine               - isDesktop: true
09:18:32.056 [FXGL Background Thread 3 ] DEBUG Engine               - isDeveloperMenuEnabled: false
09:18:32.056 [FXGL Background Thread 3 ] DEBUG Engine               - isEmbedded: false
09:18:32.056 [FXGL Background Thread 3 ] DEBUG Engine               - isEntityPreloadEnabled: true
09:18:32.056 [FXGL Background Thread 3 ] DEBUG Engine               - isExperimentalTiledLargeMap: false
09:18:32.056 [FXGL Background Thread 3 ] DEBUG Engine               - isFileSystemWriteAllowed: true
09:18:32.056 [FXGL Background Thread 3 ] DEBUG Engine               - isFullScreenAllowed: true
09:18:32.056 [FXGL Background Thread 3 ] DEBUG Engine               - isFullScreenFromStart: true
09:18:32.056 [FXGL Background Thread 3 ] DEBUG Engine               - isGameMenuEnabled: true
09:18:32.056 [FXGL Background Thread 3 ] DEBUG Engine               - isIOS: false
09:18:32.056 [FXGL Background Thread 3 ] DEBUG Engine               - isIntroEnabled: false
09:18:32.056 [FXGL Background Thread 3 ] DEBUG Engine               - isLinux: false
09:18:32.056 [FXGL Background Thread 3 ] DEBUG Engine               - isMac: false
09:18:32.056 [FXGL Background Thread 3 ] DEBUG Engine               - isMainMenuEnabled: false
09:18:32.056 [FXGL Background Thread 3 ] DEBUG Engine               - isManualResizeEnabled: false
09:18:32.056 [FXGL Background Thread 3 ] DEBUG Engine               - isMobile: false
09:18:32.056 [FXGL Background Thread 3 ] DEBUG Engine               - isNative: false
09:18:32.056 [FXGL Background Thread 3 ] DEBUG Engine               - isPauseMusicWhenMinimized: true
09:18:32.056 [FXGL Background Thread 3 ] DEBUG Engine               - isPreserveResizeRatio: false
09:18:32.056 [FXGL Background Thread 3 ] DEBUG Engine               - isProfilingEnabled: false
09:18:32.056 [FXGL Background Thread 3 ] DEBUG Engine               - isScaleAffectedOnResize: true
09:18:32.056 [FXGL Background Thread 3 ] DEBUG Engine               - isSingleStep: false
09:18:32.056 [FXGL Background Thread 3 ] DEBUG Engine               - isUserProfileEnabled: false
09:18:32.056 [FXGL Background Thread 3 ] DEBUG Engine               - isWindows: true
09:18:32.057 [FXGL Background Thread 3 ] DEBUG Engine               - language: ObjectProperty [value: ENGLISH]
09:18:32.057 [FXGL Background Thread 3 ] DEBUG Engine               - menuKey: ESCAPE
09:18:32.057 [FXGL Background Thread 3 ] DEBUG Engine               - mouseSensitivity: 0.2
09:18:32.057 [FXGL Background Thread 3 ] DEBUG Engine               - notificationViewClass: class com.almasb.fxgl.notification.view.XboxNotificationView
09:18:32.057 [FXGL Background Thread 3 ] DEBUG Engine               - pixelsPerMeter: 50.0
09:18:32.057 [FXGL Background Thread 3 ] DEBUG Engine               - platform: WINDOWS
09:18:32.057 [FXGL Background Thread 3 ] DEBUG Engine               - prefHeightProperty: ReadOnlyDoubleProperty [value: 600.0]
09:18:32.057 [FXGL Background Thread 3 ] DEBUG Engine               - prefWidthProperty: ReadOnlyDoubleProperty [value: 800.0]
09:18:32.057 [FXGL Background Thread 3 ] DEBUG Engine               - profileDir: profiles/
09:18:32.057 [FXGL Background Thread 3 ] DEBUG Engine               - profileName: StringProperty [value: DEFAULT]
09:18:32.057 [FXGL Background Thread 3 ] DEBUG Engine               - randomSeed: -1
09:18:32.057 [FXGL Background Thread 3 ] DEBUG Engine               - runtimeInfo: RuntimeInfo(platform=WINDOWS, version=17.3, build=30.03.2023 11.49)
09:18:32.057 [FXGL Background Thread 3 ] DEBUG Engine               - saveFileExt: sav
09:18:32.057 [FXGL Background Thread 3 ] DEBUG Engine               - scaledHeightProp$fxgl: DoubleProperty [bound, value: 960.0]
09:18:32.057 [FXGL Background Thread 3 ] DEBUG Engine               - scaledWidthProp$fxgl: DoubleProperty [bound, value: 1536.0]
09:18:32.057 [FXGL Background Thread 3 ] DEBUG Engine               - sceneFactory: com.almasb.fxgl.app.scene.SceneFactory@5095a16a
09:18:32.057 [FXGL Background Thread 3 ] DEBUG Engine               - secondsIn24h: 60
09:18:32.057 [FXGL Background Thread 3 ] DEBUG Engine               - soundMenuBack: menu/back.wav
09:18:32.057 [FXGL Background Thread 3 ] DEBUG Engine               - soundMenuPress: menu/press.wav
09:18:32.057 [FXGL Background Thread 3 ] DEBUG Engine               - soundMenuSelect: menu/select.wav
09:18:32.057 [FXGL Background Thread 3 ] DEBUG Engine               - soundNotification: core/notification.wav
09:18:32.057 [FXGL Background Thread 3 ] DEBUG Engine               - stageStyle: DECORATED
09:18:32.057 [FXGL Background Thread 3 ] DEBUG Engine               - supportedLanguages: [ENGLISH, FRENCH, GERMAN, HUNGARIAN, RUSSIAN]
09:18:32.057 [FXGL Background Thread 3 ] DEBUG Engine               - ticksPerSecond: -1
09:18:32.057 [FXGL Background Thread 3 ] DEBUG Engine               - title: BvB
09:18:32.057 [FXGL Background Thread 3 ] DEBUG Engine               - urlGithub: https://github.com/AlmasB/FXGL
09:18:32.057 [FXGL Background Thread 3 ] DEBUG Engine               - urlLeaderboard: http://fxgl-top.herokuapp.com/
09:18:32.057 [FXGL Background Thread 3 ] DEBUG Engine               - urlPOM: https://raw.githubusercontent.com/AlmasB/FXGL/release/README.md
09:18:32.057 [FXGL Background Thread 3 ] DEBUG Engine               - userAppClass: class at.htl.blaetter_vs_beiser.Start
09:18:32.057 [FXGL Background Thread 3 ] DEBUG Engine               - version: 0.0
09:18:32.057 [FXGL Background Thread 3 ] DEBUG Engine               - versionCheckDays: 7
09:18:32.057 [FXGL Background Thread 3 ] DEBUG Engine               - width: 800
09:18:32.057 [FXGL Background Thread 3 ] DEBUG Engine               - Logging services
09:18:32.057 [FXGL Background Thread 3 ] DEBUG Engine               - class com.almasb.fxgl.app.services.FXGLAssetLoaderService
09:18:32.057 [FXGL Background Thread 3 ] DEBUG Engine               - class com.almasb.fxgl.app.FXGLApplication$GameApplicationService
09:18:32.057 [FXGL Background Thread 3 ] DEBUG Engine               - class com.almasb.fxgl.app.services.FXGLDialogService
09:18:32.057 [FXGL Background Thread 3 ] DEBUG Engine               - class com.almasb.fxgl.app.services.IOTaskExecutorService
09:18:32.057 [FXGL Background Thread 3 ] DEBUG Engine               - class com.almasb.fxgl.io.FileSystemService
09:18:32.057 [FXGL Background Thread 3 ] DEBUG Engine               - class com.almasb.fxgl.localization.LocalizationService
09:18:32.057 [FXGL Background Thread 3 ] DEBUG Engine               - class com.almasb.fxgl.app.services.SystemBundleService
09:18:32.057 [FXGL Background Thread 3 ] DEBUG Engine               - class com.almasb.fxgl.profile.SaveLoadService
09:18:32.057 [FXGL Background Thread 3 ] DEBUG Engine               - class com.almasb.fxgl.ui.FXGLUIFactoryServiceProvider
09:18:32.057 [FXGL Background Thread 3 ] DEBUG Engine               - class com.almasb.fxgl.ui.FXGLDialogFactoryServiceProvider
09:18:32.057 [FXGL Background Thread 3 ] DEBUG Engine               - class com.almasb.fxgl.audio.AudioPlayer
09:18:32.057 [FXGL Background Thread 3 ] DEBUG Engine               - class com.almasb.fxgl.notification.impl.NotificationServiceProvider
09:18:32.057 [FXGL Background Thread 3 ] DEBUG Engine               - class com.almasb.fxgl.achievement.AchievementService
09:18:32.057 [FXGL Background Thread 3 ] DEBUG Engine               - class com.almasb.fxgl.cutscene.CutsceneService
09:18:32.057 [FXGL Background Thread 3 ] DEBUG Engine               - class com.almasb.fxgl.minigames.MiniGameService
09:18:32.057 [FXGL Background Thread 3 ] DEBUG Engine               - class com.almasb.fxgl.net.NetService
09:18:32.057 [FXGL Background Thread 3 ] DEBUG Engine               - class com.almasb.fxgl.app.services.UpdaterService
09:18:32.057 [FXGL Background Thread 3 ] DEBUG Engine               - class com.almasb.fxgl.dev.DevService
09:18:33.733 [JavaFX Application Thread] DEBUG PrimaryStageWindow   - Push state: GolfRangeScene
09:18:33.733 [JavaFX Application Thread] DEBUG Input                - Clearing active input actions
09:18:33.738 [JavaFX Application Thread] DEBUG GameApplicationServi - Removing overlay from GameScene and adding to GolfRangeScene
09:18:33.739 [JavaFX Application Thread] DEBUG PrimaryStageWindow   - GameScene -> GolfRangeScene
09:18:47.685 [JavaFX Application Thread] DEBUG PrimaryStageWindow   - Pop state: GolfRangeScene
09:18:47.685 [JavaFX Application Thread] DEBUG Input                - Clearing active input actions
09:18:47.686 [JavaFX Application Thread] DEBUG GameApplicationServi - Removing overlay from GolfRangeScene and adding to GameScene
09:18:47.686 [JavaFX Application Thread] DEBUG PrimaryStageWindow   - GameScene <- GolfRangeScene
09:18:50.284 [JavaFX Application Thread] DEBUG PrimaryStageWindow   - Push state: GolfRangeScene
09:18:50.285 [JavaFX Application Thread] DEBUG Input                - Clearing active input actions
09:18:50.285 [JavaFX Application Thread] DEBUG GameApplicationServi - Removing overlay from GameScene and adding to GolfRangeScene
09:18:50.285 [JavaFX Application Thread] DEBUG PrimaryStageWindow   - GameScene -> GolfRangeScene
09:18:51.442 [JavaFX Application Thread] DEBUG PrimaryStageWindow   - Pop state: GolfRangeScene
09:18:51.442 [JavaFX Application Thread] DEBUG Input                - Clearing active input actions
09:18:51.443 [JavaFX Application Thread] DEBUG GameApplicationServi - Removing overlay from GolfRangeScene and adding to GameScene
09:18:51.443 [JavaFX Application Thread] DEBUG PrimaryStageWindow   - GameScene <- GolfRangeScene
09:18:53.409 [JavaFX Application Thread] DEBUG PrimaryStageWindow   - Push state: GolfRangeScene
09:18:53.410 [JavaFX Application Thread] DEBUG Input                - Clearing active input actions
09:18:53.410 [JavaFX Application Thread] DEBUG GameApplicationServi - Removing overlay from GameScene and adding to GolfRangeScene
09:18:53.410 [JavaFX Application Thread] DEBUG PrimaryStageWindow   - GameScene -> GolfRangeScene
09:19:03.975 [JavaFX Application Thread] DEBUG PrimaryStageWindow   - Pop state: GolfRangeScene
09:19:03.975 [JavaFX Application Thread] DEBUG Input                - Clearing active input actions
09:19:03.975 [JavaFX Application Thread] DEBUG GameApplicationServi - Removing overlay from GolfRangeScene and adding to GameScene
09:19:03.976 [JavaFX Application Thread] DEBUG PrimaryStageWindow   - GameScene <- GolfRangeScene
09:19:05.373 [JavaFX Application Thread] DEBUG FXGLApplication      - Exiting FXGL
09:19:05.373 [JavaFX Application Thread] DEBUG LoopRunner           - Stopping loop
09:19:05.374 [JavaFX Application Thread] DEBUG SystemBundleService  - Saving FXGL system data
09:19:05.376 [JavaFX Application Thread] DEBUG FileSystemAccess     - Writing to: C:\Users\grube\OneDrive - HTL Saalfelden\Desktop\Pos\Pos3\blaetter_vs_beiser\Blaetter_vs_Beiser\system\fxgl.bundle
09:19:05.379 [JavaFX Application Thread] DEBUG Async                - Shutting down background threads
09:19:05.379 [JavaFX Application Thread] DEBUG PrimaryStageWindow   - Closing main window
09:19:05.418 [JavaFX Application Thread] DEBUG Logger               - Closing Logger
