08:07:30.487 [main                     ] DEBUG Logger               - Configured Logger
08:07:30.493 [main                     ] DEBUG GameApplication      - Logging settings
Title: BvB
Version: 0.0
Width: 800
Height: 600
Fullscreen: true
Intro: false
Profiling: false
Single step:false
App Mode: DEVELOPER
Menu Key: ESCAPE
Stage Style: DECORATED
Scene Factory: class com.almasb.fxgl.app.scene.SceneFactory

08:07:30.811 [JavaFX Application Thread] DEBUG FXGLApplication      - Initializing FXGL
08:07:30.814 [JavaFX Application Thread] INFO  Engine               - FXGL-17.3 (30.03.2023 11.49) on WINDOWS (J:25 FX:21.0.6)
08:07:30.815 [JavaFX Application Thread] DEBUG Engine               - JRE Vendor Name: Oracle Corporation
08:07:30.815 [JavaFX Application Thread] DEBUG Engine               - Running on OS: Windows 11 version 10.0
08:07:30.815 [JavaFX Application Thread] DEBUG Engine               - Architecture: amd64
08:07:30.815 [JavaFX Application Thread] INFO  Engine               - Source code and latest versions at: https://github.com/AlmasB/FXGL
08:07:30.815 [JavaFX Application Thread] INFO  Engine               -       Ask questions and discuss at: https://github.com/AlmasB/FXGL/discussions
08:07:30.815 [JavaFX Application Thread] INFO  Engine               -              Join the FXGL chat at: https://gitter.im/AlmasB/FXGL
08:07:30.906 [JavaFX Application Thread] DEBUG PrimaryStageWindow   - Creating a JavaFX scene
08:07:30.947 [JavaFX Application Thread] DEBUG PrimaryStageWindow   - Target settings size: 800.0 x 600.0
08:07:30.947 [JavaFX Application Thread] DEBUG PrimaryStageWindow   - Scaled scene size:    800.0 x 600.0
08:07:30.947 [JavaFX Application Thread] DEBUG PrimaryStageWindow   - Scaled ratio: (1.0, 1.0)
08:07:30.948 [JavaFX Application Thread] DEBUG PrimaryStageWindow   - Set initial scene to FXGLStartupScene
08:07:30.952 [JavaFX Application Thread] DEBUG PrimaryStageWindow   - Opening main window
08:07:31.026 [JavaFX Application Thread] DEBUG PrimaryStageWindow   - Window border size: (14.4000244140625, 37.5999755859375)
08:07:31.027 [JavaFX Application Thread] DEBUG PrimaryStageWindow   - Scaled size: 800.0 x 600.0
08:07:31.027 [JavaFX Application Thread] DEBUG PrimaryStageWindow   - Scaled ratio: (1.0, 1.0)
08:07:31.027 [JavaFX Application Thread] DEBUG PrimaryStageWindow   - Scene size: 800.0 x 600.0
08:07:31.027 [JavaFX Application Thread] DEBUG PrimaryStageWindow   - Stage size: 814.4000244140625 x 637.5999755859375
08:07:31.071 [JavaFX Application Thread] DEBUG PrimaryStageWindow   - Going fullscreen
08:07:31.078 [FXGL Background Thread 1 ] DEBUG Engine               - Initializing environment variables
08:07:31.117 [FXGL Background Thread 1 ] DEBUG FXGLAssetLoaderServi - User app class for loading assets: class at.htl.blaetter_vs_beiser.Start
08:07:31.117 [FXGL Background Thread 1 ] DEBUG GameApplicationServi - Applying CSS: fxgl_dark.css
08:07:31.118 [FXGL Background Thread 1 ] DEBUG FXGLAssetLoaderServi - Loading from file system: jar:file:/C:/Users/grube/.m2/repository/com/github/almasb/fxgl/17.3/fxgl-17.3.jar!/fxglassets/ui/css/fxgl_dark.css
08:07:31.145 [FXGL Background Thread 1 ] DEBUG GameApplicationServi - Initializing application scenes
08:07:31.176 [FXGL Background Thread 1 ] DEBUG GameWorld            - Game world initialized
08:07:31.210 [FXGL Background Thread 1 ] DEBUG PhysicsWorld         - Physics world initialized: appHeight=600, physics.ppm=50,0
08:07:31.210 [FXGL Background Thread 1 ] DEBUG PhysicsWorld         - Using strategy: BRUTE_FORCE
08:07:31.213 [FXGL Background Thread 1 ] DEBUG GameScene            - Game scene initialized: 800x600
08:07:31.222 [FXGL Background Thread 1 ] DEBUG FXGL.DefaultMenu     - createMenuBodyGameMenu()
08:07:31.236 [FXGL Background Thread 1 ] DEBUG FXGL.DefaultMenu     - createOptionsMenu()
08:07:31.243 [FXGL Background Thread 1 ] DEBUG FXGLAssetLoaderServi - Loading from file system: jar:file:/C:/Users/grube/.m2/repository/com/github/almasb/fxgl/17.3/fxgl-17.3.jar!/fxglassets/textures/particles/smoke.png
08:07:31.301 [FXGL Background Thread 1 ] DEBUG FXGLAssetLoaderServi - Loading from file system: jar:file:/C:/Users/grube/.m2/repository/com/github/almasb/fxgl/17.3/fxgl-17.3.jar!/fxglassets/textures/particles/trace_horizontal.png
08:07:31.320 [FXGL Background Thread 1 ] DEBUG GameApplicationServi - Application scenes initialized
08:07:31.331 [FXGL Background Thread 1 ] DEBUG SystemBundleService  - Loading FXGL system data
08:07:31.334 [FXGL Background Thread 1 ] DEBUG FileSystemAccess     - Reading from: C:\Users\grube\OneDrive - HTL Saalfelden\Desktop\Pos\Pos3\blaetter_vs_beiser\Blaetter_vs_Beiser\system\fxgl.bundle
08:07:31.339 [FXGL Background Thread 1 ] DEBUG SystemBundleService  - Bundle FXGL: {}
08:07:31.340 [FXGL Background Thread 1 ] DEBUG UpdaterService       - Checking for updates
08:07:31.343 [FXGL Background Thread 4 ] DEBUG FXGLApplication      - Loading fonts
08:07:31.343 [FXGL Background Thread 1 ] DEBUG FXGLApplication      - Loading default localization
08:07:31.343 [FXGL Background Thread 4 ] DEBUG FXGLAssetLoaderServi - Loading from file system: jar:file:/C:/Users/grube/.m2/repository/com/github/almasb/fxgl/17.3/fxgl-17.3.jar!/fxglassets/ui/fonts/VarelaRound-Regular.ttf
08:07:31.344 [FXGL Background Thread 1 ] DEBUG FXGLAssetLoaderServi - Loading from file system: jar:file:/C:/Users/grube/.m2/repository/com/github/almasb/fxgl/17.3/fxgl-17.3.jar!/fxglassets/languages/english.lang
08:07:31.357 [FXGL Background Thread 1 ] INFO  FXGLApplication      - FXGL initialization took: 0,279 sec
08:07:31.359 [JavaFX Application Thread] DEBUG FXGLAssetLoaderServi - Loading from file system: jar:file:/C:/Users/grube/.m2/repository/com/github/almasb/fxgl/17.3/fxgl-17.3.jar!/fxglassets/textures/fxgl_icon.png
08:07:31.380 [FXGL Background Thread 4 ] DEBUG FXGLAssetLoaderServi - Loading from file system: jar:file:/C:/Users/grube/.m2/repository/com/github/almasb/fxgl/17.3/fxgl-17.3.jar!/fxglassets/ui/fonts/Abel-Regular.ttf
08:07:31.380 [JavaFX Application Thread] DEBUG FXGLAssetLoaderServi - Loading from file system: jar:file:/C:/Users/grube/.m2/repository/com/github/almasb/fxgl/17.3/fxgl-17.3.jar!/fxglassets/textures/fxgl_default_cursor.png
08:07:31.390 [JavaFX Application Thread] DEBUG Input                - Registered new binding: Screenshot - CTRL+8
08:07:31.391 [JavaFX Application Thread] DEBUG Input                - Registered new binding: System info dump - CTRL+9
08:07:31.391 [JavaFX Application Thread] DEBUG Input                - Registered new binding: Restart - CTRL+R
08:07:31.391 [JavaFX Application Thread] DEBUG Input                - Registered new binding: Toggle Debug Camera - CTRL+7
08:07:31.392 [FXGL Background Thread 4 ] DEBUG FXGLAssetLoaderServi - Loading from file system: jar:file:/C:/Users/grube/.m2/repository/com/github/almasb/fxgl/17.3/fxgl-17.3.jar!/fxglassets/ui/fonts/TerminalLandMono-Regular.otf
08:07:31.393 [JavaFX Application Thread] DEBUG LoopRunner           - Starting loop
08:07:31.393 [JavaFX Application Thread] DEBUG LoopRunner           - Initializing JavaFX AnimationTimerLoop
08:07:31.395 [JavaFX Application Thread] DEBUG GameApplicationServi - Starting new game
08:07:31.395 [JavaFX Application Thread] DEBUG Input                - Clearing active input actions
08:07:31.406 [FXGL Background Thread 4 ] DEBUG FXGLAssetLoaderServi - Loading from file system: jar:file:/C:/Users/grube/.m2/repository/com/github/almasb/fxgl/17.3/fxgl-17.3.jar!/fxglassets/ui/fonts/Courier-Prime.ttf
08:07:31.406 [JavaFX Application Thread] DEBUG GameApplicationServi - Removing overlay from FXGLStartupScene and adding to FXGLLoadingScene
08:07:31.406 [JavaFX Application Thread] DEBUG PrimaryStageWindow   - FXGLStartupScene -> FXGLLoadingScene
08:07:31.407 [JavaFX Application Thread] DEBUG GameApplicationServi - Clearing previous game
08:07:31.407 [JavaFX Application Thread] DEBUG GameScene            - Clearing game scene
08:07:31.407 [JavaFX Application Thread] DEBUG GameWorld            - Clearing game world
08:07:31.407 [JavaFX Application Thread] DEBUG PhysicsWorld         - Clearing physics world
08:07:31.409 [FXGL Background Thread 1 ] DEBUG FXGLApplication      - Initializing game
08:07:31.412 [FXGL Background Thread 1 ] DEBUG FXGLAssetLoaderServi - Loading from file system: file:/C:/Users/grube/OneDrive%20-%20HTL%20Saalfelden/Desktop/Pos/Pos3/blaetter_vs_beiser/Blaetter_vs_Beiser/blaetter_vs_beiser/target/classes/assets/textures/Background.png
08:07:31.453 [JavaFX Application Thread] DEBUG FXGLApplication      - Registering font factories with UI factory
08:07:31.519 [FXGL Background Thread 1 ] DEBUG FXGLAssetLoaderServi - Loading JSON from: file:/C:/Users/grube/OneDrive%20-%20HTL%20Saalfelden/Desktop/Pos/Pos3/blaetter_vs_beiser/Blaetter_vs_Beiser/blaetter_vs_beiser/target/classes/assets/Level/level1.json
08:07:31.689 [FXGL Background Thread 1 ] DEBUG FXGLAssetLoaderServi - Loading from file system: file:/C:/Users/grube/OneDrive%20-%20HTL%20Saalfelden/Desktop/Pos/Pos3/blaetter_vs_beiser/Blaetter_vs_Beiser/blaetter_vs_beiser/target/classes/assets/textures/Mousecursor.png
08:07:31.692 [FXGL Background Thread 1 ] DEBUG FXGLAssetLoaderServi - Loading from file system: file:/C:/Users/grube/OneDrive%20-%20HTL%20Saalfelden/Desktop/Pos/Pos3/blaetter_vs_beiser/Blaetter_vs_Beiser/blaetter_vs_beiser/target/classes/assets/textures/Sun.png
08:07:31.704 [FXGL Background Thread 1 ] DEBUG FXGLAssetLoaderServi - Loading from file system: file:/C:/Users/grube/OneDrive%20-%20HTL%20Saalfelden/Desktop/Pos/Pos3/blaetter_vs_beiser/Blaetter_vs_Beiser/blaetter_vs_beiser/target/classes/assets/textures/Plants/Peashooter.png
08:07:31.713 [FXGL Background Thread 1 ] DEBUG FXGLAssetLoaderServi - Loading from file system: file:/C:/Users/grube/OneDrive%20-%20HTL%20Saalfelden/Desktop/Pos/Pos3/blaetter_vs_beiser/Blaetter_vs_Beiser/blaetter_vs_beiser/target/classes/assets/textures/Plants/Sunflower.png
08:07:31.723 [FXGL Background Thread 1 ] DEBUG FXGLAssetLoaderServi - Loading from file system: file:/C:/Users/grube/OneDrive%20-%20HTL%20Saalfelden/Desktop/Pos/Pos3/blaetter_vs_beiser/Blaetter_vs_Beiser/blaetter_vs_beiser/target/classes/assets/textures/Plants/Wallnut.png
08:07:31.732 [FXGL Background Thread 1 ] DEBUG FXGLAssetLoaderServi - Loading from file system: file:/C:/Users/grube/OneDrive%20-%20HTL%20Saalfelden/Desktop/Pos/Pos3/blaetter_vs_beiser/Blaetter_vs_Beiser/blaetter_vs_beiser/target/classes/assets/textures/Plants/Potatomine.png
08:07:31.740 [FXGL Background Thread 1 ] DEBUG FXGLAssetLoaderServi - Loading from file system: file:/C:/Users/grube/OneDrive%20-%20HTL%20Saalfelden/Desktop/Pos/Pos3/blaetter_vs_beiser/Blaetter_vs_Beiser/blaetter_vs_beiser/target/classes/assets/textures/Plants/Cherrybomb.png
08:07:31.752 [FXGL Background Thread 1 ] DEBUG FXGLAssetLoaderServi - Loading from file system: file:/C:/Users/grube/OneDrive%20-%20HTL%20Saalfelden/Desktop/Pos/Pos3/blaetter_vs_beiser/Blaetter_vs_Beiser/blaetter_vs_beiser/target/classes/assets/textures/Plants/Snowpeashooter.png
08:07:31.780 [FXGL Background Thread 1 ] DEBUG FXGLAssetLoaderServi - Loading from file system: file:/C:/Users/grube/OneDrive%20-%20HTL%20Saalfelden/Desktop/Pos/Pos3/blaetter_vs_beiser/Blaetter_vs_Beiser/blaetter_vs_beiser/target/classes/assets/textures/Shovel.png
08:07:31.818 [FXGL Background Thread 1 ] INFO  FXGLApplication      - Game initialization took: 0,409 sec
08:07:31.819 [JavaFX Application Thread] DEBUG Input                - Clearing active input actions
08:07:31.829 [JavaFX Application Thread] DEBUG GameApplicationServi - Removing overlay from FXGLLoadingScene and adding to GameScene
08:07:31.829 [JavaFX Application Thread] DEBUG PrimaryStageWindow   - FXGLLoadingScene -> GameScene
08:07:31.967 [FXGL Background Thread 2 ] INFO  UpdaterService       - Your current version:  17.3
08:07:31.967 [FXGL Background Thread 2 ] INFO  UpdaterService       - Latest stable version: 25
08:07:34.356 [FXGL Background Thread 3 ] DEBUG Engine               - Logging environment variables
08:07:34.356 [FXGL Background Thread 3 ] DEBUG Engine               - achievements: []
08:07:34.356 [FXGL Background Thread 3 ] DEBUG Engine               - actualHeight: 960.0
08:07:34.356 [FXGL Background Thread 3 ] DEBUG Engine               - actualHeightProperty: ReadOnlyDoubleProperty [value: 960.0]
08:07:34.356 [FXGL Background Thread 3 ] DEBUG Engine               - actualWidth: 1536.0
08:07:34.356 [FXGL Background Thread 3 ] DEBUG Engine               - actualWidthProperty: ReadOnlyDoubleProperty [value: 1536.0]
08:07:34.356 [FXGL Background Thread 3 ] DEBUG Engine               - appIcon: fxgl_icon.png
08:07:34.356 [FXGL Background Thread 3 ] DEBUG Engine               - applicationMode: DEVELOPER
08:07:34.356 [FXGL Background Thread 3 ] DEBUG Engine               - cSSList: [fxgl_dark.css]
08:07:34.356 [FXGL Background Thread 3 ] DEBUG Engine               - collisionDetectionStrategy: BRUTE_FORCE
08:07:34.357 [FXGL Background Thread 3 ] DEBUG Engine               - configClass: Optional.empty
08:07:34.357 [FXGL Background Thread 3 ] DEBUG Engine               - credits: []
08:07:34.357 [FXGL Background Thread 3 ] DEBUG Engine               - defaultCursor: CursorInfo(imageName=fxgl_default_cursor.png, hotspotX=7.0, hotspotY=6.0)
08:07:34.357 [FXGL Background Thread 3 ] DEBUG Engine               - devBBoxColorProperty: ObjectProperty [value: 0xff0000ff]
08:07:34.357 [FXGL Background Thread 3 ] DEBUG Engine               - devEnableDebugCameraProperty: BooleanProperty [value: false]
08:07:34.357 [FXGL Background Thread 3 ] DEBUG Engine               - devSensorColorProperty: ObjectProperty [value: 0xffff00ff]
08:07:34.357 [FXGL Background Thread 3 ] DEBUG Engine               - devShowBBoxProperty: BooleanProperty [value: false]
08:07:34.357 [FXGL Background Thread 3 ] DEBUG Engine               - devShowPositionProperty: BooleanProperty [value: false]
08:07:34.357 [FXGL Background Thread 3 ] DEBUG Engine               - enabledMenuItems: []
08:07:34.357 [FXGL Background Thread 3 ] DEBUG Engine               - engineServices: [class com.almasb.fxgl.app.services.FXGLAssetLoaderService, class com.almasb.fxgl.app.FXGLApplication$GameApplicationService, class com.almasb.fxgl.app.services.FXGLDialogService, class com.almasb.fxgl.app.services.IOTaskExecutorService, class com.almasb.fxgl.io.FileSystemService, class com.almasb.fxgl.localization.LocalizationService, class com.almasb.fxgl.app.services.SystemBundleService, class com.almasb.fxgl.profile.SaveLoadService, class com.almasb.fxgl.ui.FXGLUIFactoryServiceProvider, class com.almasb.fxgl.ui.FXGLDialogFactoryServiceProvider, class com.almasb.fxgl.audio.AudioPlayer, class com.almasb.fxgl.notification.impl.NotificationServiceProvider, class com.almasb.fxgl.achievement.AchievementService, class com.almasb.fxgl.cutscene.CutsceneService, class com.almasb.fxgl.minigames.MiniGameService, class com.almasb.fxgl.net.NetService, class com.almasb.fxgl.app.services.UpdaterService, class com.almasb.fxgl.dev.DevService]
08:07:34.357 [FXGL Background Thread 3 ] DEBUG Engine               - fontGame: Abel-Regular.ttf
08:07:34.357 [FXGL Background Thread 3 ] DEBUG Engine               - fontMono: TerminalLandMono-Regular.otf
08:07:34.357 [FXGL Background Thread 3 ] DEBUG Engine               - fontSizeScaleUI: 1.0
08:07:34.357 [FXGL Background Thread 3 ] DEBUG Engine               - fontText: Courier-Prime.ttf
08:07:34.357 [FXGL Background Thread 3 ] DEBUG Engine               - fontUI: VarelaRound-Regular.ttf
08:07:34.357 [FXGL Background Thread 3 ] DEBUG Engine               - fullScreen: BooleanProperty [value: true]
08:07:34.357 [FXGL Background Thread 3 ] DEBUG Engine               - gameDifficulty: MEDIUM
08:07:34.357 [FXGL Background Thread 3 ] DEBUG Engine               - gameDifficultyProperty: ObjectProperty [value: MEDIUM]
08:07:34.357 [FXGL Background Thread 3 ] DEBUG Engine               - globalMusicVolume: 0.5
08:07:34.357 [FXGL Background Thread 3 ] DEBUG Engine               - globalMusicVolumeProperty: DoubleProperty [value: 0.5]
08:07:34.357 [FXGL Background Thread 3 ] DEBUG Engine               - globalSoundVolume: 0.5
08:07:34.357 [FXGL Background Thread 3 ] DEBUG Engine               - globalSoundVolumeProperty: DoubleProperty [value: 0.5]
08:07:34.357 [FXGL Background Thread 3 ] DEBUG Engine               - height: 600
08:07:34.357 [FXGL Background Thread 3 ] DEBUG Engine               - is3D: false
08:07:34.357 [FXGL Background Thread 3 ] DEBUG Engine               - isAndroid: false
08:07:34.357 [FXGL Background Thread 3 ] DEBUG Engine               - isBrowser: false
08:07:34.357 [FXGL Background Thread 3 ] DEBUG Engine               - isClickFeedbackEnabled: false
08:07:34.357 [FXGL Background Thread 3 ] DEBUG Engine               - isCloseConfirmation: false
08:07:34.357 [FXGL Background Thread 3 ] DEBUG Engine               - isDesktop: true
08:07:34.357 [FXGL Background Thread 3 ] DEBUG Engine               - isDeveloperMenuEnabled: false
08:07:34.357 [FXGL Background Thread 3 ] DEBUG Engine               - isEmbedded: false
08:07:34.357 [FXGL Background Thread 3 ] DEBUG Engine               - isEntityPreloadEnabled: true
08:07:34.357 [FXGL Background Thread 3 ] DEBUG Engine               - isExperimentalTiledLargeMap: false
08:07:34.357 [FXGL Background Thread 3 ] DEBUG Engine               - isFileSystemWriteAllowed: true
08:07:34.357 [FXGL Background Thread 3 ] DEBUG Engine               - isFullScreenAllowed: true
08:07:34.357 [FXGL Background Thread 3 ] DEBUG Engine               - isFullScreenFromStart: true
08:07:34.358 [FXGL Background Thread 3 ] DEBUG Engine               - isGameMenuEnabled: true
08:07:34.358 [FXGL Background Thread 3 ] DEBUG Engine               - isIOS: false
08:07:34.358 [FXGL Background Thread 3 ] DEBUG Engine               - isIntroEnabled: false
08:07:34.358 [FXGL Background Thread 3 ] DEBUG Engine               - isLinux: false
08:07:34.358 [FXGL Background Thread 3 ] DEBUG Engine               - isMac: false
08:07:34.358 [FXGL Background Thread 3 ] DEBUG Engine               - isMainMenuEnabled: false
08:07:34.358 [FXGL Background Thread 3 ] DEBUG Engine               - isManualResizeEnabled: false
08:07:34.358 [FXGL Background Thread 3 ] DEBUG Engine               - isMobile: false
08:07:34.358 [FXGL Background Thread 3 ] DEBUG Engine               - isNative: false
08:07:34.358 [FXGL Background Thread 3 ] DEBUG Engine               - isPauseMusicWhenMinimized: true
08:07:34.358 [FXGL Background Thread 3 ] DEBUG Engine               - isPreserveResizeRatio: false
08:07:34.358 [FXGL Background Thread 3 ] DEBUG Engine               - isProfilingEnabled: false
08:07:34.358 [FXGL Background Thread 3 ] DEBUG Engine               - isScaleAffectedOnResize: true
08:07:34.358 [FXGL Background Thread 3 ] DEBUG Engine               - isSingleStep: false
08:07:34.358 [FXGL Background Thread 3 ] DEBUG Engine               - isUserProfileEnabled: false
08:07:34.358 [FXGL Background Thread 3 ] DEBUG Engine               - isWindows: true
08:07:34.358 [FXGL Background Thread 3 ] DEBUG Engine               - language: ObjectProperty [value: ENGLISH]
08:07:34.358 [FXGL Background Thread 3 ] DEBUG Engine               - menuKey: ESCAPE
08:07:34.358 [FXGL Background Thread 3 ] DEBUG Engine               - mouseSensitivity: 0.2
08:07:34.358 [FXGL Background Thread 3 ] DEBUG Engine               - notificationViewClass: class com.almasb.fxgl.notification.view.XboxNotificationView
08:07:34.358 [FXGL Background Thread 3 ] DEBUG Engine               - pixelsPerMeter: 50.0
08:07:34.358 [FXGL Background Thread 3 ] DEBUG Engine               - platform: WINDOWS
08:07:34.358 [FXGL Background Thread 3 ] DEBUG Engine               - prefHeightProperty: ReadOnlyDoubleProperty [value: 600.0]
08:07:34.358 [FXGL Background Thread 3 ] DEBUG Engine               - prefWidthProperty: ReadOnlyDoubleProperty [value: 800.0]
08:07:34.358 [FXGL Background Thread 3 ] DEBUG Engine               - profileDir: profiles/
08:07:34.358 [FXGL Background Thread 3 ] DEBUG Engine               - profileName: StringProperty [value: DEFAULT]
08:07:34.358 [FXGL Background Thread 3 ] DEBUG Engine               - randomSeed: -1
08:07:34.358 [FXGL Background Thread 3 ] DEBUG Engine               - runtimeInfo: RuntimeInfo(platform=WINDOWS, version=17.3, build=30.03.2023 11.49)
08:07:34.358 [FXGL Background Thread 3 ] DEBUG Engine               - saveFileExt: sav
08:07:34.358 [FXGL Background Thread 3 ] DEBUG Engine               - scaledHeightProp$fxgl: DoubleProperty [bound, value: 960.0]
08:07:34.358 [FXGL Background Thread 3 ] DEBUG Engine               - scaledWidthProp$fxgl: DoubleProperty [bound, value: 1536.0]
08:07:34.358 [FXGL Background Thread 3 ] DEBUG Engine               - sceneFactory: com.almasb.fxgl.app.scene.SceneFactory@228749da
08:07:34.358 [FXGL Background Thread 3 ] DEBUG Engine               - secondsIn24h: 60
08:07:34.358 [FXGL Background Thread 3 ] DEBUG Engine               - soundMenuBack: menu/back.wav
08:07:34.358 [FXGL Background Thread 3 ] DEBUG Engine               - soundMenuPress: menu/press.wav
08:07:34.358 [FXGL Background Thread 3 ] DEBUG Engine               - soundMenuSelect: menu/select.wav
08:07:34.359 [FXGL Background Thread 3 ] DEBUG Engine               - soundNotification: core/notification.wav
08:07:34.359 [FXGL Background Thread 3 ] DEBUG Engine               - stageStyle: DECORATED
08:07:34.359 [FXGL Background Thread 3 ] DEBUG Engine               - supportedLanguages: [ENGLISH, FRENCH, GERMAN, HUNGARIAN, RUSSIAN]
08:07:34.359 [FXGL Background Thread 3 ] DEBUG Engine               - ticksPerSecond: -1
08:07:34.359 [FXGL Background Thread 3 ] DEBUG Engine               - title: BvB
08:07:34.359 [FXGL Background Thread 3 ] DEBUG Engine               - urlGithub: https://github.com/AlmasB/FXGL
08:07:34.359 [FXGL Background Thread 3 ] DEBUG Engine               - urlLeaderboard: http://fxgl-top.herokuapp.com/
08:07:34.359 [FXGL Background Thread 3 ] DEBUG Engine               - urlPOM: https://raw.githubusercontent.com/AlmasB/FXGL/release/README.md
08:07:34.359 [FXGL Background Thread 3 ] DEBUG Engine               - userAppClass: class at.htl.blaetter_vs_beiser.Start
08:07:34.359 [FXGL Background Thread 3 ] DEBUG Engine               - version: 0.0
08:07:34.359 [FXGL Background Thread 3 ] DEBUG Engine               - versionCheckDays: 7
08:07:34.359 [FXGL Background Thread 3 ] DEBUG Engine               - width: 800
08:07:34.359 [FXGL Background Thread 3 ] DEBUG Engine               - Logging services
08:07:34.359 [FXGL Background Thread 3 ] DEBUG Engine               - class com.almasb.fxgl.app.services.FXGLAssetLoaderService
08:07:34.359 [FXGL Background Thread 3 ] DEBUG Engine               - class com.almasb.fxgl.app.FXGLApplication$GameApplicationService
08:07:34.359 [FXGL Background Thread 3 ] DEBUG Engine               - class com.almasb.fxgl.app.services.FXGLDialogService
08:07:34.359 [FXGL Background Thread 3 ] DEBUG Engine               - class com.almasb.fxgl.app.services.IOTaskExecutorService
08:07:34.359 [FXGL Background Thread 3 ] DEBUG Engine               - class com.almasb.fxgl.io.FileSystemService
08:07:34.359 [FXGL Background Thread 3 ] DEBUG Engine               - class com.almasb.fxgl.localization.LocalizationService
08:07:34.359 [FXGL Background Thread 3 ] DEBUG Engine               - class com.almasb.fxgl.app.services.SystemBundleService
08:07:34.359 [FXGL Background Thread 3 ] DEBUG Engine               - class com.almasb.fxgl.profile.SaveLoadService
08:07:34.359 [FXGL Background Thread 3 ] DEBUG Engine               - class com.almasb.fxgl.ui.FXGLUIFactoryServiceProvider
08:07:34.359 [FXGL Background Thread 3 ] DEBUG Engine               - class com.almasb.fxgl.ui.FXGLDialogFactoryServiceProvider
08:07:34.359 [FXGL Background Thread 3 ] DEBUG Engine               - class com.almasb.fxgl.audio.AudioPlayer
08:07:34.359 [FXGL Background Thread 3 ] DEBUG Engine               - class com.almasb.fxgl.notification.impl.NotificationServiceProvider
08:07:34.359 [FXGL Background Thread 3 ] DEBUG Engine               - class com.almasb.fxgl.achievement.AchievementService
08:07:34.359 [FXGL Background Thread 3 ] DEBUG Engine               - class com.almasb.fxgl.cutscene.CutsceneService
08:07:34.359 [FXGL Background Thread 3 ] DEBUG Engine               - class com.almasb.fxgl.minigames.MiniGameService
08:07:34.359 [FXGL Background Thread 3 ] DEBUG Engine               - class com.almasb.fxgl.net.NetService
08:07:34.359 [FXGL Background Thread 3 ] DEBUG Engine               - class com.almasb.fxgl.app.services.UpdaterService
08:07:34.359 [FXGL Background Thread 3 ] DEBUG Engine               - class com.almasb.fxgl.dev.DevService
08:07:46.693 [JavaFX Application Thread] DEBUG FXGLAssetLoaderServi - Loading from file system: file:/C:/Users/grube/OneDrive%20-%20HTL%20Saalfelden/Desktop/Pos/Pos3/blaetter_vs_beiser/Blaetter_vs_Beiser/blaetter_vs_beiser/target/classes/assets/textures/Zombies/Zombie3.png
08:08:03.221 [JavaFX Application Thread] DEBUG PrimaryStageWindow   - Push state: FXGLDefaultMenu
08:08:03.223 [JavaFX Application Thread] DEBUG Input                - Clearing active input actions
08:08:03.228 [JavaFX Application Thread] DEBUG GameApplicationServi - Removing overlay from GameScene and adding to FXGLDefaultMenu
08:08:03.229 [JavaFX Application Thread] DEBUG PrimaryStageWindow   - GameScene -> FXGLDefaultMenu
08:08:05.347 [JavaFX Application Thread] DEBUG Menu                 - fireExit()
08:08:05.351 [JavaFX Application Thread] DEBUG PrimaryStageWindow   - Push state: DialogSubScene
08:08:05.351 [JavaFX Application Thread] DEBUG Input                - Clearing active input actions
08:08:05.351 [JavaFX Application Thread] DEBUG GameApplicationServi - Removing overlay from FXGLDefaultMenu and adding to DialogSubScene
08:08:05.352 [JavaFX Application Thread] DEBUG PrimaryStageWindow   - FXGLDefaultMenu -> DialogSubScene
08:08:05.943 [JavaFX Application Thread] DEBUG PrimaryStageWindow   - Pop state: DialogSubScene
08:08:05.943 [JavaFX Application Thread] DEBUG Input                - Clearing active input actions
08:08:05.944 [JavaFX Application Thread] DEBUG GameApplicationServi - Removing overlay from DialogSubScene and adding to FXGLDefaultMenu
08:08:05.944 [JavaFX Application Thread] DEBUG PrimaryStageWindow   - FXGLDefaultMenu <- DialogSubScene
08:08:05.944 [JavaFX Application Thread] DEBUG FXGLApplication      - Exiting FXGL
08:08:05.944 [JavaFX Application Thread] DEBUG LoopRunner           - Stopping loop
08:08:05.944 [JavaFX Application Thread] DEBUG SystemBundleService  - Saving FXGL system data
08:08:05.946 [JavaFX Application Thread] DEBUG FileSystemAccess     - Writing to: C:\Users\grube\OneDrive - HTL Saalfelden\Desktop\Pos\Pos3\blaetter_vs_beiser\Blaetter_vs_Beiser\system\fxgl.bundle
08:08:05.949 [JavaFX Application Thread] DEBUG Async                - Shutting down background threads
08:08:05.949 [JavaFX Application Thread] DEBUG PrimaryStageWindow   - Closing main window
08:08:05.978 [JavaFX Application Thread] DEBUG Logger               - Closing Logger
