09:25:15.955 [main                     ] DEBUG Logger               - Configured Logger
09:25:15.963 [main                     ] DEBUG GameApplication      - Logging settings
Title: BvB
Version: 0.0
Width: 800
Height: 600
Fullscreen: true
Intro: false
Profiling: false
Single step:false
App Mode: DEVELOPER
Menu Key: ESCAPE
Stage Style: DECORATED
Scene Factory: class com.almasb.fxgl.app.scene.SceneFactory

09:25:16.283 [JavaFX Application Thread] DEBUG FXGLApplication      - Initializing FXGL
09:25:16.285 [JavaFX Application Thread] INFO  Engine               - FXGL-17.3 (30.03.2023 11.49) on WINDOWS (J:25 FX:21.0.6)
09:25:16.286 [JavaFX Application Thread] DEBUG Engine               - JRE Vendor Name: Oracle Corporation
09:25:16.286 [JavaFX Application Thread] DEBUG Engine               - Running on OS: Windows 11 version 10.0
09:25:16.286 [JavaFX Application Thread] DEBUG Engine               - Architecture: amd64
09:25:16.286 [JavaFX Application Thread] INFO  Engine               - Source code and latest versions at: https://github.com/AlmasB/FXGL
09:25:16.286 [JavaFX Application Thread] INFO  Engine               -       Ask questions and discuss at: https://github.com/AlmasB/FXGL/discussions
09:25:16.286 [JavaFX Application Thread] INFO  Engine               -              Join the FXGL chat at: https://gitter.im/AlmasB/FXGL
09:25:16.371 [JavaFX Application Thread] DEBUG PrimaryStageWindow   - Creating a JavaFX scene
09:25:16.413 [JavaFX Application Thread] DEBUG PrimaryStageWindow   - Target settings size: 800.0 x 600.0
09:25:16.413 [JavaFX Application Thread] DEBUG PrimaryStageWindow   - Scaled scene size:    800.0 x 600.0
09:25:16.413 [JavaFX Application Thread] DEBUG PrimaryStageWindow   - Scaled ratio: (1.0, 1.0)
09:25:16.414 [JavaFX Application Thread] DEBUG PrimaryStageWindow   - Set initial scene to FXGLStartupScene
09:25:16.418 [JavaFX Application Thread] DEBUG PrimaryStageWindow   - Opening main window
09:25:16.492 [JavaFX Application Thread] DEBUG PrimaryStageWindow   - Window border size: (14.4000244140625, 37.5999755859375)
09:25:16.492 [JavaFX Application Thread] DEBUG PrimaryStageWindow   - Scaled size: 800.0 x 600.0
09:25:16.492 [JavaFX Application Thread] DEBUG PrimaryStageWindow   - Scaled ratio: (1.0, 1.0)
09:25:16.492 [JavaFX Application Thread] DEBUG PrimaryStageWindow   - Scene size: 800.0 x 600.0
09:25:16.492 [JavaFX Application Thread] DEBUG PrimaryStageWindow   - Stage size: 814.4000244140625 x 637.5999755859375
09:25:16.536 [JavaFX Application Thread] DEBUG PrimaryStageWindow   - Going fullscreen
09:25:16.544 [FXGL Background Thread 1 ] DEBUG Engine               - Initializing environment variables
09:25:16.586 [FXGL Background Thread 1 ] DEBUG FXGLAssetLoaderServi - User app class for loading assets: class at.htl.blaetter_vs_beiser.Start
09:25:16.586 [FXGL Background Thread 1 ] DEBUG GameApplicationServi - Applying CSS: fxgl_dark.css
09:25:16.587 [FXGL Background Thread 1 ] DEBUG FXGLAssetLoaderServi - Loading from file system: jar:file:/C:/Users/grube/.m2/repository/com/github/almasb/fxgl/17.3/fxgl-17.3.jar!/fxglassets/ui/css/fxgl_dark.css
09:25:16.616 [FXGL Background Thread 1 ] DEBUG GameApplicationServi - Initializing application scenes
09:25:16.646 [FXGL Background Thread 1 ] DEBUG GameWorld            - Game world initialized
09:25:16.680 [FXGL Background Thread 1 ] DEBUG PhysicsWorld         - Physics world initialized: appHeight=600, physics.ppm=50,0
09:25:16.680 [FXGL Background Thread 1 ] DEBUG PhysicsWorld         - Using strategy: BRUTE_FORCE
09:25:16.683 [FXGL Background Thread 1 ] DEBUG GameScene            - Game scene initialized: 800x600
09:25:16.693 [FXGL Background Thread 1 ] DEBUG FXGL.DefaultMenu     - createMenuBodyGameMenu()
09:25:16.708 [FXGL Background Thread 1 ] DEBUG FXGL.DefaultMenu     - createOptionsMenu()
09:25:16.718 [FXGL Background Thread 1 ] DEBUG FXGLAssetLoaderServi - Loading from file system: jar:file:/C:/Users/grube/.m2/repository/com/github/almasb/fxgl/17.3/fxgl-17.3.jar!/fxglassets/textures/particles/smoke.png
09:25:16.791 [FXGL Background Thread 1 ] DEBUG FXGLAssetLoaderServi - Loading from file system: jar:file:/C:/Users/grube/.m2/repository/com/github/almasb/fxgl/17.3/fxgl-17.3.jar!/fxglassets/textures/particles/trace_horizontal.png
09:25:16.816 [FXGL Background Thread 1 ] DEBUG GameApplicationServi - Application scenes initialized
09:25:16.826 [FXGL Background Thread 1 ] DEBUG SystemBundleService  - Loading FXGL system data
09:25:16.830 [FXGL Background Thread 1 ] DEBUG FileSystemAccess     - Reading from: C:\Users\grube\OneDrive - HTL Saalfelden\Desktop\Pos\Pos3\blaetter_vs_beiser\Blaetter_vs_Beiser\system\fxgl.bundle
09:25:16.837 [FXGL Background Thread 1 ] DEBUG SystemBundleService  - Bundle FXGL: {}
09:25:16.837 [FXGL Background Thread 1 ] DEBUG UpdaterService       - Checking for updates
09:25:16.840 [FXGL Background Thread 4 ] DEBUG FXGLApplication      - Loading fonts
09:25:16.841 [FXGL Background Thread 4 ] DEBUG FXGLAssetLoaderServi - Loading from file system: jar:file:/C:/Users/grube/.m2/repository/com/github/almasb/fxgl/17.3/fxgl-17.3.jar!/fxglassets/ui/fonts/VarelaRound-Regular.ttf
09:25:16.841 [FXGL Background Thread 1 ] DEBUG FXGLApplication      - Loading default localization
09:25:16.841 [FXGL Background Thread 1 ] DEBUG FXGLAssetLoaderServi - Loading from file system: jar:file:/C:/Users/grube/.m2/repository/com/github/almasb/fxgl/17.3/fxgl-17.3.jar!/fxglassets/languages/english.lang
09:25:16.855 [FXGL Background Thread 1 ] INFO  FXGLApplication      - FXGL initialization took: 0,311 sec
09:25:16.858 [JavaFX Application Thread] DEBUG FXGLAssetLoaderServi - Loading from file system: jar:file:/C:/Users/grube/.m2/repository/com/github/almasb/fxgl/17.3/fxgl-17.3.jar!/fxglassets/textures/fxgl_icon.png
09:25:16.875 [JavaFX Application Thread] DEBUG FXGLAssetLoaderServi - Loading from file system: jar:file:/C:/Users/grube/.m2/repository/com/github/almasb/fxgl/17.3/fxgl-17.3.jar!/fxglassets/textures/fxgl_default_cursor.png
09:25:16.880 [FXGL Background Thread 4 ] DEBUG FXGLAssetLoaderServi - Loading from file system: jar:file:/C:/Users/grube/.m2/repository/com/github/almasb/fxgl/17.3/fxgl-17.3.jar!/fxglassets/ui/fonts/Abel-Regular.ttf
09:25:16.885 [JavaFX Application Thread] DEBUG Input                - Registered new binding: Screenshot - CTRL+8
09:25:16.885 [JavaFX Application Thread] DEBUG Input                - Registered new binding: System info dump - CTRL+9
09:25:16.886 [JavaFX Application Thread] DEBUG Input                - Registered new binding: Restart - CTRL+R
09:25:16.886 [JavaFX Application Thread] DEBUG Input                - Registered new binding: Toggle Debug Camera - CTRL+7
09:25:16.889 [JavaFX Application Thread] DEBUG LoopRunner           - Starting loop
09:25:16.889 [JavaFX Application Thread] DEBUG LoopRunner           - Initializing JavaFX AnimationTimerLoop
09:25:16.890 [JavaFX Application Thread] DEBUG GameApplicationServi - Starting new game
09:25:16.891 [JavaFX Application Thread] DEBUG Input                - Clearing active input actions
09:25:16.893 [FXGL Background Thread 4 ] DEBUG FXGLAssetLoaderServi - Loading from file system: jar:file:/C:/Users/grube/.m2/repository/com/github/almasb/fxgl/17.3/fxgl-17.3.jar!/fxglassets/ui/fonts/TerminalLandMono-Regular.otf
09:25:16.900 [JavaFX Application Thread] DEBUG GameApplicationServi - Removing overlay from FXGLStartupScene and adding to FXGLLoadingScene
09:25:16.901 [JavaFX Application Thread] DEBUG PrimaryStageWindow   - FXGLStartupScene -> FXGLLoadingScene
09:25:16.901 [JavaFX Application Thread] DEBUG GameApplicationServi - Clearing previous game
09:25:16.901 [JavaFX Application Thread] DEBUG GameScene            - Clearing game scene
09:25:16.901 [JavaFX Application Thread] DEBUG GameWorld            - Clearing game world
09:25:16.902 [JavaFX Application Thread] DEBUG PhysicsWorld         - Clearing physics world
09:25:16.903 [FXGL Background Thread 1 ] DEBUG FXGLApplication      - Initializing game
09:25:16.906 [FXGL Background Thread 1 ] DEBUG FXGLAssetLoaderServi - Loading from file system: file:/C:/Users/grube/OneDrive%20-%20HTL%20Saalfelden/Desktop/Pos/Pos3/blaetter_vs_beiser/Blaetter_vs_Beiser/blaetter_vs_beiser/target/classes/assets/textures/Background.png
09:25:16.907 [FXGL Background Thread 4 ] DEBUG FXGLAssetLoaderServi - Loading from file system: jar:file:/C:/Users/grube/.m2/repository/com/github/almasb/fxgl/17.3/fxgl-17.3.jar!/fxglassets/ui/fonts/Courier-Prime.ttf
09:25:16.951 [JavaFX Application Thread] DEBUG FXGLApplication      - Registering font factories with UI factory
09:25:16.984 [FXGL Background Thread 1 ] DEBUG FXGLAssetLoaderServi - Loading from file system: file:/C:/Users/grube/OneDrive%20-%20HTL%20Saalfelden/Desktop/Pos/Pos3/blaetter_vs_beiser/Blaetter_vs_Beiser/blaetter_vs_beiser/target/classes/assets/textures/Zombies/Zombie3.png
09:25:17.000 [FXGL Background Thread 1 ] DEBUG FXGLAssetLoaderServi - Loading JSON from: file:/C:/Users/grube/OneDrive%20-%20HTL%20Saalfelden/Desktop/Pos/Pos3/blaetter_vs_beiser/Blaetter_vs_Beiser/blaetter_vs_beiser/target/classes/assets/Level/level1.json
09:25:17.169 [FXGL Background Thread 1 ] DEBUG FXGLAssetLoaderServi - Loading from file system: file:/C:/Users/grube/OneDrive%20-%20HTL%20Saalfelden/Desktop/Pos/Pos3/blaetter_vs_beiser/Blaetter_vs_Beiser/blaetter_vs_beiser/target/classes/assets/textures/Mousecursor.png
09:25:17.173 [FXGL Background Thread 1 ] DEBUG FXGLAssetLoaderServi - Loading from file system: file:/C:/Users/grube/OneDrive%20-%20HTL%20Saalfelden/Desktop/Pos/Pos3/blaetter_vs_beiser/Blaetter_vs_Beiser/blaetter_vs_beiser/target/classes/assets/textures/Sun.png
09:25:17.178 [FXGL Background Thread 1 ] DEBUG FXGLAssetLoaderServi - Loading from file system: file:/C:/Users/grube/OneDrive%20-%20HTL%20Saalfelden/Desktop/Pos/Pos3/blaetter_vs_beiser/Blaetter_vs_Beiser/blaetter_vs_beiser/target/classes/assets/textures/Plants/Peashooter.png
09:25:17.187 [FXGL Background Thread 1 ] DEBUG FXGLAssetLoaderServi - Loading from file system: file:/C:/Users/grube/OneDrive%20-%20HTL%20Saalfelden/Desktop/Pos/Pos3/blaetter_vs_beiser/Blaetter_vs_Beiser/blaetter_vs_beiser/target/classes/assets/textures/Plants/Sunflower.png
09:25:17.196 [FXGL Background Thread 1 ] DEBUG FXGLAssetLoaderServi - Loading from file system: file:/C:/Users/grube/OneDrive%20-%20HTL%20Saalfelden/Desktop/Pos/Pos3/blaetter_vs_beiser/Blaetter_vs_Beiser/blaetter_vs_beiser/target/classes/assets/textures/Plants/Wallnut.png
09:25:17.204 [FXGL Background Thread 1 ] DEBUG FXGLAssetLoaderServi - Loading from file system: file:/C:/Users/grube/OneDrive%20-%20HTL%20Saalfelden/Desktop/Pos/Pos3/blaetter_vs_beiser/Blaetter_vs_Beiser/blaetter_vs_beiser/target/classes/assets/textures/Plants/Potatomine.png
09:25:17.214 [FXGL Background Thread 1 ] DEBUG FXGLAssetLoaderServi - Loading from file system: file:/C:/Users/grube/OneDrive%20-%20HTL%20Saalfelden/Desktop/Pos/Pos3/blaetter_vs_beiser/Blaetter_vs_Beiser/blaetter_vs_beiser/target/classes/assets/textures/Plants/Cherrybomb.png
09:25:17.224 [FXGL Background Thread 1 ] DEBUG FXGLAssetLoaderServi - Loading from file system: file:/C:/Users/grube/OneDrive%20-%20HTL%20Saalfelden/Desktop/Pos/Pos3/blaetter_vs_beiser/Blaetter_vs_Beiser/blaetter_vs_beiser/target/classes/assets/textures/Plants/Snowpeashooter.png
09:25:17.252 [FXGL Background Thread 1 ] DEBUG FXGLAssetLoaderServi - Loading from file system: file:/C:/Users/grube/OneDrive%20-%20HTL%20Saalfelden/Desktop/Pos/Pos3/blaetter_vs_beiser/Blaetter_vs_Beiser/blaetter_vs_beiser/target/classes/assets/textures/Shovel.png
09:25:17.285 [FXGL Background Thread 1 ] INFO  FXGLApplication      - Game initialization took: 0,381 sec
09:25:17.288 [JavaFX Application Thread] DEBUG Input                - Clearing active input actions
09:25:17.297 [JavaFX Application Thread] DEBUG GameApplicationServi - Removing overlay from FXGLLoadingScene and adding to GameScene
09:25:17.297 [JavaFX Application Thread] DEBUG PrimaryStageWindow   - FXGLLoadingScene -> GameScene
09:25:17.605 [FXGL Background Thread 2 ] INFO  UpdaterService       - Your current version:  17.3
09:25:17.606 [FXGL Background Thread 2 ] INFO  UpdaterService       - Latest stable version: 25
09:25:19.008 [JavaFX Application Thread] DEBUG PrimaryStageWindow   - Push state: GolfRangeScene
09:25:19.008 [JavaFX Application Thread] DEBUG Input                - Clearing active input actions
09:25:19.011 [JavaFX Application Thread] DEBUG GameApplicationServi - Removing overlay from GameScene and adding to GolfRangeScene
09:25:19.011 [JavaFX Application Thread] DEBUG PrimaryStageWindow   - GameScene -> GolfRangeScene
09:25:19.840 [FXGL Background Thread 3 ] DEBUG Engine               - Logging environment variables
09:25:19.841 [FXGL Background Thread 3 ] DEBUG Engine               - achievements: []
09:25:19.841 [FXGL Background Thread 3 ] DEBUG Engine               - actualHeight: 960.0
09:25:19.841 [FXGL Background Thread 3 ] DEBUG Engine               - actualHeightProperty: ReadOnlyDoubleProperty [value: 960.0]
09:25:19.841 [FXGL Background Thread 3 ] DEBUG Engine               - actualWidth: 1536.0
09:25:19.841 [FXGL Background Thread 3 ] DEBUG Engine               - actualWidthProperty: ReadOnlyDoubleProperty [value: 1536.0]
09:25:19.841 [FXGL Background Thread 3 ] DEBUG Engine               - appIcon: fxgl_icon.png
09:25:19.841 [FXGL Background Thread 3 ] DEBUG Engine               - applicationMode: DEVELOPER
09:25:19.841 [FXGL Background Thread 3 ] DEBUG Engine               - cSSList: [fxgl_dark.css]
09:25:19.841 [FXGL Background Thread 3 ] DEBUG Engine               - collisionDetectionStrategy: BRUTE_FORCE
09:25:19.841 [FXGL Background Thread 3 ] DEBUG Engine               - configClass: Optional.empty
09:25:19.842 [FXGL Background Thread 3 ] DEBUG Engine               - credits: []
09:25:19.842 [FXGL Background Thread 3 ] DEBUG Engine               - defaultCursor: CursorInfo(imageName=fxgl_default_cursor.png, hotspotX=7.0, hotspotY=6.0)
09:25:19.842 [FXGL Background Thread 3 ] DEBUG Engine               - devBBoxColorProperty: ObjectProperty [value: 0xff0000ff]
09:25:19.842 [FXGL Background Thread 3 ] DEBUG Engine               - devEnableDebugCameraProperty: BooleanProperty [value: false]
09:25:19.842 [FXGL Background Thread 3 ] DEBUG Engine               - devSensorColorProperty: ObjectProperty [value: 0xffff00ff]
09:25:19.842 [FXGL Background Thread 3 ] DEBUG Engine               - devShowBBoxProperty: BooleanProperty [value: false]
09:25:19.842 [FXGL Background Thread 3 ] DEBUG Engine               - devShowPositionProperty: BooleanProperty [value: false]
09:25:19.842 [FXGL Background Thread 3 ] DEBUG Engine               - enabledMenuItems: []
09:25:19.842 [FXGL Background Thread 3 ] DEBUG Engine               - engineServices: [class com.almasb.fxgl.app.services.FXGLAssetLoaderService, class com.almasb.fxgl.app.FXGLApplication$GameApplicationService, class com.almasb.fxgl.app.services.FXGLDialogService, class com.almasb.fxgl.app.services.IOTaskExecutorService, class com.almasb.fxgl.io.FileSystemService, class com.almasb.fxgl.localization.LocalizationService, class com.almasb.fxgl.app.services.SystemBundleService, class com.almasb.fxgl.profile.SaveLoadService, class com.almasb.fxgl.ui.FXGLUIFactoryServiceProvider, class com.almasb.fxgl.ui.FXGLDialogFactoryServiceProvider, class com.almasb.fxgl.audio.AudioPlayer, class com.almasb.fxgl.notification.impl.NotificationServiceProvider, class com.almasb.fxgl.achievement.AchievementService, class com.almasb.fxgl.cutscene.CutsceneService, class com.almasb.fxgl.minigames.MiniGameService, class com.almasb.fxgl.net.NetService, class com.almasb.fxgl.app.services.UpdaterService, class com.almasb.fxgl.dev.DevService]
09:25:19.842 [FXGL Background Thread 3 ] DEBUG Engine               - fontGame: Abel-Regular.ttf
09:25:19.842 [FXGL Background Thread 3 ] DEBUG Engine               - fontMono: TerminalLandMono-Regular.otf
09:25:19.842 [FXGL Background Thread 3 ] DEBUG Engine               - fontSizeScaleUI: 1.0
09:25:19.842 [FXGL Background Thread 3 ] DEBUG Engine               - fontText: Courier-Prime.ttf
09:25:19.842 [FXGL Background Thread 3 ] DEBUG Engine               - fontUI: VarelaRound-Regular.ttf
09:25:19.842 [FXGL Background Thread 3 ] DEBUG Engine               - fullScreen: BooleanProperty [value: true]
09:25:19.842 [FXGL Background Thread 3 ] DEBUG Engine               - gameDifficulty: MEDIUM
09:25:19.842 [FXGL Background Thread 3 ] DEBUG Engine               - gameDifficultyProperty: ObjectProperty [value: MEDIUM]
09:25:19.842 [FXGL Background Thread 3 ] DEBUG Engine               - globalMusicVolume: 0.5
09:25:19.842 [FXGL Background Thread 3 ] DEBUG Engine               - globalMusicVolumeProperty: DoubleProperty [value: 0.5]
09:25:19.842 [FXGL Background Thread 3 ] DEBUG Engine               - globalSoundVolume: 0.5
09:25:19.842 [FXGL Background Thread 3 ] DEBUG Engine               - globalSoundVolumeProperty: DoubleProperty [value: 0.5]
09:25:19.842 [FXGL Background Thread 3 ] DEBUG Engine               - height: 600
09:25:19.842 [FXGL Background Thread 3 ] DEBUG Engine               - is3D: false
09:25:19.843 [FXGL Background Thread 3 ] DEBUG Engine               - isAndroid: false
09:25:19.843 [FXGL Background Thread 3 ] DEBUG Engine               - isBrowser: false
09:25:19.843 [FXGL Background Thread 3 ] DEBUG Engine               - isClickFeedbackEnabled: false
09:25:19.843 [FXGL Background Thread 3 ] DEBUG Engine               - isCloseConfirmation: false
09:25:19.843 [FXGL Background Thread 3 ] DEBUG Engine               - isDesktop: true
09:25:19.843 [FXGL Background Thread 3 ] DEBUG Engine               - isDeveloperMenuEnabled: false
09:25:19.843 [FXGL Background Thread 3 ] DEBUG Engine               - isEmbedded: false
09:25:19.843 [FXGL Background Thread 3 ] DEBUG Engine               - isEntityPreloadEnabled: true
09:25:19.843 [FXGL Background Thread 3 ] DEBUG Engine               - isExperimentalTiledLargeMap: false
09:25:19.843 [FXGL Background Thread 3 ] DEBUG Engine               - isFileSystemWriteAllowed: true
09:25:19.843 [FXGL Background Thread 3 ] DEBUG Engine               - isFullScreenAllowed: true
09:25:19.843 [FXGL Background Thread 3 ] DEBUG Engine               - isFullScreenFromStart: true
09:25:19.843 [FXGL Background Thread 3 ] DEBUG Engine               - isGameMenuEnabled: true
09:25:19.843 [FXGL Background Thread 3 ] DEBUG Engine               - isIOS: false
09:25:19.843 [FXGL Background Thread 3 ] DEBUG Engine               - isIntroEnabled: false
09:25:19.843 [FXGL Background Thread 3 ] DEBUG Engine               - isLinux: false
09:25:19.843 [FXGL Background Thread 3 ] DEBUG Engine               - isMac: false
09:25:19.843 [FXGL Background Thread 3 ] DEBUG Engine               - isMainMenuEnabled: false
09:25:19.844 [FXGL Background Thread 3 ] DEBUG Engine               - isManualResizeEnabled: false
09:25:19.844 [FXGL Background Thread 3 ] DEBUG Engine               - isMobile: false
09:25:19.844 [FXGL Background Thread 3 ] DEBUG Engine               - isNative: false
09:25:19.844 [FXGL Background Thread 3 ] DEBUG Engine               - isPauseMusicWhenMinimized: true
09:25:19.844 [FXGL Background Thread 3 ] DEBUG Engine               - isPreserveResizeRatio: false
09:25:19.844 [FXGL Background Thread 3 ] DEBUG Engine               - isProfilingEnabled: false
09:25:19.844 [FXGL Background Thread 3 ] DEBUG Engine               - isScaleAffectedOnResize: true
09:25:19.844 [FXGL Background Thread 3 ] DEBUG Engine               - isSingleStep: false
09:25:19.844 [FXGL Background Thread 3 ] DEBUG Engine               - isUserProfileEnabled: false
09:25:19.844 [FXGL Background Thread 3 ] DEBUG Engine               - isWindows: true
09:25:19.844 [FXGL Background Thread 3 ] DEBUG Engine               - language: ObjectProperty [value: ENGLISH]
09:25:19.844 [FXGL Background Thread 3 ] DEBUG Engine               - menuKey: ESCAPE
09:25:19.844 [FXGL Background Thread 3 ] DEBUG Engine               - mouseSensitivity: 0.2
09:25:19.844 [FXGL Background Thread 3 ] DEBUG Engine               - notificationViewClass: class com.almasb.fxgl.notification.view.XboxNotificationView
09:25:19.844 [FXGL Background Thread 3 ] DEBUG Engine               - pixelsPerMeter: 50.0
09:25:19.844 [FXGL Background Thread 3 ] DEBUG Engine               - platform: WINDOWS
09:25:19.844 [FXGL Background Thread 3 ] DEBUG Engine               - prefHeightProperty: ReadOnlyDoubleProperty [value: 600.0]
09:25:19.844 [FXGL Background Thread 3 ] DEBUG Engine               - prefWidthProperty: ReadOnlyDoubleProperty [value: 800.0]
09:25:19.844 [FXGL Background Thread 3 ] DEBUG Engine               - profileDir: profiles/
09:25:19.844 [FXGL Background Thread 3 ] DEBUG Engine               - profileName: StringProperty [value: DEFAULT]
09:25:19.844 [FXGL Background Thread 3 ] DEBUG Engine               - randomSeed: -1
09:25:19.844 [FXGL Background Thread 3 ] DEBUG Engine               - runtimeInfo: RuntimeInfo(platform=WINDOWS, version=17.3, build=30.03.2023 11.49)
09:25:19.844 [FXGL Background Thread 3 ] DEBUG Engine               - saveFileExt: sav
09:25:19.844 [FXGL Background Thread 3 ] DEBUG Engine               - scaledHeightProp$fxgl: DoubleProperty [bound, value: 960.0]
09:25:19.844 [FXGL Background Thread 3 ] DEBUG Engine               - scaledWidthProp$fxgl: DoubleProperty [bound, value: 1536.0]
09:25:19.844 [FXGL Background Thread 3 ] DEBUG Engine               - sceneFactory: com.almasb.fxgl.app.scene.SceneFactory@3ddd9d50
09:25:19.844 [FXGL Background Thread 3 ] DEBUG Engine               - secondsIn24h: 60
09:25:19.844 [FXGL Background Thread 3 ] DEBUG Engine               - soundMenuBack: menu/back.wav
09:25:19.844 [FXGL Background Thread 3 ] DEBUG Engine               - soundMenuPress: menu/press.wav
09:25:19.844 [FXGL Background Thread 3 ] DEBUG Engine               - soundMenuSelect: menu/select.wav
09:25:19.844 [FXGL Background Thread 3 ] DEBUG Engine               - soundNotification: core/notification.wav
09:25:19.844 [FXGL Background Thread 3 ] DEBUG Engine               - stageStyle: DECORATED
09:25:19.844 [FXGL Background Thread 3 ] DEBUG Engine               - supportedLanguages: [ENGLISH, FRENCH, GERMAN, HUNGARIAN, RUSSIAN]
09:25:19.844 [FXGL Background Thread 3 ] DEBUG Engine               - ticksPerSecond: -1
09:25:19.844 [FXGL Background Thread 3 ] DEBUG Engine               - title: BvB
09:25:19.844 [FXGL Background Thread 3 ] DEBUG Engine               - urlGithub: https://github.com/AlmasB/FXGL
09:25:19.844 [FXGL Background Thread 3 ] DEBUG Engine               - urlLeaderboard: http://fxgl-top.herokuapp.com/
09:25:19.844 [FXGL Background Thread 3 ] DEBUG Engine               - urlPOM: https://raw.githubusercontent.com/AlmasB/FXGL/release/README.md
09:25:19.844 [FXGL Background Thread 3 ] DEBUG Engine               - userAppClass: class at.htl.blaetter_vs_beiser.Start
09:25:19.844 [FXGL Background Thread 3 ] DEBUG Engine               - version: 0.0
09:25:19.844 [FXGL Background Thread 3 ] DEBUG Engine               - versionCheckDays: 7
09:25:19.844 [FXGL Background Thread 3 ] DEBUG Engine               - width: 800
09:25:19.844 [FXGL Background Thread 3 ] DEBUG Engine               - Logging services
09:25:19.844 [FXGL Background Thread 3 ] DEBUG Engine               - class com.almasb.fxgl.app.services.FXGLAssetLoaderService
09:25:19.844 [FXGL Background Thread 3 ] DEBUG Engine               - class com.almasb.fxgl.app.FXGLApplication$GameApplicationService
09:25:19.844 [FXGL Background Thread 3 ] DEBUG Engine               - class com.almasb.fxgl.app.services.FXGLDialogService
09:25:19.844 [FXGL Background Thread 3 ] DEBUG Engine               - class com.almasb.fxgl.app.services.IOTaskExecutorService
09:25:19.844 [FXGL Background Thread 3 ] DEBUG Engine               - class com.almasb.fxgl.io.FileSystemService
09:25:19.844 [FXGL Background Thread 3 ] DEBUG Engine               - class com.almasb.fxgl.localization.LocalizationService
09:25:19.844 [FXGL Background Thread 3 ] DEBUG Engine               - class com.almasb.fxgl.app.services.SystemBundleService
09:25:19.844 [FXGL Background Thread 3 ] DEBUG Engine               - class com.almasb.fxgl.profile.SaveLoadService
09:25:19.844 [FXGL Background Thread 3 ] DEBUG Engine               - class com.almasb.fxgl.ui.FXGLUIFactoryServiceProvider
09:25:19.844 [FXGL Background Thread 3 ] DEBUG Engine               - class com.almasb.fxgl.ui.FXGLDialogFactoryServiceProvider
09:25:19.844 [FXGL Background Thread 3 ] DEBUG Engine               - class com.almasb.fxgl.audio.AudioPlayer
09:25:19.845 [FXGL Background Thread 3 ] DEBUG Engine               - class com.almasb.fxgl.notification.impl.NotificationServiceProvider
09:25:19.845 [FXGL Background Thread 3 ] DEBUG Engine               - class com.almasb.fxgl.achievement.AchievementService
09:25:19.845 [FXGL Background Thread 3 ] DEBUG Engine               - class com.almasb.fxgl.cutscene.CutsceneService
09:25:19.845 [FXGL Background Thread 3 ] DEBUG Engine               - class com.almasb.fxgl.minigames.MiniGameService
09:25:19.845 [FXGL Background Thread 3 ] DEBUG Engine               - class com.almasb.fxgl.net.NetService
09:25:19.845 [FXGL Background Thread 3 ] DEBUG Engine               - class com.almasb.fxgl.app.services.UpdaterService
09:25:19.845 [FXGL Background Thread 3 ] DEBUG Engine               - class com.almasb.fxgl.dev.DevService
09:25:43.932 [JavaFX Application Thread] DEBUG PrimaryStageWindow   - Pop state: GolfRangeScene
09:25:43.932 [JavaFX Application Thread] DEBUG Input                - Clearing active input actions
09:25:43.933 [JavaFX Application Thread] DEBUG GameApplicationServi - Removing overlay from GolfRangeScene and adding to GameScene
09:25:43.933 [JavaFX Application Thread] DEBUG PrimaryStageWindow   - GameScene <- GolfRangeScene
09:25:46.895 [JavaFX Application Thread] DEBUG FXGLAssetLoaderServi - Loading from file system: file:/C:/Users/grube/OneDrive%20-%20HTL%20Saalfelden/Desktop/Pos/Pos3/blaetter_vs_beiser/Blaetter_vs_Beiser/blaetter_vs_beiser/target/classes/assets/textures/Plants/Kirschgranate_spreadsheet.png
09:25:48.359 [JavaFX Application Thread] DEBUG PrimaryStageWindow   - Push state: GolfRangeScene
09:25:48.359 [JavaFX Application Thread] DEBUG Input                - Clearing active input actions
09:25:48.360 [JavaFX Application Thread] DEBUG GameApplicationServi - Removing overlay from GameScene and adding to GolfRangeScene
09:25:48.360 [JavaFX Application Thread] DEBUG PrimaryStageWindow   - GameScene -> GolfRangeScene
09:25:51.917 [JavaFX Application Thread] DEBUG FXGLApplication      - Exiting FXGL
09:25:51.917 [JavaFX Application Thread] DEBUG LoopRunner           - Stopping loop
09:25:51.917 [JavaFX Application Thread] DEBUG SystemBundleService  - Saving FXGL system data
09:25:51.920 [JavaFX Application Thread] DEBUG FileSystemAccess     - Writing to: C:\Users\grube\OneDrive - HTL Saalfelden\Desktop\Pos\Pos3\blaetter_vs_beiser\Blaetter_vs_Beiser\system\fxgl.bundle
09:25:51.924 [JavaFX Application Thread] DEBUG Async                - Shutting down background threads
09:25:51.924 [JavaFX Application Thread] DEBUG PrimaryStageWindow   - Closing main window
09:25:51.960 [JavaFX Application Thread] DEBUG Logger               - Closing Logger
